05:57:01 <Lotje> [NOSop3] Wekdienst: Ziggo, alcoholvrij bier en Lowlands - http://feeds.nos.nl/~r/nosop3/~3/joO8hJWOtMY/835269
06:28:01 <Lotje> [NOSop3] 'Het is hier net een openbaar crematorium' - http://feeds.nos.nl/~r/nosop3/~3/XletmcEKBnE/835278
06:28:02 <Lotje> [NOSop3] Mooi weer = vieze parken - http://feeds.nos.nl/~r/nosop3/~3/Guf6BqHRowU/835287
08:24:01 <Lotje> [Speld.nl] Wespenheul al na één dag failliet - http://speld.nl/2015/08/20/wespenheul-al-na-een-dag-failliet/
08:46:45 -!- Tigergirl_NL [~TigergirlNL@a0ace6.6204a9.8ef299.f0b601] has joined #dutch
10:38:22 <Jeebeevee> Hallo Wereld, wereld, wereld
11:25:10 <Iljan> 't is alleen #dutch hoor
11:27:15 <Jeebeevee> is ook al aardig een wereld opzich hoor
11:27:28 <Iljan> Pff
11:46:01 <Lotje> [NOSop3] Aanval op je provider? Zo krijg je weer verbinding - http://feeds.nos.nl/~r/nosop3/~3/T3pLbIgFu0s/835412
12:46:01 <Lotje> [NOSop3] Hoe kan je de liquidatiegolf stoppen? Misdaadexperts geven hun mening - http://feeds.nos.nl/~r/nosop3/~3/cnG-rjHpfxk/835457
14:24:01 <Lotje> [Speld.nl] Bijna niemand wil een hypotheek met aloë vera - http://speld.nl/2015/08/20/bijna-niemand-wil-een-hypotheek-met-aloe-vera/
14:53:41 -!- geejee_CZ [geejee_CZ@ScoutLink-74b38b2e.adsl-surfen.hetnet.nl] has joined #dutch
14:53:52 <geejee_CZ> hehoo
14:54:23 <Jeebeevee> he vakantieganger
15:02:41 <geejee_CZ> :)
15:16:01 <Lotje> [NOSop3] Dit zijn de slachtoffers van de Ashley Madison-hack - http://feeds.nos.nl/~r/nosop3/~3/YHPvK1WLebU/835526
15:31:02 <Lotje> [Nu.nl] 'Griekse premier Tsipras treedt af' - http://www.nu.nl/griekenland/4110019/griekse-premier-tsipras-treedt-af.html
15:46:01 <Lotje> [NOSop3] Ook for president: Deez Nuts - http://feeds.nos.nl/~r/nosop3/~3/LNA88nFuFsY/835534
16:39:01 <Lotje> [Speld.nl] CDA neemt verkiezingsbeloftes VVD over - http://speld.nl/2015/08/20/cda-neemt-verkiezingsbeloftes-vvd-over/
17:12:24 -!- arjo [~arjo@user.scoutlink.net] has joined #dutch
17:39:54 -!- arjo_x [~arjo@user.scoutlink.net] has joined #dutch
20:16:01 <Lotje> [NOSop3] Festival in je eigen blokhut - http://feeds.nos.nl/~r/nosop3/~3/p4TzsAb0D7o/835632
20:16:02 <Lotje> [NOSop3] Lowlands 'glampeerders' worden wakker op een boxspring - http://feeds.nos.nl/~r/nosop3/~3/6lOVrxDdHnU/835637
22:40:10 -!- firebird [~Thunderbird@ScoutLink-3aea9f7d.adsl.xs4all.nl] has joined #dutch
