05:31:01 <Lotje> [NOSop3] Wekdienst: brugongeluk Alphen, Donald Trump en MH370 - http://feeds.nos.nl/~r/nosop3/~3/JTCKdl23_i8/830614
05:47:22 -!- SDV_geejee [~ScoutLink@ScoutLink-9175bb8a.dynamic.ziggo.nl] has joined #dutch
05:47:28 -!- SDV_geejee [~ScoutLink@ScoutLink-9175bb8a.dynamic.ziggo.nl] has left #dutch
08:45:01 <Lotje> [Speld.nl] Wetenschap weet nog steeds niet waarom Madame Tussauds bezoekers heeft - http://speld.nl/2015/08/07/wetenschap-weet-nog-steeds-niet-waarom-madame-tussauds-bezoekers-heeft/
08:48:01 <Lotje> [Nu.nl] IS ontvoert zeker 230 christenen in Syrië - http://www.nu.nl/buitenland/4102416/ontvoert-zeker-230-christenen-in-syrie.html
09:37:35 -!- firebird [~Thunderbird@ScoutLink-3aea9f7d.adsl.xs4all.nl] has joined #dutch
09:56:24 -!- CM [~cybermage@ScoutLink-7b646520.xs4all.nl] has joined #dutch
10:04:41 -!- TheOmega [~SysCore@ScoutLink-d575816d.xs4all.nl] has joined #dutch
10:04:47 -!- Sciuro [~rogier@ircop.scoutlink.net] has joined #dutch
10:05:53 -!- gbot48 [~gbot48@3c9efd.e54023.7f1e85.49adda] has joined #dutch
10:39:16 -!- Wheeze_NL [~LPV@ScoutLink-d575816d.xs4all.nl] has joined #dutch
11:32:01 <Lotje> [NOSop3] 'Genoeg vrouwelijke gamers die een game willen spelen die bij hen past' - http://feeds.nos.nl/~r/nosop3/~3/gxd_uFBEgUg/830745
11:53:16 -!- chef_23wsj [~chef@473c89.588642.14df6b.257771] has joined #dutch
11:53:52 <chef_23wsj> hee dutchies groeten vanaf de wsj. we tellen de minuten af.
11:53:59 <Cybermage> groeten terug :)
11:54:15 <chef_23wsj> thanks.
11:57:10 -!- chef_23wsj [~chef@473c89.588642.14df6b.257771] has left #dutch
12:00:01 <Lotje> [Speld.nl] Vliegtuigpassagiers vertederd door non-stop huilende baby - http://speld.nl/2015/08/07/vliegtuigpassagiers-vertederd-door-non-stop-huilende-baby/
13:40:30 -!- Jeebeevee|AFK [~Jeebeevee@ircop.scoutlink.net] has joined #dutch
13:40:30 -!- Voske_ [voske@ScoutLink-83d78b2a.netforce-is.nl] has joined #dutch
13:53:13 -!- Douwe [~Egberts@ScoutLink-e40a8ee3.koffiejongen.org] has joined #dutch
13:55:06 -!- dodgems [~dodgems@6bed2d.d27e09.fe0239.4638f6] has joined #dutch
13:59:21 -!- Iljan|AFK [~iljan@ScoutLink-f2ce2e62.preimeisje.nl] has joined #dutch
14:03:01 <Lotje> [NOSop3] 'Nauwelijks controle op zuipketen' - http://feeds.nos.nl/~r/nosop3/~3/oEc0SG56nOs/830786
14:30:02 <Lotje> [Speld.nl] Dr. Dre heeft nieuw album maar wij hebben geen Apple Music dus kunnen we het niet luisteren - http://speld.nl/2015/08/07/dr-dre-heeft-nieuw-album-maar-wij-hebben-geen-apple-music-dus-kunnen-we-het-niet-luisteren/
14:33:01 <Lotje> [NOSop3] Jenson Button verdoofd en beroofd - http://feeds.nos.nl/~r/nosop3/~3/KVQ2WWyRvbI/830798
15:18:01 <Lotje> [Nu.nl] Frankrijk zoekt wrakstukken MH370 in Indische oceaan - http://www.nu.nl/buitenland/4102725/frankrijk-zoekt-wrakstukken-mh370-in-indische-oceaan.html
15:18:02 <Lotje> [Nu.nl] 'Humanitaire ramp dreigt in door burgeroorlog geteisterd Jemen' - http://www.nu.nl/buitenland/4102577/humanitaire-ramp-dreigt-in-burgeroorlog-geteisterd-jemen.html
15:18:08 -!- CM [~cybermage@ScoutLink-7b646520.xs4all.nl] has joined #dutch
18:02:01 -!- firebird [~Thunderbird@4ef1b0.5d536f.9cc53a.ba8d76] has joined #dutch
18:48:01 <Lotje> [NOSop3] Beveiligings-update voor Apple-baas - http://feeds.nos.nl/~r/nosop3/~3/RasJX-QxmzA/830898
20:17:59 -!- firebird [~Thunderbird@ScoutLink-3aea9f7d.adsl.xs4all.nl] has joined #dutch
20:18:01 <Lotje> [NOSop3] Gekke jongen met 3D-bril krijgt wereldreis - http://feeds.nos.nl/~r/nosop3/~3/XdT0xkPqIgE/830933
23:33:01 <Lotje> [Nu.nl] Levenslang voor bioscoopschutter VS - http://www.nu.nl/buitenland/4102888/levenslang-bioscoopschutter-vs.html
