02:45:07 -!- Cybermage [~cybermage@ScoutLink-7b646520.xs4all.nl] has joined #dutch
08:06:01 <Lotje> [NOSop3] Wekdienst: ontploffing China, boetes Frankrijk, T-Mobile en Utrecht - http://feeds.nos.nl/~r/nosop3/~3/IW1w3sFzw5o/833513
09:13:33 -!- JJ2015_nick1 [~ScoutLink@ScoutLink-01bd7277.direct-adsl.nl] has joined #dutch
09:14:05 <arjo> Hey
09:21:12 <Cybermage> morgen arjo
10:01:01 <Lotje> [Speld.nl] Tante Lien heeft inspirerende teksten op Facebook niet zelf verzonnen - http://speld.nl/2015/08/15/tante-lien-heeft-inspirerende-teksten-op-facebook-niet-zelf-verzonnen/
10:37:01 <Lotje> [Nu.nl] Nederland herdenkt oorlogsslachtoffers Nederlands-Indië in Den Haag - http://www.nu.nl/binnenland/4106897/nederland-herdenkt-oorlogsslachtoffers-nederlands-indie-in-haag.html
12:41:03 -!- Douwe [~Egberts@ScoutLink-e40a8ee3.koffiejongen.org] has joined #dutch
13:56:48 -!- Timmy [~Timmy@93dea467:b65677c4:79b3114a] has joined #dutch
14:07:01 <Lotje> [NOSop3] Vrouw met kind krijgt hulp via Humans of New York - http://feeds.nos.nl/~r/nosop3/~3/UEtz6tt9QVY/833625
17:55:43 <Timmy> 't is wel stil hier... (echo)
17:55:52 <Cybermage> echo terug :)
17:56:16 <Timmy> h?, dat was snel :o
17:58:22 <Cybermage> lette ff op :)
18:36:00 -!- Roelke [~Roelke@ScoutLink-0b56728b.nl] has joined #dutch
19:04:02 -!- patate [~patate@18e60e.b2ceb1.a65fda.9d5ea2] has joined #dutch
20:10:02 <Lotje> [Nu.nl] Illegalen op zeiljacht in haven IJmuiden - http://www.nu.nl/binnenland/4107222/illegalen-zeiljacht-in-haven-ijmuiden.html
21:06:24 -!- Wheeze_NL [~LPV@ScoutLink-d575816d.xs4all.nl] has joined #dutch
21:06:24 -!- caber [~pd0tik@ScoutLink-d575816d.xs4all.nl] has joined #dutch
22:01:10 -!- CM [~cybermage@ScoutLink-7b646520.xs4all.nl] has joined #dutch
22:41:33 -!- Cybermage [~cybermage@ScoutLink-7b646520.xs4all.nl] has joined #dutch
