04:59:35 -!- Douwe [~Egberts@ScoutLink-e40a8ee3.koffiejongen.org] has joined #dutch
05:04:26 -!- Voske [voske@ScoutLink-83d78b2a.netforce-is.nl] has joined #dutch
05:04:26 -!- Iljan|AFK [~iljan@ircop.scoutlink.net] has joined #dutch
05:06:04 -!- Voske_ [voske@ScoutLink-83d78b2a.netforce-is.nl] has joined #dutch
05:06:06 -!- Iljan|AF1 [~iljan@ScoutLink-f2ce2e62.preimeisje.nl] has joined #dutch
05:18:01 <Lotje> [Nu.nl] VVD wil frauderende pgb-bemiddelaars op zwarte lijst - http://www.nu.nl/politiek/4079090/vvd-wil-frauderende-pgb-bemiddelaars-zwarte-lijst.html
05:18:02 <Lotje> [Nu.nl] Deadline terugbetalen lening Grieken aan IMF verstreken - http://www.nu.nl/algemeen/4079171/deadline-terugbetalen-lening-grieken-imf-verstreken.html
06:03:02 <Lotje> [NOSop3] Tik tak, nu zijn de Grieken wanbetaler - http://feeds.nos.nl/~r/nosop3/~3/0wnSFSWCaq4/816092
06:03:02 <Lotje> [NOSop3] Wekdienst: Grieken wanbetalers, Schilderswijk onrustig - http://feeds.nos.nl/~r/nosop3/~3/HUI4r6cjgBk/816103
06:33:01 <Lotje> [NOSop3] Smart living, domotica - http://feeds.nos.nl/~r/nosop3/~3/uhMBQEuLY_o/816114
06:33:02 <Lotje> [NOSop3] Smart Living: wel slim, niet helemaal veilig - http://feeds.nos.nl/~r/nosop3/~3/lUoX36Z3R7I/816117
06:52:54 <Sciuro> Goedemorgen allemaal!!!
08:21:24 <floepa> goedemorgen
08:23:23 <floepa> watsapp is ineens donkergroen-_-`
08:24:27 <caber> hi
08:24:33 <caber> oei
08:24:49 <caber> whatsapp donkergroen, snel! stap over op Telegram
08:25:21 <caber> Telegram biedt tegenwoordig API's btw, ik zal eens kijken of ik het krijg omgebouwd naar IRC
08:32:20 <Sciuro> Geen idee, bij mij is hij gewoon wit.
08:48:02 <Lotje> [Nu.nl] AIVD moet stoppen met afluisteren advocaten en cliënten - http://www.nu.nl/binnenland/4079319/aivd-moet-stoppen-met-afluisteren-advocaten-en-clienten.html
09:07:01 <Lotje> [Speld.nl] Hoe bereid je huisdieren voor op een Grexit? - http://speld.nl/2015/07/01/hoe-bereid-je-huisdieren-voor-op-een-grexit/
10:11:33 -!- firebird [~Thunderbird@ScoutLink-3aea9f7d.adsl.xs4all.nl] has joined #dutch
10:14:05 * Sciuro gaat eens naar kantoor/airoco vluchten.
10:22:02 <Lotje> [Speld.nl] Nederland schaft slavernijverleden af - http://speld.nl/2015/07/01/nederland-schaft-slavernijverleden-af/
10:24:05 <Jeebeevee> Hallo Wereld, wereld, wereld
10:39:26 <floepa> oink remi:)
10:48:02 <Lotje> [Nu.nl] Dood Arubaan in Den Haag waarschijnlijk door optreden politie - http://www.nu.nl/binnenland/4079430/dood-arubaan-in-haag-waarschijnlijk-optreden-politie.html
11:01:54 <floepa> maar eens nuttig een zomerkamp draaiboek maken:)
11:03:19 <Jeebeevee> om hem op de eerste dag van het zomerkamp weer weg te gooien?
11:05:10 <floepa> nee we gebruiken uhm meestal wel :P 
11:30:40 -!- firebird [~Thunderbird@ScoutLink-3aea9f7d.adsl.xs4all.nl] has joined #dutch
11:33:01 <Lotje> [NOSop3] Happy new half year: het nieuwsoverzicht - http://feeds.nos.nl/~r/nosop3/~3/hDpTyP_-9l8/816265
11:33:02 <Lotje> [NOSop3] Voorvechters van het homohuwelijk vieren feest - http://feeds.nos.nl/~r/nosop3/~3/siAiuEBmPGQ/814318
11:33:03 <Lotje> [NOSop3] Zandvoort in de ban van Max Verstappen - http://feeds.nos.nl/~r/nosop3/~3/jhWQxESAo00/815065
13:33:02 <Lotje> [NOSop3] Ramadan in de tropische hitte: hoe doe je dat? - http://feeds.nos.nl/~r/nosop3/~3/c6XlfsUbJx4/816328
13:52:01 <Jeebeevee> !koffie
13:52:01 * Proton pours Jeebeevee a cup of Latte macchiato
14:03:01 <Lotje> [Nu.nl] Van der Steur roept Schilderswijk op ‘kalm te blijven’ - http://www.nu.nl/politiek/4079657/van-steur-roept-schilderswijk-kalm-blijven.html
14:34:06 <Sciuro> Goedemiddag allemaal!
15:03:25 <Roelke> hey Sciuro 
15:04:13 <Sciuro> hoi Roelke!
15:04:29 <Roelke> Ja, het was de bekende plek voor ijsjes ;) 
15:04:52 <Sciuro> had al zo een idee ja
15:04:57 -!- firebird [~Thunderbird@4ef1b0.5d536f.9cc53a.ba8d76] has joined #dutch
15:14:02 -!- firebird [~Thunderbird@4ef1b0.5d536f.9cc53a.ba8d76] has joined #dutch
15:17:49 <Jeebeevee> hmm ijsje lekker
15:24:36 <floepa> heb vandaag een ijsje voor cooper gemaakt,, benieuwd of die t ook lekker vind:)
15:41:51 <Sciuro> lees net dat ze hier vanmorgen ijs hebben lopen uitdelen. Helaas gemist.
16:32:20 <Jeebeevee> das wel jammer ja
16:45:47 <Sciuro> Zo, dat was avondeten
16:58:31 <Jeebeevee> en heeft het gesmaakt?
16:59:57 <Sciuro> ja hoor, macaronie, zelf gemaakt.
17:00:50 <Jeebeevee> klinkt goed
17:01:03 <Jeebeevee> ik had spareribs, laten bestellen
17:05:42 <floepa> ohhh yammie
17:07:22 <floepa> wij hadden bami:)
17:09:09 <Jeebeevee> ook lekker
17:16:53 <floepa> maar eigenlijk is t geen weer om te koken,, vies zweet-_-`
17:18:02 <Lotje> [Nu.nl] Eurolanden wachten Grieks referendum af - http://www.nu.nl/economie/4079795/eurolanden-wachten-grieks-referendum-af.html
17:18:03 <Lotje> [NOSop3] Video van arrestatie Arubaanse man (Bron: GeenStijl) - http://feeds.nos.nl/~r/nosop3/~3/qHLmlgbAhKw/815360
17:18:04 <Lotje> [NOSop3] Antilliaan oogt levenloos bij politiebusje - http://feeds.nos.nl/~r/nosop3/~3/dpn7XiN-PIs/815437
17:18:05 <Lotje> [NOSop3] 'Vroeger kwam politiegeweld veel vaker voor' - http://feeds.nos.nl/~r/nosop3/~3/DF2AokQHCcM/816427
17:30:53 <Sciuro> zit hier binnen in de airco
17:33:04 <Jeebeevee> lekker he
17:33:14 <floepa> mjah die heb ik niet:P
17:36:15 <floepa> ik kan me boek niet vinden-_-`
17:46:24 -!- firebird [~Thunderbird@ScoutLink-3aea9f7d.adsl.xs4all.nl] has joined #dutch
19:04:25 <Sciuro> doei Jeebeevee|AFK 
19:07:27 * Sciuro zet een krat bier in #dutch neer.
19:18:01 <Lotje> [NOSop3] Google Photo tagt zwarte vrouw als gorilla - http://feeds.nos.nl/~r/nosop3/~3/60OMxpcZHvo/816461
19:20:06 -!- firebird [~Thunderbird@ScoutLink-18068574.ip.telfort.nl] has joined #dutch
20:01:18 <caber> hoi
20:03:09 <Sciuro> hoi caber 
20:08:36 <caber> qhoi
20:15:52 <geejee> hey caber
20:41:19 <Sciuro> Zo, sein meester. Ik ga naar huis, genoeg gewerkt vandaag!
21:33:02 <Lotje> [NOSop3] 'Bij alle Grieken leeft een ongekende angst voor morgen, de volgende dag' - http://feeds.nos.nl/~r/nosop3/~3/kJ1OPvc2q-0/816526
23:00:35 -!- firebird [~Thunderbird@ScoutLink-3aea9f7d.adsl.xs4all.nl] has joined #dutch
