07:18:01 <Lotje> [Nu.nl] Zomerse week op komst met donderdag tropisch weer - http://www.nu.nl/binnenland/4103315/zomerse-week-komst-met-donderdag-tropisch-weer.html
07:43:52 -!- firebird [~Thunderbird@ScoutLink-3aea9f7d.adsl.xs4all.nl] has joined #dutch
07:48:01 <Lotje> [NOSop3] Beelden van supporters in Den Haag - http://feeds.nos.nl/~r/nosop3/~3/Gen4bfsAsfo/831227
07:48:02 <Lotje> [NOSop3] Japan herdenkt atoombom Nagasaki - http://feeds.nos.nl/~r/nosop3/~3/y917tyZTDFo/831353
07:48:03 <Lotje> [NOSop3] Wekdienst: Ferguson, casino Venray en ADO Den Haag - http://feeds.nos.nl/~r/nosop3/~3/rNUi1pwu-yI/831356
08:12:20 <Jeebeevee> Hallo Wereld, wereld wereld
08:32:47 -!- geejee [geejee@ircop.scoutlink.net] has joined #dutch
08:32:56 <geejee> hehoo
08:35:43 <Jeebeevee> hoi geejee , lekker van je vakantie aan het genieten?
08:48:34 <geejee> uhu
08:49:56 <geejee> tis goed warm hier :)
08:51:28 <geejee> ah ik hoor dat we gaan vertrekken richting de dierentuin, tot later
08:51:34 <Jeebeevee> veel plezier
08:51:38 <geejee> thnx
08:51:39 <Jeebeevee> zweetze
08:51:46 <geejee> komt goed
10:18:03 <Lotje> [NOSop3] Strandtent doneert omzet aan ALS-stichting - http://feeds.nos.nl/~r/nosop3/~3/0M9fD0bovdQ/831394
11:43:09 <Jeebeevee> !nu
11:43:10 <Lotje> [Nu.nl] Vrachtwagen vol vluchtelingen in Londen gestopt - http://www.nu.nl/buitenland/4103396/vrachtwagen-vluchtelingen-in-londen-gestopt.html
11:43:11 <Lotje> [Nu.nl] Afsluitdijk deels dicht na ongeval met meerdere voertuigen - http://www.nu.nl/binnenland/4103407/afsluitdijk-deels-dicht-ongeval-met-meerdere-voertuigen.html
11:43:12 <Lotje> [Nu.nl] Zomerse week op komst met donderdag tropisch weer - http://www.nu.nl/binnenland/4103315/zomerse-week-komst-met-donderdag-tropisch-weer.html
11:47:01 <Lotje> [Speld.nl] Hét geheim voor een vijandig huwelijk - http://speld.nl/2015/08/09/het-geheim-voor-een-vijandig-huwelijk/
13:37:31 <Jeebeevee> !koffie
13:37:31 * gbot48 pours Jeebeevee a cup of Coffee cabinet
14:04:01 <Lotje> [Nu.nl] Nog twee Israëliërs cel in om dood Palestijnse man en kind - http://www.nu.nl/buitenland/4103481/nog-twee-israeliers-cel-in-dood-palestijnse-man-en-kind.html
18:05:59 -!- Roelke [~Roelke@ScoutLink-0b56728b.nl] has joined #dutch
19:01:19 <Jeebeevee> Goedenavond
19:02:20 <Cybermage> goedeavond
19:15:23 <Jeebeevee> beetje een goed weekend gehad?
19:15:35 <Cybermage> ow ja hoor alleen gaat zo snel voorbij
19:15:45 <Jeebeevee> das het meestal met een weekend he
19:26:26 -!- Peerke_NL [Mibbit@ScoutLink-dc7a6861.adsl.online.nl] has joined #dutch
19:26:42 <Peerke_NL> Gezellig weer hier:P
19:26:49 <Cybermage> tuulijk altijd ;)
19:26:58 <Peerke_NL> Oh er leeft in ieder geval iemand :P
19:35:58 <Jeebeevee> ja zeker
19:36:07 <Jeebeevee> al ga ik net afsluiten
19:36:10 <Jeebeevee> tot later
19:40:44 * Cybermage gaat slapen
19:40:48 <Cybermage> weltrusten 
20:39:08 -!- Peerke_NL [Peerke_NL@e2c8a4.c75894.3906b8.bbcf22] has joined #dutch
22:56:08 -!- firebird [~Thunderbird@4ef1b0.5d536f.9cc53a.ba8d76] has joined #dutch
