06:45:06 -!- floepa [~info@ScoutLink-74b38b2e.adsl-surfen.hetnet.nl] has joined #dutch
07:04:33 <caber> GOEDEMORGEN :D
08:18:01 <Lotje> [NOSop3] Wekdienst: regels voor festivals, roze- en zwarte zaterdag - http://feeds.nos.nl/~r/nosop3/~3/NBoR5cUspWI/828287
08:48:01 <Lotje> [NOSop3] 'Meer basejumpers = meer doden' - http://feeds.nos.nl/~r/nosop3/~3/0RZfAJcOGdo/828317
10:06:23 -!- Wheeze_NL [~LPV@ScoutLink-d575816d.xs4all.nl] has joined #dutch
10:06:24 -!- TheOmega [~SysCore@ScoutLink-d575816d.xs4all.nl] has joined #dutch
10:48:02 <Lotje> [Nu.nl] 'Maandag weer tropisch warm weer in Nederland' - http://www.nu.nl/binnenland/4099073/maandag-weer-tropisch-warm-weer-in-nederland.html
10:54:01 <Lotje> [Speld.nl] Orthodoxe homo pleegt valse opmerking op Gay Pride - http://speld.nl/2015/08/01/orthodoxe-homo-pleegt-valse-opmerking-op-gay-pride/
14:51:46 -!- Cybermage [~cybermage@a3f0a1.741a35.40aa60.aeaeb0] has joined #dutch
15:04:01 <Lotje> [NOSop3] Alles wat je vandaag moet weten over #Cecil en Walter Palmer - http://feeds.nos.nl/~r/nosop3/~3/ity1vhh95iQ/828412
15:12:09 -!- geejee [~ScoutLink@ircop.scoutlink.net] has joined #dutch
15:12:16 <geejee> hehoo
15:22:10 <Cybermage> goedemiddag
15:22:26 <geejee> hey Cybermage
15:34:01 <Lotje> [NOSop3] Britse regering wil lachgas verbieden: gegiechel voor het parlement - http://feeds.nos.nl/~r/nosop3/~3/Zk16uZ3XRoU/828417
17:22:03 -!- geejee [~ScoutLink@ircop.scoutlink.net] has joined #dutch
17:22:14 <geejee> hehoo
17:30:05 <Cybermage> avond geejee
18:45:56 -!- firebird [~Thunderbird@ScoutLink-3aea9f7d.adsl.xs4all.nl] has joined #dutch
18:52:51 <Jeebeevee> Goedenavond allemaal
19:30:15 <Cybermage> avond Jeebeevee
19:36:07 <Jeebeevee> heb je een beetje een fijn weekend?
19:36:14 <Cybermage> ow ja hoor
19:36:31 <Cybermage> beetje aan het experimenten met streamen van games
19:37:10 <Jeebeevee> ah leuk
19:37:15 <Jeebeevee> met obs?
19:37:27 <Cybermage> nope met steam zelf
19:37:35 <Jeebeevee> ah
19:37:37 <Cybermage> daar kan je ook mee streamen
19:37:50 <Jeebeevee> i know
19:37:57 <Cybermage> werkt erg goed alleen merk wel dat mijn videokaart wat aan de oude kant is
19:38:19 <Cybermage> en de controler laat de wensen wat over
19:38:21 <Jeebeevee> dat probleem ken ik
19:39:11 <Cybermage> heb nu een kleine keyboard met een muisbal erop
19:39:13 <Cybermage> dat werkt NIET
19:39:38 <Jeebeevee> kan het me voorstellen, lijkt me niet lekker werken
19:40:03 <Cybermage> http://store.steampowered.com/universe/controller/
19:40:07 <Cybermage> dit gaat hem wel worden :)
19:40:10 <Cybermage> als ie uit is
19:41:31 <Jeebeevee> ziet er leuk uit
19:44:14 <Cybermage> denk dat dat wel de toekomst gaat worden
19:44:23 <Cybermage> moet zeggen zag er verder erg goed uit op tv
19:45:40 <Cybermage> en simpel op te zetten
19:45:52 <Cybermage> makkelijker dan concurende systemen
19:47:51 <Jeebeevee> ah
19:47:59 * Jeebeevee gaat er vandoor, tot later
21:05:55 -!- Roelke [~Roelke@ScoutLink-0b56728b.nl] has joined #dutch
