03:10:01 <Lotje> [Nu.nl] Minister Kamp wil gas uit Noordzee winnen - http://www.nu.nl/politiek/4104900/minister-kamp-wil-gas-noordzee-winnen.html
03:46:41 <Sciuro> Goedemiddag allemaal!!!!
05:26:01 <Lotje> [NOSop3] Rellen in Salou na dood Senegalees - http://feeds.nos.nl/~r/nosop3/~3/XVV0j13r1eM/832317
05:26:02 <Lotje> [NOSop3] Wekdienst: Salou, boren en juweliersvrouw - http://feeds.nos.nl/~r/nosop3/~3/M7kALPuBirI/832349
05:56:02 <Lotje> [NOSop3] Het internet is vol en Nederland loopt achter met de oplossing - http://feeds.nos.nl/~r/nosop3/~3/rNapXbiEZf4/832355
06:24:19 <geejee> morgen Sciuro
06:50:51 <Sciuro> Zitten al aan het bier hoor :)
07:59:01 <Lotje> [Nu.nl] Miljoen mensen in Myanmar getroffen door moesson - http://www.nu.nl/buitenland/4104994/miljoen-mensen-in-myanmar-getroffen-moesson.html
07:59:02 <Lotje> [Nu.nl] Minister ziet geen reden voor excuses aan MH17-expert - http://www.nu.nl/politiek/4105005/minister-ziet-geen-reden-excuses-mh17-expert.html
07:59:03 <Lotje> [Nu.nl] Juweliersvrouw Deurne wordt definitief niet vervolgd - http://www.nu.nl/binnenland/4105013/juweliersvrouw-deurne-wordt-definitief-niet-vervolgd.html
08:23:03 <Lotje> [Speld.nl] Blunderende Trump zegt iets aardigs over een vrouw - http://speld.nl/2015/08/12/blunderende-trump-zegt-iets-aardigs-over-een-vrouw/
08:30:01 <Lotje> [NOSop3] Zo regel je een jaar lang gratis pizza's - http://feeds.nos.nl/~r/nosop3/~3/WFtqtzGOzw8/832383
10:36:33 <Jeebeevee> Hallo Wereld, wereld, wereld
11:39:02 <Lotje> [Speld.nl] Wat ik leerde van een jaar lang autorijden met mn ogen dicht - http://speld.nl/2015/08/12/wat-ik-leerde-van-een-jaar-lang-autorijden-met-mn-ogen-dicht/
12:16:41 <Jeebeevee> .ping
12:16:46 <Jeebeevee> !koffie
12:16:46 * gbot48 pours Jeebeevee a cup of Mustang Coffee
14:45:29 -!- firebird [~Thunderbird@ScoutLink-3aea9f7d.adsl.xs4all.nl] has joined #dutch
15:02:01 <Lotje> [Nu.nl] Verkeer loopt vast rond Rotterdam - http://www.nu.nl/binnenland/4105325/verkeer-loopt-vast-rond-rotterdam.html
15:02:02 <Lotje> [Nu.nl] Politie heeft aangifte verpleegster Waalwijk niet goed ingeschat  - http://www.nu.nl/binnenland/4105321/politie-heeft-aangifte-verpleegster-waalwijk-niet-goed-ingeschat-.html
15:48:28 -!- Cybermage [~cybermage@a3f0a1.741a35.40aa60.aeaeb0] has joined #dutch
15:56:30 <Jeebeevee> goedenavond Cybermage 
15:57:06 <Cybermage> avond Jeebeevee
16:32:01 <Lotje> [NOSop3] Chinese yuan minder waard: dag Prada en Gucci? - http://feeds.nos.nl/~r/nosop3/~3/XBUU2ilpbC8/832513
17:02:03 <Lotje> [NOSop3] Hoe lang heb je? - http://feeds.nos.nl/~r/nosop3/~3/enfKb7XUnso/832523
17:02:04 <Lotje> [NOSop3] Gestoken door een wesp: hoelang heb je? - http://feeds.nos.nl/~r/nosop3/~3/HNlUK4l3P7g/832526
18:35:59 -!- Roelke [~Roelke@ScoutLink-0b56728b.nl] has joined #dutch
19:03:01 <Lotje> [NOSop3] Hoe en waar kijk ik naar de sterrenregen? - http://feeds.nos.nl/~r/nosop3/~3/sdvuhlxGhCw/832570
20:33:01 <Lotje> [NOSop3] De luxe-belasting op tampons is 'bloody expensive' - http://feeds.nos.nl/~r/nosop3/~3/rkvzJNH1oeE/832600
20:47:12 -!- caber [~pd0tik@ScoutLink-d575816d.xs4all.nl] has joined #dutch
20:47:42 -!- Wheeze_NL [~LPV@ScoutLink-d575816d.xs4all.nl] has joined #dutch
