02:37:02 <Lotje> [Nu.nl] Slecht weer maakt bergingswerk toestel Trigana Air lastig - http://www.nu.nl/buitenland/4108820/slecht-weer-maakt-bergingswerk-toestel-trigana-air-lastig.html
02:37:03 <Lotje> [Nu.nl] Vermisten na aardverschuivingen Alaska - http://www.nu.nl/buitenland/4108819/vermisten-aardverschuivingen-alaska.html
04:07:02 <Lotje> [Nu.nl] Minder drugs bij meer vangsten bij douane aangetroffen - http://www.nu.nl/binnenland/4108495/minder-drugs-bij-meer-vangsten-bij-douane-aangetroffen.html
05:52:02 <Lotje> [NOSop3] Wekdienst: Ziggo, boetes A2, Sail en Sint-Maarten - http://feeds.nos.nl/~r/nosop3/~3/L6rz1yfuZbE/834863
06:22:01 <Lotje> [NOSop3] Dit is de route - http://feeds.nos.nl/~r/nosop3/~3/6VAh2qgzIlQ/834865
06:22:02 <Lotje> [NOSop3] Grootste Nederlandse poolexpeditie vertrekt - http://feeds.nos.nl/~r/nosop3/~3/ZYjOMR0C6uY/834870
07:07:09 <caber> hee hoi hallo!
07:13:41 <Sciuro> hoi caber 
07:15:36 <caber> hoi Sciuro 
07:15:45 <caber> alweer helemaal uitgepakt?
07:26:34 <Sciuro> jawel, nog wat dingen schoonmaken, maar verder wel ja
07:34:13 <Iljan> Iemand van jullie heeeeeeel toevallig ervaring met cloudflare?
07:42:55 <Sciuro> geen directe ervaring mee.
07:53:01 <Lotje> [NOSop3] Hackers zetten 32 miljoen vreemdgangers online - http://feeds.nos.nl/~r/nosop3/~3/AFCrUApvcyI/834892
08:00:40 <Iljan> Ojee, nu sta je online Lotje!
08:14:33 <caber> oei oei
08:14:48 <caber> Iljan: geen directe ervaring, alleen haat aan cloudflare
08:14:58 <caber> maar het lijkt voor veel mensen goed te werken
08:22:01 <Lotje> [Speld.nl] Liveblog SAIL 2015 - http://speld.nl/2015/08/19/liveblog-sail-2015/
08:39:11 <Iljan> Hoezo haat dan caber ?
08:40:01 <caber> omdat het het internet centraliseert
08:40:15 <caber> je kent me toch, ik ben een principele vijfitger met een baard
08:40:38 <caber> die het leven moe is en dus zijn idealen heeft ingeruild voor principe's
08:41:30 <caber> plus moet ik voor cloudflare steeds CHAPTA's invullen - en dat alleen maar omdat is Tor gebruik - grmbl :P
08:41:38 <caber> s/is/ik
08:50:08 -!- firebird [~Thunderbird@ScoutLink-3aea9f7d.adsl.xs4all.nl] has joined #dutch
08:50:47 <Iljan> Gebruik dan geen Tor :)
09:04:33 -!- Floep [~yaaic@d7d183.390167.12cbef.daef43] has joined #dutch
09:04:43 <Floep> goedemorgen:) 
09:18:13 <geejee_CZ> morgen lief
09:38:29 <Sciuro> als je principes hebt, dan moet je sites met cloudflare gewoon niet gebruiken. Heb je er ook geen last van.
09:50:47 -!- firebird [~Thunderbird@ScoutLink-3aea9f7d.adsl.xs4all.nl] has joined #dutch
10:22:02 <Lotje> [Speld.nl] Politie: alerter zijn op exen, vooral op Sonja - http://speld.nl/2015/08/19/politie-alerter-zijn-op-exen-vooral-op-sonja/
10:28:37 <Jeebeevee> Hallo Wereld, wereld, wereld
10:40:02 <Lotje> [Nu.nl] Diverse partijen willen af van onduidelijkheid A2 - http://www.nu.nl/politiek/4109040/diverse-partijen-willen-af-van-onduidelijkheid-a2.html
11:15:34 <Sciuro> hoi wereld...
11:15:51 <Sciuro> Dag vrede wereld....
11:18:57 <Jeebeevee> hoi Sciuro 
11:24:31 <wereld> allow vreemde Sciuro 
11:25:42 <wereld> o wacht, vrede, geen vreemde...
11:25:54 <wereld> dag vrede Sciuro!
11:30:10 <Sciuro> het is een vrede wereld idd. :)
11:30:28 <Sciuro> hoi wereld!
11:31:26 <Sciuro> hoe groot is jouw wereld?
11:51:37 <Jeebeevee> letterlijk of figuurlijk
11:59:47 <Sciuro> Wat jij zelf wilt
12:08:35 <Jeebeevee> ik wil vakantie
12:18:07 <Sciuro> ik ook. Heb al bijna weer drie dagen gewerkt...
12:18:35 <Jeebeevee> ja dna is het er wel weer tijd voor
12:27:55 <Iljan> |___| <-- bed. Welterusten.
12:36:52 <Sciuro> truste Iljan 
12:55:01 <Lotje> [NOSop3] Gijzelaar Charlie Hebdo klaagt Franse media aan - http://feeds.nos.nl/~r/nosop3/~3/aA_ZqVdiFJY/835019
14:22:24 <Iljan> toppunt van lef http://nos.nl/artikel/2052796-neparts-gaf-les-op-politieacademie-apeldoorn.html
14:30:18 <Iljan> Mocht je je afvragen wat Jeebeevee zit te eten... "Geroosterde groente met gorgonzola en gegrilde entrecote"
14:31:12 <Iljan> Toch benieuwd hoe ze die roosters in die groente krijgen.
14:55:01 <Lotje> [NOSop3] Belgische politie monitort Pukkelpopgangers op social media - http://feeds.nos.nl/~r/nosop3/~3/8KSjhkiJM1U/835077
15:10:06 <Jeebeevee> was lekker
15:45:13 -!- Floep [~yaaic@d7d183.390167.12cbef.daef43] has joined #dutch
15:45:18 <Floep> Oink :) 
15:45:23 <Jeebeevee> heeee Vakantieganger
15:45:44 <Floep> Oink Remi 
15:46:19 <Jeebeevee> ben niet remi, zit hier gezellig met mijn collega's
15:46:55 <Floep> ohh sorry hoor,, Oink jbv 
15:49:29 <Floep> we kunnen ongeveer 2 meter buiten zien... tis een beetje mistig
15:52:01 <Lotje> [Speld.nl] Huilende TELEGRAAF verder zonder RAFAEL en SYLVIE! - http://speld.nl/2015/08/19/huilende-telegraaf-verder-zonder-rafael-en-sylvie/
15:54:04 -!- arjo [~arjo@user.scoutlink.net] has joined #dutch
15:54:31 <Jeebeevee> gezellig knus dus
15:54:34 <Jeebeevee> hoi arjo 
15:55:28 <Floep> Uhu onder staat de openhaard aan,, om hamburgers op te bakken
15:58:26 <Jeebeevee> moet je daar niet naast gaan zitten dan 
15:58:56 <Floep> kelder is kkkkkoud 
16:01:05 <Floep> kan net zo goed hier ook de openhaard aanmaken:) 
16:02:53 <Jeebeevee> wat let je
16:03:59 <Floep> hout halen:p 
16:04:43 <Jeebeevee> kun je ook best doen, wordt je ook warm van
16:18:35 <Floep> al beneden:) 
16:32:57 <arjo> hey
16:38:47 <Jeebeevee> hoe ist met arjo ?
16:39:12 <arjo> goed hoor, net klaar met de afwas
16:39:23 <arjo> en met jou?
16:39:46 <Floep> telefoon leeg...
16:40:02 <Jeebeevee> ja goed, helaas de vakantie al weer over
17:11:01 <Lotje> [NOSop3] Zo ziet de Sail-In parade er uit vanuit de lucht - http://feeds.nos.nl/~r/nosop3/~3/MShsn4sS4aI/835171
18:11:01 <Lotje> [NOSop3] Hét robotgevecht van de eeuw: VS tegen Japan - http://feeds.nos.nl/~r/nosop3/~3/9Wq7ZitTcVk/835178
18:41:01 <Lotje> [Nu.nl] Frankrijk en Groot-Brittannië komen met plan tegen problemen Calais - http://www.nu.nl/buitenland/4109422/frankrijk-en-groot-brittannie-komen-met-plan-problemen-calais.html
19:41:03 <Lotje> [NOSop3] Russische trollenfabriek vs. vrijheidsstrijders: 0 - 1 - http://feeds.nos.nl/~r/nosop3/~3/2xglbVATyJ4/835200
21:57:02 <Lotje> [Nu.nl] Onrust in St. Louis na dood zwarte man - http://www.nu.nl/buitenland/4109499/onrust-in-st-louis-dood-zwarte-man.html
