05:34:01 <Lotje> [NOSop3] "Ik geloof wel dat ze erg hun best doen" - http://feeds.nos.nl/~r/nosop3/~3/pXKGha6XI9I/829644
05:34:02 <Lotje> [NOSop3] Wekdienst: Alphen, Ajax en Kermit & Miss Piggy uit elkaar - http://feeds.nos.nl/~r/nosop3/~3/he2NbpgF7EQ/829718
06:04:01 <Lotje> [NOSop3] De politie neemt vaak onterecht speelgoedwapens in beslag - http://feeds.nos.nl/~r/nosop3/~3/LOjpHACVYI4/829730
07:04:03 <Lotje> [Haarlem Jamborette] All good things come to an end - http://www.haarlemjamborette.nl/all-good-things-come-to-an-end/
07:08:27 <Iljan> !gooisnack
07:08:27 <Alice> Dank je wel Iljan!
08:48:33 -!- chef_23wsj [~chef@473c89.588642.14df6b.257771] has joined #dutch
08:49:02 <chef_23wsj> Goede morgen ui Japan
08:56:02 <Lotje> [Speld.nl] Jong girafje onthoofd in dierentuin Raqqa - http://speld.nl/2015/08/05/jong-girafje-onthoofd-in-dierentuin-raqqa/
09:04:01 <Lotje> [NOSop3] Gamescom: de natte droom voor de gameliefhebber - http://feeds.nos.nl/~r/nosop3/~3/aJ2DGMnkjF4/829800
09:47:30 -!- Timmy [~Timmy@ScoutLink-e81ffb75.zeelandnet.nl] has joined #dutch
09:47:52 <Timmy> Goeiemorgen ))
09:53:15 -!- Timmy [~Timmy@ScoutLink-e81ffb75.zeelandnet.nl] has joined #dutch
10:07:40 -!- Timmy [~Timmy@ScoutLink-e81ffb75.zeelandnet.nl] has joined #dutch
10:28:05 <floepainwonderland> oink Timmy
10:28:26 -!- Timmy [~Timmy@ScoutLink-e81ffb75.zeelandnet.nl] has joined #dutch
10:29:52 <floepainwonderland> gaat goed?
10:31:12 <Jeebeevee> Hallo Wereld, wereld, wereld
10:32:53 <floepainwonderland> oink remi
10:34:08 <Jeebeevee> hoi Joli-CÅur
10:34:20 <Jeebeevee> hoi Joli-Coeur
10:38:59 <Jeebeevee> geniet u lekker van uw vakantie?
10:39:28 <floepainwonderland> tis inieder geval weer mooi weer:)
10:39:54 <floepainwonderland> ga zo fietsen, als gj terug is met cooper
10:40:45 <floepainwonderland> en volgende week kan cooper gezellig mee fietsen:)
10:43:46 <Jeebeevee> kan Cooper fietsen dan? knappe hond
10:43:57 <floepainwonderland> schaap:P
10:44:08 <floepainwonderland> in een hondjesfietskar:)
10:45:51 -!- firebird [~Thunderbird@ScoutLink-3aea9f7d.adsl.xs4all.nl] has joined #dutch
10:55:15 <Jeebeevee> ooooooh
10:55:17 <Jeebeevee> :)
10:55:20 <Jeebeevee> !koffie
10:55:20 * Alice pours Jeebeevee a cup of Café com Cheirinho
10:58:56 <floepainwonderland> werk ze:) 
11:01:17 <Jeebeevee> gaat wel lukken
11:04:02 <Lotje> [Haarlem Jamborette] See you in 2019! - http://www.haarlemjamborette.nl/see-you-in-2019/
11:49:01 <Lotje> [Nu.nl] Agenten vrijuit om dodelijk incident Rotterdam - http://www.nu.nl/binnenland/4101288/agenten-vrijuit-dodelijk-incident-rotterdam.html
11:56:02 <Lotje> [Speld.nl] Netwerken met je kind: begin nu alvast! - http://speld.nl/2015/08/05/netwerken-met-je-kind-begin-nu-alvast/
13:16:57 <Jeebeevee> !koffie
13:16:57 * Alice pours Jeebeevee a cup of Coffee cabinet
13:17:01 <Jeebeevee> !gooisnack
13:17:02 <Alice> Whoei! Jummie! Geeft Jeebeevee een knuffel.
13:17:07 <Jeebeevee> .ping
13:36:01 -!- TheOmega [~SysCore@ScoutLink-d575816d.xs4all.nl] has joined #dutch
13:49:40 <caber> pang!
13:49:48 <caber> bravo!
13:51:36 <Jeebeevee> ping
13:51:40 <Jeebeevee> .ping
14:01:16 <caber> peng!
14:33:24 -!- firebird [~Thunderbird@ScoutLink-3aea9f7d.adsl.xs4all.nl] has joined #dutch
14:48:05 -!- firebird [~Thunderbird@ScoutLink-3aea9f7d.adsl.xs4all.nl] has joined #dutch
15:03:24 <Jeebeevee> Doei Iljan|AFK 
15:07:59 <floepainwonderland> tis een beetje warm
15:11:02 <Lotje> [Speld.nl] Wereldvreemde idioot bestelt drankje bij serveerster die alleen glazen mag ophalen - http://speld.nl/2015/08/05/wereldvreemde-idioot-bestelt-drankje-bij-serveerster-die-alleen-glazen-mag-ophalen/
15:19:41 <Jeebeevee> beetje maar
15:35:01 <floepainwonderland> prima gefietst:)
15:37:57 <Jeebeevee> en er ook wel van genoten?
15:38:39 <floepainwonderland> ja,, en nieuwe sportbroeken gehaald om te fietsen:)
15:38:49 <Jeebeevee> beetje hip?
15:41:25 <floepainwonderland> zwart:)
15:42:21 <floepainwonderland> van die sportleggings:)
15:45:14 <Jeebeevee> hip
15:48:48 <floepainwonderland> als me dikke kont er maar in past, dan ist goed:P
15:59:54 <floepainwonderland> optimistisch ben ik:)
16:08:41 <Jeebeevee> je steld wel weinig eisen
16:21:01 <Lotje> [NOSop3] De atoombom valt op Hiroshima - http://feeds.nos.nl/~r/nosop3/~3/xaQOqnppCEo/829975
16:21:02 <Lotje> [NOSop3] De bonsaiboom die de atoombom op Hiroshima zag vallen - http://feeds.nos.nl/~r/nosop3/~3/cESo4AgkL4U/829978
16:34:42 <floepainwonderland> maar t ziet er toch ook niet uit als k me in zo`n histisch ding ga proppen:P
16:35:11 -!- Cybermage [~cybermage@ScoutLink-7b646520.xs4all.nl] has joined #dutch
16:39:51 <Jeebeevee> wb Cybermage 
16:40:09 <Cybermage> :)
16:40:33 <Cybermage> even de pc herstart moet moet windows wel eens anders gaan er rare dingen gebeuren
16:42:36 <caber> hello
16:42:53 <caber> hoezo moet dat Cybermage ?
16:43:25 <Cybermage> tja als je met linux werkt hoeft dat natuurlijk niet ;)
16:43:29 <Jeebeevee> klopt
16:43:58 <Jeebeevee> en je weet zekerder dat je persoonsgegevens niet zomaar op straat liggen
16:44:28 <Cybermage> met windows 7 is dat nog niet zo en met windows 10 kan je een hoop dingen uitzetten
16:44:42 * Cybermage gaat voorlopig nog niet over op windows 10
16:46:06 <caber> Jeebeevee: ietsjes minder zeker dat ze op straat liggen ?
16:46:12 <caber> of is dat paranoia?
16:46:31 <floepainwonderland> als windows t niet doet,, doet iets anders t vast wel
16:47:46 <Cybermage> vind het erger met android en ios toestellen dat je locatie gegevens af moet geven voor bepaalde applicaties
16:49:38 <Cybermage> in feite zijn telefoons peilzenders maar toch heeft iedereen ze
16:56:28 <Jeebeevee> ik wacht iig wel met win 10, misschiend at ik die zelfs niet eens ga gebruiken
17:01:54 <Cybermage> als je games speelt zit je wel vast aan windows 10
17:02:08 <Cybermage> zeker als de volgende generatie directx games op de markt komen
17:03:17 <Jeebeevee> ik speel niet veel games
17:03:35 <Jeebeevee> beter gezegd maar 1, en die kan ook op linux
17:05:34 <caber> mjah, Guildwars II draait prima op Linux
17:07:57 <Jeebeevee> patience ook :P
17:16:08 * Cybermage gaat even boodschappen doen
17:17:11 <caber> patience nog nooit op linux gedaan
17:30:17 <floepainwonderland> mis jij even wat:P
17:31:11 <caber> Battle for Wesnoth is wel geniaal!
17:32:17 <Jeebeevee> supertux ook
17:49:29 <Cybermage> zo mijn begroting weer bijwerken
18:07:03 <Lotje> [Nu.nl] Gevonden wrakstuk op Réunion is van vermiste MH370 - http://www.nu.nl/buitenland/4098590/gevonden-wrakstuk-reunion-van-vermiste-mh370.html
18:25:06 <Jeebeevee> naast het werk een beetje met owncloud aan het spelen
18:29:45 <caber> oh gaaf!
18:29:48 <caber> leuk, leuk
18:30:05 <caber> ik ga overstappen naar Tweak, eens kijken wat voor mogelijkheden dat biedt
18:30:42 <caber> ze claimen me een internetverbinding aan te bieden die sneller is dan het wegschrijven naar een SSD.
18:30:55 <caber> is een beetje overkill natuurlijk
18:31:18 <Cybermage> met glasvezel lukt dat nog niet eens
18:44:41 <caber> 1000 mbit glasvezel - 8% overhead - 920 mbit downloaden - 115 MB per seconde dat schrijft mijn goedkope SSD net niet meer weg
18:46:41 <Cybermage> moet het zien dat ze 1gbit wel leveren
18:53:01 <Lotje> [NOSop3] The Flock: op een gegeven moment gaat iedereen dood - http://feeds.nos.nl/~r/nosop3/~3/be-7AdsS6dw/830038
18:53:02 <Lotje> [NOSop3] Momonga Pinball Adventures: eekhoorn + pinball - http://feeds.nos.nl/~r/nosop3/~3/_uTg9F91OLI/830039
18:53:03 <Lotje> [NOSop3] Action Henk is een typisch Nederlandse game: klein en creatief - http://feeds.nos.nl/~r/nosop3/~3/nS_DDVfxhtA/830041
19:00:30 <Jeebeevee> zo, op naar huis
19:04:12 <floepainwonderland> tijd voor lekker new girl te kijken:)
20:23:01 <Lotje> [NOSop3] 'In Magaluf liggen er net zoveel als vorig jaar' - http://feeds.nos.nl/~r/nosop3/~3/-opD7AUIX2s/830052
21:42:47 -!- Sciuro [~rogier@ircop.scoutlink.net] has joined #dutch
23:09:57 -!- firebird [~Thunderbird@ScoutLink-3aea9f7d.adsl.xs4all.nl] has joined #dutch
