08:31:30 -!- Douwe [~Egberts@ScoutLink-e40a8ee3.koffiejongen.org] has joined #dutch
08:33:41 <floepa> Cybermage nee, maar er is dit jaar een lijst bekend gemaakt en die mensen worden in 1 x goedgekeurd,, maar volgens mij werkt de hrmer van dit jaar niet zo heel vaak:)
08:34:16 <Jeebeevee> werken ze uberhaubt wel dan?
08:34:56 <floepa> heb niet erg dat idee,, ze heeft zelfs een secetaresse
08:35:58 <floepa> en goeiemorgen Jeebeevee:)
08:41:05 <Jeebeevee> hoi floepa
08:41:22 <AredVaho> mornin'
08:41:35 <Jeebeevee> hoi AredVaho
08:41:45 <TheOmega> Goede avond allemaal!
08:42:04 <Jeebeevee> he TheOmega, hoe is het overzees
08:43:07 <TheOmega> Warm, stoffig, en een grootte organisatorische puinhoop.
08:44:27 <Jeebeevee> ah, je voelt je dus helemaal thuis
08:45:34 <TheOmega> Ja hoor, :-D
08:47:33 <Jeebeevee> mooi zo
08:47:56 <TheOmega> Mijn onderdeel loopt zeer soepel (na een overname), dat is ook een van de weinige...
08:48:25 <TheOmega> Kijken hoelang Japan de controle houd...
08:49:02 <Jeebeevee> tot de opening?
08:50:17 <TheOmega> Mijn vermoede is dat we praaten over uuren...
08:50:29 <Jeebeevee> ah
08:51:01 <Lotje> [Speld.nl] Maarten Ducrot en Herbert Dijkstra weigeren commentaarhokje te verlaten - http://speld.nl/2015/07/27/maarten-ducrot-en-herbert-dijkstra-weigeren-commentaarhokje-te-verlaten/
08:52:33 <geejee> hey Cybermage, Jeebeevee AredVaho & TheOmega
08:52:44 <Jeebeevee> hoi geejee
08:57:48 <geejee> goede vakantie gehad?
08:58:15 * TheOmega gaat weer even verder
08:58:49 * Cybermage is hier harddisken aan het wipen ;)
08:58:51 <Jeebeevee> was een goede vakantie
08:59:01 <Cybermage> mooi zo
08:59:14 <Jeebeevee> meestal goed weer gehad, dus dat helpt wel
08:59:21 <TheOmega> Nogsteets bezig, vermaak me heerlijk...
08:59:46 <geejee> mooi zo
09:02:14 <TheOmega> ./afk
09:05:35 -!- firebird [~Thunderbird@ScoutLink-3aea9f7d.adsl.xs4all.nl] has joined #dutch
09:12:32 <floepa> :)
10:11:02 <Lotje> [Scouting Nieuws] Van Woesik geniet van het zomerkamp - http://www.scoutingnieuws.nl/post/125160132504
10:40:13 -!- firebird [~Thunderbird@ScoutLink-3aea9f7d.adsl.xs4all.nl] has joined #dutch
11:31:01 <Lotje> [Nu.nl] Schade zomerstorm minimaal 13 miljoen euro - http://www.nu.nl/geldzaken/4096090/schade-zomerstorm-minimaal-13-miljoen-euro.html
11:40:13 -!- AredVaho [~DutchOp@ScoutLink-11b45a21.dynamic.upc.nl] has joined #dutch
11:45:01 <Lotje> [NOSop3] Roseanne op Twitter: 'Nederlanders vermoordden Anne Frank' - http://feeds.nos.nl/~r/nosop3/~3/psDgF7h6yJo/826685
11:55:02 <Lotje> [Haarlem Jamborette] Enjoying the first day, enjoying the sunshine - http://www.haarlemjamborette.nl/enjoying-the-first-day-enjoying-the-sunshine/
11:55:03 <Lotje> [Haarlem Jamborette] A good start is half of the job done - http://www.haarlemjamborette.nl/a-good-start-is-half-of-the-job-done/
11:55:04 <Lotje> [Haarlem Jamborette] The Opening Ceremony - http://www.haarlemjamborette.nl/the-opening-ceremony/
11:55:57 -!- Grunn [~Grunn@ScoutLink-4b95725c.dynamic.ziggo.nl] has joined #dutch
11:56:47 <Grunn> morguh
11:56:55 <geejee> middag Grunn
11:57:12 <Grunn> helemaal
11:57:15 <Grunn> van af de hj
11:57:37 <geejee> hoe is het daar?
11:58:07 <Grunn> Goed. beetje rot weer dat wel 
11:58:15 <Grunn> internetvafe draait
11:58:19 <Iljan> Heb net de HJ aan lotje toegevoegt
11:58:36 <Iljan> Is trouwens !jambo
12:06:05 -!- gbot48 [~gbot48@ScoutLink-a67bd8bb.sciuro.org] has joined #dutch
12:13:02 <Lotje> [Scouting Nieuws] Welpen op zomerkamp in Dymsyrey - http://www.scoutingnieuws.nl/post/125164660499
12:33:58 <Jeebeevee> het regent, het regent, de pannetjes worden nat
12:36:02 <Lotje> [Speld.nl] Bob (38) en shetlandpony Mimi (1,5) uit elkaar - http://speld.nl/2015/07/27/bob-38-en-shetlandpony-mimi-15-uit-elkaar/
12:43:56 <floepa> zo,, zomerkampverslag ook af:)
12:45:02 <Lotje> [NOSop3] Leeuw Cecil: bejaagd, gevild en onthoofd - http://feeds.nos.nl/~r/nosop3/~3/UFBvFo2VOS4/826712
13:25:56 <Iljan> Jeebeevee: Wil jij Proton2 af en toe een snack toe gooien? Thanks
13:26:16 <Jeebeevee> :)
13:26:18 <Jeebeevee> komt goed
13:26:23 <Jeebeevee> !koffie
13:26:23 * Proton2 pours Jeebeevee a cup of Indian filter coffee
13:27:17 <Jeebeevee> !gooisnack
13:27:17 <Proton2> Dank je wel Jeebeevee!
13:27:23 <Jeebeevee> zoiets Iljan ?
13:34:05 -!- firebird [~Thunderbird@ScoutLink-3aea9f7d.adsl.xs4all.nl] has joined #dutch
13:43:06 <Jeebeevee> http://www.iljan.nl/20150727_142018.mp4
14:01:02 <Lotje> [Scouting Nieuws] Delfzijl tien dagen in het teken van Internationaal Scoutingkamp - http://www.scoutingnieuws.nl/post/125170231235
14:09:42 <Jeebeevee> https://www.youtube.com/watch?v=ugLhhkXFxZM iemand douchen?
14:19:55 <floepa> gelukkig wonen we hip boven aan de berg:)
14:21:47 <Iljan> Whoop whoop, sta op https://www.weblogzwolle.nl/content/view/47162/55/ en http://www.rtvoost.nl/nieuws/default.aspx?nid=222923&cat=1
14:56:17 -!- Cybermage [~cybermage@ScoutLink-03cde6ee.dynamic.ziggo.nl] has left #dutch
15:00:00 <Jeebeevee> tot later
15:27:02 <Lotje> [Haarlem Jamborette] Jambo Journal  First edition - http://www.haarlemjamborette.nl/jambo-journal-first-edition-2/
15:39:39 -!- firebird [~Thunderbird@ScoutLink-3aea9f7d.adsl.xs4all.nl] has joined #dutch
15:45:02 <Lotje> [NOSop3] "Een uur voor het festival werd afgelast, kocht ik nog een kaartje" - http://feeds.nos.nl/~r/nosop3/~3/y3tTQn0p_2o/826750
15:45:02 <Lotje> [NOSop3] Kan alleen 'faith in humanity' TicketSwappers nog redden? - http://feeds.nos.nl/~r/nosop3/~3/vbCqvRdlwWo/826751
15:55:29 -!- Grunn [~Grunn@ScoutLink-4b95725c.dynamic.ziggo.nl] has joined #dutch
15:57:04 <Lotje> [Haarlem Jamborette] Jambo Journal  First edition - http://www.haarlemjamborette.nl/jambo-journal-first-edition-4/
16:02:01 <Lotje> [Scouting Nieuws] Militairen en scouts staan stil bij crash Britse bommenwerper - http://www.scoutingnieuws.nl/post/125177297874
16:17:14 -!- Whoopsie [~Whoopsie@ScoutLink-213f39f8.ip.telfort.nl] has joined #dutch
16:18:23 <Whoopsie> ola
16:29:14 -!- Whoopsie [~Whoopsie@bb24fe.cb4328.d992ea.efff01] has joined #dutch
16:45:02 <Lotje> [NOSop3] 'Streamen steeds populairder dan downloaden' - http://feeds.nos.nl/~r/nosop3/~3/jzeDpjC7-Gg/826788
17:27:05 -!- Grunn [~Grunn@ScoutLink-4b95725c.dynamic.ziggo.nl] has joined #dutch
18:02:02 <Lotje> [Scouting Nieuws] Schotse scouts naar Scouting Mensinghe in Roden - http://www.scoutingnieuws.nl/post/125185270970
18:15:02 <Lotje> [NOSop3] Turkije, PKK en IS: wie moet wie nou hebben? - http://feeds.nos.nl/~r/nosop3/~3/DyTe2ZKi_ZI/826811
18:19:24 <floepa> oink meneer 
18:20:14 <Jeebeevee> hoi
18:53:28 -!- Cybermage [~cybermage@ScoutLink-7b646520.xs4all.nl] has joined #dutch
18:57:24 <Jeebeevee> Goedenavond Cybermage
18:57:38 <Cybermage> avond Jeebeevee
19:13:25 -!- Whoopsie [~Whoopsie@ScoutLink-213f39f8.ip.telfort.nl] has joined #dutch
19:18:24 <Jeebeevee> hoi Whoopsie
19:22:10 <Jeebeevee> !koffie
19:22:10 * Proton2 pours Jeebeevee a cup of Kurdish coffee
19:36:18 -!- Wheeze_NL [~LPV@ScoutLink-d575816d.xs4all.nl] has joined #dutch
19:52:18 -!- Whoopsie [~Whoopsie@ScoutLink-a8455b26.direct-adsl.nl] has joined #dutch
19:57:52 <Jeebeevee> wb Whoopsie
20:00:07 * Cybermage gaat pitten
20:03:02 <Lotje> [Scouting Nieuws] Meidenscouts Heemstede naar internationale Jamborette - http://www.scoutingnieuws.nl/post/125193642507
20:09:11 * Jeebeevee gaat ook zijn ogen dichtdoen. tot morgen
20:31:01 -!- Whoopsie [~Whoopsie@7e5169.7e4e3f.883b9e.ead2fe] has joined #dutch
21:33:45 -!- grun [~Grunn@cfa5f9.bb7328.3cd2bf.67d185] has joined #dutch
21:38:15 -!- Whoopsie [~Whoopsie@ScoutLink-213f39f8.ip.telfort.nl] has joined #dutch
22:55:56 -!- firebird [~Thunderbird@ScoutLink-3aea9f7d.adsl.xs4all.nl] has joined #dutch
