04:48:22 -!- Lotje [~Lotje@bot.scoutlink.net] has joined #dutch
04:48:22 -!- TheOmega [~SysCore@c23a3b.05a6d5.05f11a.3056e8] has joined #dutch
04:48:22 -!- mode/#dutch [+Yqo Lotje Lotje Lotje] by users.scoutlink.net
05:20:01 <Lotje> [NOSop3] Bestelbus met chemische stoffen uitgebrand - http://feeds.nos.nl/~r/nosop3/~3/24QYNGCqzJ4/827215
05:20:02 <Lotje> [NOSop3] Wekdienst: jager van Cecil, mysterieus bestelbusje en Windows 10 - http://feeds.nos.nl/~r/nosop3/~3/fzi5CijOrbw/827231
05:20:03 <Lotje> [NOSop3] Kimberley ging op bezoek bij Microsoft - http://feeds.nos.nl/~r/nosop3/~3/oFEz4ax-rO0/827233
05:35:01 <Lotje> [Nu.nl] 'Comazuipers moeten meebetalen aan hulp' - http://www.nu.nl/binnenland/4097058/comazuipers-moeten-meebetalen-hulp.html
05:42:26 <geejee> hehoo
05:50:02 <Lotje> [NOSop3] Windows-tester Kimberley zat met alle Microsoftbobo's - http://feeds.nos.nl/~r/nosop3/~3/pOR6EWP2Vuo/827237
06:05:52 -!- Roelke [~Roelke@ScoutLink-0b56728b.nl] has joined #dutch
07:28:36 <floepa> goeiemorgen:)
08:04:28 <patate> chanserv got killed for 72h idle
08:16:29 -!- Whoopsie [~Whoopsie@ScoutLink-213f39f8.ip.telfort.nl] has joined #dutch
08:17:23 <Whoopsie> mogu
08:37:01 <Lotje> [Speld.nl] Turkije valt Iran, Twitter, mensenrechten en Armenië aan - http://speld.nl/2015/07/29/turkije-valt-iran-twitter-mensenrechten-en-armenie-aan/
09:56:45 -!- ChanServ [ChanServ@services.scoutlink.net] has joined #dutch
09:56:45 -!- mode/#dutch [+o ChanServ] by users.scoutlink.net
10:22:02 <Lotje> [Speld.nl] Man die nooit tv kijkt zegt veel te graag dat hij nooit tv kijkt - http://speld.nl/2015/07/29/man-die-nooit-tv-kijkt-zegt-veel-te-graag-dat-hij-nooit-tv-kijkt/
10:24:30 <Whoopsie_GAME> lol
10:24:35 <Whoopsie_GAME> lekker overal gast van maken
10:26:00 <Jeebeevee> Goedemiddag
10:26:18 -!- Douwe [~Egberts@ScoutLink-e40a8ee3.koffiejongen.org] has joined #dutch
10:28:45 <floepa> goeiemiddag Jeebeevee
10:35:57 <Jeebeevee> !koffie
10:35:57 * Proton2 pours Jeebeevee a cup of Espressino
10:36:45 <floepa> zo lekker ereader weer eens vol zetten:)
10:38:49 <Jeebeevee> was ie dat nog niet dan?
10:39:07 <floepa> is bijna allemaal uit:P
10:41:15 <floepa> heb nog bindi van maria mosters en nobody van marelle boersma erop staan:)
10:43:22 -!- firebird [~Thunderbird@ScoutLink-3aea9f7d.adsl.xs4all.nl] has joined #dutch
10:50:25 -!- firebird [~Thunderbird@ScoutLink-3aea9f7d.adsl.xs4all.nl] has joined #dutch
11:05:02 <Lotje> [NOSop3] Correspondente Marieke de Vries in een Chinese nachtclub - http://feeds.nos.nl/~r/nosop3/~3/N5EU4HEX90s/827322
11:05:03 <Lotje> [NOSop3] Wat vinden nachtclubbezoekers van de app? - http://feeds.nos.nl/~r/nosop3/~3/80LCqjYLNpU/827323
11:05:04 <Lotje> [NOSop3] Gaat Chinese homo-app Blued Grindr verslaan? - http://feeds.nos.nl/~r/nosop3/~3/ESxiuxlBRug/827327
11:20:39 <Jeebeevee> wb geejee 
11:50:20 -!- Grunn [~Grunn@ScoutLink-4b95725c.dynamic.ziggo.nl] has joined #dutch
11:53:55 <Jeebeevee> hoi Grunn 
12:06:01 <Lotje> [NOSop3] Deze toren moet de lucht in Rotterdam smogvrij maken - http://feeds.nos.nl/~r/nosop3/~3/lcs6_rlCJmA/827363
12:36:03 <Lotje> [NOSop3] Geïrriteerde 911-medewerker drukt vrouw weg, jongen overlijdt - http://feeds.nos.nl/~r/nosop3/~3/IaE9xtCIST8/827371
14:10:30 <floepa> 0_O
14:13:40 <Jeebeevee> niet goed?
14:14:53 <floepa> ik denk dat ik die krukken niet voor niks moest gebruiken,, maar in huis is t makkelijker om gewoon rond te schravelen zonder
14:18:51 <Jeebeevee> tja, toch langer de ziektewet
14:19:45 <floepa> neuh gewoon vandaag echt rustig aan gedaan:)
15:07:02 <Lotje> [Speld.nl] Platini belooft corruptie bij FIFA nieuw elan te geven - http://speld.nl/2015/07/29/platini-belooft-corruptie-bij-fifa-nieuw-elan-te-geven/
15:45:19 <floepa> ik wil zomerrrrrrrrrrrrrrrrrrrrrrrrrrrrrrrrr:)
15:51:01 <Lotje> [Nu.nl] Politie geeft beelden relschoppers Schilderswijk vrij - http://www.nu.nl/binnenland/4097499/politie-geeft-beelden-relschoppers-schilderswijk-vrij.html
15:51:05 <Jeebeevee> het is zomer, een nederlandse zomer
15:52:01 <floepa> tis koud
15:52:15 <floepa> ik bevries
17:02:30 <Jeebeevee> tijd om de kachel aan te zetten
17:06:01 <Lotje> [Nu.nl] Nederland scherpt reisadvies aan voor Turkije - http://www.nu.nl/buitenland/4097532/nederland-scherpt-reisadvies-turkije.html
17:06:02 <Lotje> [NOSop3] Deze Mexicaanse wijk is één groot kunstwerk - http://feeds.nos.nl/~r/nosop3/~3/Uph9n_cGukc/827463
17:18:22 -!- firebird [~Thunderbird@ScoutLink-3aea9f7d.adsl.xs4all.nl] has joined #dutch
17:36:01 <Lotje> [NOSop3] 5 verhalen uit landen zonder Gay Pride - http://feeds.nos.nl/~r/nosop3/~3/_D6J-5AKJRE/827478
17:47:24 <Jeebeevee> hoi caber 
17:53:00 <caber> hoi Jeebeevee :D
17:53:24 <Jeebeevee> hoe is het met je?
18:02:30 <geejee> hey caber
18:22:59 <caber> met caber gaat het goed
18:23:04 <caber> binnenkort mag ik naar Taize :D
18:23:06 <caber> hoeze
18:30:41 <Jeebeevee> zin in>?
18:56:52 <floepainwonderland> weltruste:)
19:21:01 <Lotje> [Nu.nl] Rusland blokkeert MH17-tribunaal in Veiligheidsraad - http://www.nu.nl/binnenland/4097495/rusland-blokkeert-mh17-tribunaal-in-veiligheidsraad.html
20:39:33 -!- Roelke_ [~Roelke@ScoutLink-0b56728b.nl] has joined #dutch
21:02:15 -!- Whoopsie [~Whoopsie@bb24fe.cb4328.d992ea.efff01] has joined #dutch
23:38:01 <Lotje> [Nu.nl] 'Aangespoeld wrakstuk van type vliegtuig vlucht MH370'  - http://www.nu.nl/buitenland/4097649/aangespoeld-wrakstuk-van-type-vliegtuig-vlucht-mh370-.html
