03:33:02 <Lotje> [Nu.nl] Gesprekken over spanningen Noord- en Zuid-Korea duren voort - http://www.nu.nl/buitenland/4111765/gesprekken-spanningen-noord--en-zuid-korea-duren-voort.html
05:28:02 <Lotje> [NOSop3] Wekdienst: rellen Duitsland, vieze sushi en wanbetalers - http://feeds.nos.nl/~r/nosop3/~3/O8W7D1dIZqc/836950
06:31:18 <Iljan> Goeiemorgen!
06:36:52 <Iljan> Oh hadden ze in Indonesie Jota/Joti? Das wel een groot tijdverschil met Nederland.
06:37:15 <Iljan> Lopen ze bijna een jaar achter ^^
06:41:35 <Jeebeevee> goedemorgen
06:41:39 <Iljan> Hai
06:53:31 <Jeebeevee> .ping
06:59:01 <Lotje> [NOSop3] 21-jarige Nederlander terug van plastic soep-expeditie - http://feeds.nos.nl/~r/nosop3/~3/nnW3oDoGxjc/836983
07:00:42 <geejee> hehoo
07:15:20 -!- Roelke [~Roelke@ScoutLink-0b56728b.nl] has joined #dutch
07:15:20 -!- Voske [voske@ScoutLink-83d78b2a.netforce-is.nl] has joined #dutch
07:44:53 -!- floepa [~info@ScoutLink-74b38b2e.adsl-surfen.hetnet.nl] has joined #dutch
07:45:09 <floepa> goede morgen:)
07:45:21 <geejee> hoi lief
08:07:02 <Jeebeevee> Iljan is de held van de dag
08:07:08 <Jeebeevee> hij heeft koffie gehaald :)
08:07:42 <floepa> dan is die toch alleen jou held:)
08:08:20 <Jeebeevee> klopt, dus ene held
08:14:58 <Iljan> en je mysql issue verholpen...
08:15:31 <Jeebeevee> tja, dat ook, bijzaak :P
09:04:23 <floepa> 0_o
09:10:24 <floepa> krijg je mail van sandd,,, `aanbelpost`,,, klinkt toch meer als pakketjes bezorgen
09:21:11 <Jeebeevee> leuk, mag je pakjes op je fietsje meenemen
09:22:00 <floepa> zal k uhm eerst maar eens naar de fietsenmaker brengen:)
09:45:28 <Jeebeevee> ik mis Proton... Sciuro ??
09:49:16 <Sciuro> Proton staat uit. Had niet echt een functie meer behalve koffie schenken
09:49:35 <Sciuro> En zelfs dat kon douwe beter
09:52:55 <Jeebeevee> douwe kan het alleen niet meer, moest naar een andere bot versie ivm ctcp
09:53:12 <Jeebeevee> daar zit de koffie optie niet mee rin
09:56:34 <floepa> tijd om n bad te gaan:)
09:58:37 <Jeebeevee> succes
10:01:02 <Lotje> [Speld.nl] Spreek elkaar aan op asociaal kalasjnikovgebruik - http://speld.nl/2015/08/24/spreek-elkaar-aan-op-asociaal-kalasjnikovgebruik/
10:44:32 -!- Baloe [NO.@ScoutLink-ce758ade.direct-adsl.nl] has joined #dutch
10:45:30 <Jeebeevee> hoi Baloe 
10:45:44 <Baloe> hoi!
10:45:48 <Baloe> alles goed hier?
10:48:20 <floepa> oink Baloe
10:50:04 <Jeebeevee> nog rustig, maar verder goed
10:51:09 <Baloe> mooi :)
10:52:21 <Jeebeevee> en met u? fijne knuffelbeer :P
10:55:08 <Baloe> hehe
10:55:10 <Baloe> Ja goed :)
10:55:36 <Baloe> irriteer me kapot aan die verrekte kousen..maarja trombose moet je ook niet willen
10:58:11 <floepa> das beter als die spuiten:X
10:59:47 <Baloe> nou ik twijfel :p
10:59:57 <Baloe> had er in het ziekenhuis weinig last van ;p
11:00:25 <floepa> pijnlijke dingen
11:01:51 <Baloe> in mn been vernam ik hem wel iets, maar in de pokkel niks geen last ;p
11:01:59 <floepa> laatste week gingen de wondjes niet eens meer dicht,, kon ik hele dag nieuwe pleisters wisselen
11:02:33 <Baloe> he bah
11:03:55 <floepa> kan je beter kousen hebben:P
11:07:26 <floepa> maar nu ga ik echt eens na de fietsenmaker:)
11:08:52 <Baloe> doe dat
11:08:55 <Baloe> dan lieg je niet
11:11:32 <floepa> als k me sleuten ko9n vinden:P
11:12:41 <Baloe> xD
11:19:01 <geejee> schaal onder de tafel
11:19:25 <geejee> vraag ook of ze de achterband vervangen ;-)
11:21:05 <floepa> zo,, morgen klaar:)
11:21:10 <Baloe> :d
11:22:50 <floepa> heb k toch weer ver gelopen:P
11:24:15 <Baloe> goed bezig
11:25:28 <Baloe> is er al meer bekend over Joti dan
11:25:45 <floepa> dat die over 2 maanden is:P
11:25:57 <Baloe> xD
11:30:01 <Lotje> [NOSop3] "Er stond ook echt boven: dwangbevel in naam van de Koning" - http://feeds.nos.nl/~r/nosop3/~3/v7fqWrC9PdU/837106
11:30:02 <Lotje> [NOSop3] "Ik heb nooit post ontvangen" - http://feeds.nos.nl/~r/nosop3/~3/nhOgTwqP-WM/837107
11:30:03 <Lotje> [NOSop3] Brief met postzegel voor oud-studenten met studieschuld - http://feeds.nos.nl/~r/nosop3/~3/jESFwkvw-UU/837109
11:31:02 <Lotje> [Speld.nl] Halina Reijn gaat eenmalig een openhartig interview geven - http://speld.nl/2015/08/24/halina-reijn-gaat-eenmalig-een-openhartig-interview-geven/
11:33:13 <Iljan> Wat wil je weten over de Joti Baloe ?
11:45:49 <Baloe> of ik ook mee mag helpen ;p
11:45:51 <Baloe> waar het is
11:45:54 <Baloe> en wat het thema is
11:46:26 <Jeebeevee> in de titel staat ene aanmeld link
11:46:40 <Jeebeevee> joti is wereldwijd
11:46:56 <Jeebeevee> thema is iets met 'zet een boom op'
11:49:16 <Baloe> ok
11:49:19 <Baloe> waar het jcc is :p
11:50:53 <Baloe> en ik had me al aangemeld
11:50:56 <Baloe> ;D
11:51:32 <Jeebeevee> ik geloof dat het nog niet officieel is, maar het JCC zou in woerden zijn
11:53:01 <Jeebeevee> en je aanmelding kun j ebeter bij floepa nagaan, daar gaat zij over
11:59:24 * floepa gaat weer mailen hoe het ervoor staat,, al tijd niks meer gehoord
12:01:00 <Sciuro> over het thema, heb nog wel een poster: http://resolver.kb.nl/resolve?urn=urn:gvn:RA01:30051001538401&role=image&size=medium
12:04:10 <Jeebeevee> ik heb ook wel een linkje :P https://vimeo.com/137042937
12:04:14 <Jeebeevee> is niet over de joti :P
12:11:27 <geejee> ff reboot
12:14:01 <Baloe> haha :)
12:14:07 <Baloe> bedankt peoples
12:15:04 <Jeebeevee> yw
12:15:14 <Baloe> woerden is iig een stuk centraler als vorig jaar ;p
12:15:24 <Baloe> maar ik wacht nog steeds op het jcc in het noorden
12:15:43 <Jeebeevee> komt vanzelf weer
12:15:51 <Jeebeevee> ik wacht er ook op :)
12:21:26 -!- geejee [geejee@ircop.scoutlink.net] has joined #dutch
12:21:30 <geejee> re
12:22:28 <Jeebeevee> wb
12:35:08 <floepa> wb:)
12:46:01 <Lotje> [Speld.nl] Er zijn ook góede muggen - http://speld.nl/2015/08/24/er-zijn-ook-goede-muggen/
12:50:12 <floepa> wtf is een assman?
12:51:55 <Jeebeevee> een man die van billen houdt
12:52:52 <floepa> aha
12:55:08 <floepa> alsof billen interessant zijn:P
12:55:21 <Jeebeevee> sommige
12:58:57 <floepa> je eigenn?:P
12:59:14 <Jeebeevee> gene idee, kijk er nooit naar
13:17:37 <caber> hoi
13:18:31 <geejee> hey caber
13:19:19 <Jeebeevee> hoi caber 
13:22:29 -!- DindaWening [~Wening@597b71.728710.b3660c.1322bd] has joined #dutch
13:22:47 <Jeebeevee> hoi DindaWening 
13:22:53 <DindaWening> haii
13:24:06 <caber> hhoi hoi
13:24:08 <caber> hoi DindaWening 
13:24:15 <caber> wat brengt jou hier? :P
13:25:41 <DindaWening> sorry, can you speak english? 
13:29:17 <Iljan> Why, this is #dutch
13:29:36 <Iljan> whois DindaWening
13:29:40 <Iljan> Whoops
13:29:53 <DindaWening> i'm from Indonesian 
13:29:57 <geejee> #fail Iljan :)
13:31:15 <Iljan> Bash en irssi zijn verwarrend. Met en zoder slash
13:31:42 <Jeebeevee> :)
13:32:41 <caber> apt-get bash-slash
13:33:04 <caber> of je bouncer goed inrichten :P
13:33:19 <Iljan> wat is een bouncer?
13:33:23 <caber> DindaWening: I will move you to the proper language channels
13:37:39 <DindaWening> ohh okay
13:37:41 -!- DindaWening [~Wening@597b71.728710.b3660c.1322bd] has left #dutch
13:38:49 <geejee> een bouncer is zo'n grote kerel die aan de ingang van een foute discotheek staat
13:43:45 <Iljan> Nah, daar heb ik fail2ban en iptables voor
13:46:42 <Iljan> !nu
13:46:43 <Lotje> [Nu.nl] Schippers met Nederlands record naar finale 100 meter bij WK atletiek - http://www.nu.nl/sport-overig/4112042/schippers-met-nederlands-record-finale-100-meter-bij-wk-atletiek.html
13:46:44 <Lotje> [Nu.nl] Verlies AEX loopt op tot ruim 8 procent - http://www.nu.nl/economie/4111851/verlies-aex-loopt-ruim-8-procent.html
13:46:45 <Lotje> [Nu.nl] KNMI waarschuwt opnieuw voor stevige onweersbuien - http://www.nu.nl/binnenland/4112025/knmi-waarschuwt-opnieuw-stevige-onweersbuien.html
13:49:56 <floepa> blehhhh geen regen meer-_-`
13:51:18 <Jeebeevee> joepie regen
13:55:24 * floepa mept Jeebeevee
13:55:58 <Jeebeevee> :)
14:00:02 <Lotje> [NOSop3] Lekker overdreven, al die hysterie om One Direction. Of niet? - http://feeds.nos.nl/~r/nosop3/~3/YL06gCUSgg8/837159
14:10:05 <Jeebeevee> one Direction, bestaat dat nog??
14:11:09 <floepa> aber naturlich
14:12:48 <Iljan> Ja man, allemaal jankende schoolkinderen in de bus vanmorgen. Heb me fantastisch vermaakt
