04:08:14 <Sciuro> Goedemiddag allemaal!!!!
06:50:24 -!- AredVaho [~DutchOp@ScoutLink-11b45a21.dynamic.upc.nl] has joined #dutch
07:43:16 -!- Ghostbuster [~DutchOp@ScoutLink-11b45a21.dynamic.upc.nl] has joined #dutch
07:48:01 <Lotje> [NOSop3] Oranje verliest WK-finale - http://feeds.nos.nl/~r/nosop3/~3/fCUu4dHzpa0/830952
07:48:02 <Lotje> [NOSop3] Wekdienst: Batmanschutter, waterpolo en Zwarte Zaterdag - http://feeds.nos.nl/~r/nosop3/~3/Vl9oNmeUfsE/831010
08:48:02 <Lotje> [NOSop3] Virtual reality: gaaf, maar is het ook écht de toekomst? - http://feeds.nos.nl/~r/nosop3/~3/47LRt4VgGhI/831042
08:52:51 -!- Wheeze_NL [~LPV@ScoutLink-d575816d.xs4all.nl] has joined #dutch
08:57:29 -!- Iljan|AFK [~iljan@ScoutLink-f2ce2e62.preimeisje.nl] has joined #dutch
09:18:01 <Lotje> [NOSop3] "De mensen en de technologie zijn er klaar voor" - http://feeds.nos.nl/~r/nosop3/~3/Is5TW0Ll1r4/831047
09:18:02 <Lotje> [NOSop3] "De toekomst van gamen is het niet." - http://feeds.nos.nl/~r/nosop3/~3/FIkro49l-H0/831048
09:18:03 <Lotje> [NOSop3] Gamen met een VR-bril - http://feeds.nos.nl/~r/nosop3/~3/D0-ueETZ9OQ/831049
10:31:02 <Lotje> [Speld.nl] Backpacker weet dingen - http://speld.nl/2015/08/08/backpacker-weet-dingen/
11:18:01 <Lotje> [NOSop3] 'Wij zouden een ALS-patiënt nooit wegsturen' - http://feeds.nos.nl/~r/nosop3/~3/E4xBZ5zesMg/831098
13:18:01 <Lotje> [Nu.nl] Portugal helpt Spanje met blussen grote bosbrand - http://www.nu.nl/buitenland/4103070/portugal-helpt-spanje-met-blussen-grote-bosbrand.html
13:24:32 -!- CM [~cybermage@ScoutLink-7b646520.xs4all.nl] has joined #dutch
13:48:01 <Lotje> [NOSop3] 'Het wordt steeds normaler om oordoppen te dragen' - http://feeds.nos.nl/~r/nosop3/~3/RiX3cuTlDWg/831145
14:48:01 <Lotje> [NOSop3] Met duizend rubberbootjes de grachten van Utrecht in - http://feeds.nos.nl/~r/nosop3/~3/ArSFsUF4sKQ/831169
15:48:01 <Lotje> [Nu.nl] Gevonden lichaam Zandvoort is van vermiste vrouw - http://www.nu.nl/binnenland/4103150/gevonden-lichaam-zandvoort-van-vermiste-vrouw.html
17:48:01 <Lotje> [NOSop3] Rubberbootmissie - http://feeds.nos.nl/~r/nosop3/~3/6GD6X_SvYTg/831221
18:02:28 -!- firebird [~Thunderbird@ScoutLink-3aea9f7d.adsl.xs4all.nl] has joined #dutch
