01:03:01 <Lotje> [Nu.nl] Zestien relschoppers aangehouden in Schilderswijk - http://www.nu.nl/binnenland/4079977/zestien-relschoppers-aangehouden-in-schilderswijk.html
04:21:32 -!- geejee [~ScoutLink@ScoutLink-74b38b2e.adsl-surfen.hetnet.nl] has joined #dutch
05:33:02 <Lotje> [NOSop3] Wekdienst: warmste nacht ooit en chaos in Schilderswijk - http://feeds.nos.nl/~r/nosop3/~3/53y24Ku518c/816593
06:41:18 -!- Sciuro [~rogier@ircop.scoutlink.net] has joined #dutch
06:41:56 -!- Proton [~Proton@ScoutLink-a67bd8bb.sciuro.org] has joined #dutch
06:50:43 <Jeebeevee> Hallo Wereld, wereld, wereld
07:02:00 <floepa> pff morgen
07:02:48 <Jeebeevee> is het vrijdag
07:05:00 <floepa> vast bijna
07:06:19 <Sciuro> goedemorgen allemaal!
07:07:30 <Jeebeevee> hoi Sciuro
07:09:40 <Sciuro> Uhm, nu.nl: "Afgelopen nacht warmterecord verbroken met 24,1 graden", dus het is nu 24,1 graden warmer als het vorige record?
07:12:52 <Jeebeevee> ja tuurlijk, had je iets anders verwacht dan?
07:16:58 <Sciuro> als je een record verbreekt met 5, en het oude was 10, dan is de nieuwe waarde toch 15? Dus het vorige warmterecord stond op 0 graden?
07:28:53 <floepa> je bent lastig:P
07:30:53 <Sciuro> onze groeps grammer nazies zijn er nog niet over uit wat het had moeten zijn :)
07:34:13 <floepa> de zin klopt idd niet,, maar we houden t der maar op dat t warm was
07:41:16 -!- Roelke [~Roelke@ScoutLink-0b56728b.nl] has joined #dutch
07:45:56 -!- Roelke [~Roelke@ScoutLink-0b56728b.nl] has joined #dutch
07:54:31 -!- Roelke [~Roelke@ScoutLink-0b56728b.nl] has joined #dutch
07:58:26 <Jeebeevee> gaat goed Roelke?
07:58:53 -!- Roelke [~Roelke@ScoutLink-0b56728b.nl] has joined #dutch
08:03:01 <Lotje> [NOSop3] Verslaggever Onno Beukers test het pak - http://feeds.nos.nl/~r/nosop3/~3/-EiV4dmcA4s/816618
08:03:02 <Lotje> [NOSop3] Dit pak ziet of je de waarheid spreekt - http://feeds.nos.nl/~r/nosop3/~3/Bki9_0YUGuA/816620
08:08:32 <TheOmega> Goedemorgen allemaal!!!
08:09:22 <Jeebeevee> Goedemorgen TheOmega
08:09:34 <Jeebeevee> oelke speelt ping pong
08:09:39 <Jeebeevee> +R
08:10:30 -!- Roelke [~Roelke@ScoutLink-0b56728b.nl] has joined #dutch
08:14:33 -!- Roelke [~Roelke@ScoutLink-0b56728b.nl] has joined #dutch
08:29:41 <Jeebeevee> !koffie
08:29:41 * Proton pours Jeebeevee a cup of Bicerin
08:31:52 -!- Roelke [~Roelke@ScoutLink-0b56728b.nl] has joined #dutch
08:37:44 -!- Roelke [~Roelke@ScoutLink-0b56728b.nl] has joined #dutch
08:46:29 -!- Roelke [~Roelke@ScoutLink-0b56728b.nl] has joined #dutch
08:48:02 <Lotje> [Nu.nl] Inspectie mocht huisarts Tuitjenhorn op non-actief zetten - http://www.nu.nl/binnenland/4080154/inspectie-mocht-huisarts-tuitjenhorn-non-actief-zetten.html
08:48:03 <Lotje> [Nu.nl] Armin A. veroordeeld tot twee jaar cel in misbruikzaak Valkenburg - http://www.nu.nl/binnenland/4080156/armin-a-veroordeeld-twee-jaar-cel-in-misbruikzaak-valkenburg.html
08:54:01 <Lotje> [Speld.nl] Oom Theo strooit met economische wijsheden na vluchtig lezen van artikel - http://speld.nl/2015/07/02/oom-theo-strooit-met-economische-wijsheden-na-vluchtig-lezen-van-artikel/
08:54:50 <Iljan> Goeiemorgen!
08:55:16 <floepa> goeiemorgen meneer Iljan
08:57:28 -!- Roelke [~Roelke@ScoutLink-0b56728b.nl] has joined #dutch
09:13:47 -!- Roelke [~Roelke@ScoutLink-0b56728b.nl] has joined #dutch
09:18:55 -!- Roelke [~Roelke@ScoutLink-0b56728b.nl] has left #dutch
09:19:02 <Iljan> Doeii
09:19:49 -!- Roelke_ [~Roelke@ScoutLink-0b56728b.nl] has joined #dutch
09:21:24 <Jeebeevee> dag Iljan
09:21:48 <Iljan> Hola Jeebeevee 
09:22:04 <Iljan> En hoi mevrouw floepa 
09:22:40 <floepa> had je nog gemaild lieve Iljan?:)
09:22:50 <Iljan> Aii
09:22:56 <Iljan> Ga ik meteen doen
09:23:40 <floepa> danku:)
09:49:54 <Iljan> Kan je ff checken of je de CC hebt gehad? 
09:50:14 <Iljan> Stiekem doet mn @hoststation.nl mail het niet namelijk.
09:50:17 <floepa> niks binnen
09:50:33 <floepa> maar ik ga even aan de slag met water en chloor,,, hond met diaree
09:51:14 <Iljan> Ehh... Juist ja. 
09:54:01 <Lotje> [Speld.nl] Vertel ook eens aan een ander dat het warm is! - http://speld.nl/2015/07/02/vertel-ook-eens-aan-een-ander-dat-het-warm-is/
10:29:57 <floepa> nu wel mail:)
10:31:10 <Jeebeevee> zo man, het is warm buiten
10:35:37 <Iljan> Echt briljant... http://www.rtvoost.nl/nieuws/default.aspx?nid=221380&_ga=1.229630874.762286906.1435833301
10:37:52 <Jeebeevee> kom maar op- met de elfstedentocht :)
10:39:06 <floepa> gekke mensen:)
10:44:29 <Jeebeevee> zouden zo maar scouts kunnen zijn
10:47:24 <floepa> ik ga maar eens naar de dierenwinke
11:30:01 <Jeebeevee> !ijs
11:30:33 <Iljan> !ijs
11:30:36 <Iljan> !baby
11:30:51 <Jeebeevee> *grinik*
11:31:31 <Iljan> 
11:31:34 <Iljan> http://bigjollypolitics.com/wp-content/uploads/2013/10/ice-ice-baby.jpg
11:33:01 <Lotje> [NOSop3] Graffitiartiest experimenteert met hulp van schoonmaakdiensten - http://feeds.nos.nl/~r/nosop3/~3/q49djY83cC4/816755
11:33:04 -!- Jeebeevee [~Jeebeevee@ircop.scoutlink.net] has left #dutch
11:33:13 -!- Jeebeevee [~Jeebeevee@ircop.scoutlink.net] has joined #dutch
11:43:30 -!- geejee [~ScoutLink@ircop.scoutlink.net] has joined #dutch
11:43:37 <geejee> hehoo
11:44:38 <TheOmega> alo alo geejee 
11:57:30 -!- Baloe [NO.@ScoutLink-ce758ade.direct-adsl.nl] has joined #dutch
11:58:17 <Baloe> goedemiddag
12:01:06 <Jeebeevee> hoi Baloe 
12:07:14 <Baloe> veel te warm hier
12:07:19 <Baloe> Doei ;p
12:27:55 -!- floepa [~info@ScoutLink-74b38b2e.adsl-surfen.hetnet.nl] has joined #dutch
12:34:33 <floepa> zo,, cooper weer blij,,:)
13:47:01 <Sciuro> Haloho! Daar zijn we weer! :)
13:48:00 <floepa> lekker broodje?:)
13:48:10 <Sciuro> Zekers!
13:54:34 <floepa> mooi:)
13:55:01 <Lotje> [Speld.nl] Uitstekende gevoelsuitslag voor Haase tegen Murray - http://speld.nl/2015/07/02/uitstekende-gevoelsuitslag-voor-haase-tegen-murray/
13:56:20 <floepa> ik denk dat de regen niet meer komt-_-`
13:56:54 <Sciuro> ik liep net nog even door Utrecht en toen dook de zon en begon er een windje te waaien, was eigenlijk best lekker
13:57:23 <floepa> ja toen ik aan de andere kand van berrege fietste was daar ook aardig wintje,, maar helaas regen gaat de zee over
13:57:56 <Sciuro> lees het ja, vanavond ongweer
13:58:12 <floepa> buienradar even erbij gepakt:")
13:59:41 <floepa> achja zaterdag en zondag zo warm overleven we ook ng wel:)
14:00:20 <floepa> muts in de dierenwinkel riep `ohh jij hebt straks een kleur verschil`-_-`
14:00:51 <Sciuro> dusss....
14:01:22 <floepa> dat dacht ik ook,, kleurt wel weer bij
14:03:01 <Lotje> [NOSop3] Crowdfunden op Kickstarter: 80 procent haalt 't niet - http://feeds.nos.nl/~r/nosop3/~3/FSYAQ1A994w/816825
14:03:02 <Lotje> [NOSop3] Politie filmt redding peuter - http://feeds.nos.nl/~r/nosop3/~3/V47mNAOpeAU/816833
14:03:03 <Sciuro> als dat het ergste is in het leven is ze een gelukkig mens.
14:03:08 <floepa> word nou oom niet bepaald een neger van de zon:P
14:03:12 <floepa> ook
14:04:02 <floepa> op die leeftijd mag je dat nog:)
14:15:30 <floepa> ik ga eens gezellig sorteren:)
14:17:14 <Sciuro> leuk!
14:22:42 * Sciuro gaat zijn semafoon maar weer eens aanzetten. Zometeen weer piketdienst.
14:29:24 -!- Whoopsie [~Whoopsie@ScoutLink-213f39f8.ip.telfort.nl] has joined #dutch
14:29:36 <Sciuro> whoei! Whoopsie!
14:30:22 <floepa> oink Whoopsie
14:31:19 <Whoopsie> ola
14:31:30 <Whoopsie|BBQ> ik ga even mijn vlees opeten :D
14:31:35 <floepa> ik moet dan altijd aan semafoor denken,, is dat heel stom:P?
14:31:36 <Sciuro> smakelijk!
14:31:46 <Sciuro> ja
14:32:03 <floepa> ok
14:32:14 <Sciuro> semafoor is de eigenaar van dommel, semafoon is een oproepsysteem :P
14:32:41 <floepa> verschilt maar 1 lettertje:)
14:33:40 <Sciuro> maar semafoor is ook dat met die vlaggetjes.
14:39:32 -!- Roelke [~Roelke@ScoutLink-0b56728b.nl] has joined #dutch
14:41:50 -!- Voske_ [voske@ScoutLink-83d78b2a.netforce-is.nl] has joined #dutch
14:41:50 -!- Whoopsie|BBQ [~Whoopsie@ScoutLink-213f39f8.ip.telfort.nl] has joined #dutch
15:02:40 * Jeebeevee zegt tot later
15:04:01 <Lotje> [Nu.nl] Treinverkeer ondervindt veel hinder door storingen en warm weer - http://www.nu.nl/binnenland/4080571/treinverkeer-ondervindt-veel-hinder-storingen-en-warm-weer.html
15:10:02 <Lotje> [Speld.nl] Interview met BNer - http://speld.nl/2015/07/02/interview-met-bner/
15:20:07 * TheOmega gaat afsluiten, tot later!
15:26:50 <Sciuro> tot laters TheOmega|AFK 
15:45:46 <Whoopsie> lakker BBQ
15:51:36 <Sciuro> dat geloof ik wel
15:51:55 <Sciuro> hebben jullie nog iets met kolen, of leg je het vlees meteen op de motorkap?
16:03:01 <Lotje> [NOSop3] Carlo van de Weijer: "De studenten hebben het op eigen kracht gedaan." - http://feeds.nos.nl/~r/nosop3/~3/v_aSQ7JuxWg/816896
16:03:02 <Lotje> [NOSop3] Tom Selten: "Dit is geweldig." - http://feeds.nos.nl/~r/nosop3/~3/7Pbj_h_VSqw/816897
16:03:03 <Lotje> [NOSop3] Studenten TU Eindhoven maken gezinsauto op zonne-energie - http://feeds.nos.nl/~r/nosop3/~3/6yJJVQw--Qk/816900
16:33:01 <Lotje> [NOSop3] 'Een overwinning van het nee-kamp móét worden voorkomen' - http://feeds.nos.nl/~r/nosop3/~3/YjMaToq9LgM/816913
17:56:23 -!- Cybermage [~cybermage@ScoutLink-7b646520.xs4all.nl] has joined #dutch
18:41:26 -!- geejee [~ScoutLink@ircop.scoutlink.net] has joined #dutch
18:41:43 <geejee> hehoo
18:49:44 <Cybermage> goedeavond
18:51:17 <Cybermage> universal image is gelukt :)
18:52:31 <Sciuro> hoi geejee en Cybermage 
19:00:39 <Cybermage> hoi Sciuro
19:03:01 <Lotje> [NOSop3] Zus Charleston-terrorist Dylan Roof zamelt geld in voor eigen bruiloft - http://feeds.nos.nl/~r/nosop3/~3/9vs_iw1o-NE/816948
19:27:03 <Sciuro> een hoop spannend gerommel hier in de lucht
19:27:17 <Cybermage> tot nu toe niks
19:27:25 <Cybermage> wel wat minder warm weer
19:28:28 <Sciuro> het is hier heel donker geworden en veel en langdurig gerommel
19:49:01 <Lotje> [Nu.nl] Kamer wil dat Blok snel cao sluit met vakbonden - http://www.nu.nl/politiek/4080708/kamer-wil-blok-snel-cao-sluit-met-vakbonden.html
21:03:01 <Lotje> [NOSop3] In de VS zijn de ip-adressen op - http://feeds.nos.nl/~r/nosop3/~3/fo9-928Reu4/817032
21:45:33 * Sciuro gaat slapen, tot morgen allemaal en slaap lekker!
