05:17:02 <Lotje> [NOSop3] Wekdienst: Noord-Korea en klanten minderjarige prostituee voor rechter - http://feeds.nos.nl/~r/nosop3/~3/6cBCx4AWESI/835700
06:25:01 -!- pratama [~dugie@5e3981.c2bfec.f8d877.f5ee5f] has joined #dutch
07:47:01 <Lotje> [NOSop3] Hackers zetten nóg groter bestand van Ashley Madison online - http://feeds.nos.nl/~r/nosop3/~3/IWsbZ0QtZ-Q/835739
08:24:01 <Lotje> [Speld.nl] Kamerlidmaatschap biedt weinig kans op een baan - http://speld.nl/2015/08/21/kamerlidmaatschap-biedt-weinig-kans-op-een-baan/
09:17:02 <Lotje> [NOSop3] 'IS blijft zichzelf steeds vernieuwen' - http://feeds.nos.nl/~r/nosop3/~3/twRisoZ_rZE/835768
09:17:03 <Lotje> [NOSop3] Een jaar na James Foley: de evolutie van de executievideo's van Islamitische Staat - http://feeds.nos.nl/~r/nosop3/~3/_azRqonfuFU/835770
09:24:02 <Lotje> [Speld.nl] Zwakzinnig figuur opent app die hij net had afgesloten - http://speld.nl/2015/08/21/zwakzinnig-figuur-opent-app-die-hij-net-had-afgesloten/
09:32:50 <caber> goedemorgen
09:58:31 <Sciuro> hoi caber 
09:59:04 <caber> hoi
10:15:12 -!- irchamali [Mibbit@5e3981.795e15.aa435b.c79215] has joined #dutch
10:22:26 -!- Cybermage [~cybermage@ScoutLink-7b646520.xs4all.nl] has joined #dutch
10:48:01 <Lotje> [NOSop3] Niet iedereen is blij met nieuwe "creepy" voorwaarden van Spotify - http://feeds.nos.nl/~r/nosop3/~3/pOBbY6hRzNI/835807
11:39:01 <Lotje> [Speld.nl] Ook Dominos komt met foodbox - http://speld.nl/2015/08/21/ook-dominos-komt-met-foodbox/
14:11:08 -!- Douwe [~Egberts@ScoutLink-e40a8ee3.koffiejongen.org] has joined #dutch
14:27:02 <Lotje> [Nu.nl] Gekantelde vrachtwagen bij Bergen op Zoom leidt tot files - http://www.nu.nl/binnenland/4110611/gekantelde-vrachtwagen-bij-bergen-zoom-leidt-files.html
14:27:03 <Lotje> [Nu.nl] Rutte voelt zich niet beschadigd door debat Griekenland - http://www.nu.nl/politiek/4110593/rutte-voelt-zich-niet-beschadigd-debat-griekenland.html
15:19:01 <Lotje> [NOSop3] NFI experimenteert op Lowlands - http://feeds.nos.nl/~r/nosop3/~3/1_lBXfMRUC0/835922
15:19:02 <Lotje> [NOSop3] Lichamen slepen op Lowlands - http://feeds.nos.nl/~r/nosop3/~3/uUftF6fXoRY/835921
15:19:03 <Lotje> [NOSop3] Lowlanders verslepen lichamen voor de wetenschap - http://feeds.nos.nl/~r/nosop3/~3/du4x_DcfqSI/835925
16:49:01 <Lotje> [NOSop3] Wat gebeurt er in Macedonië? - http://feeds.nos.nl/~r/nosop3/~3/z-l_pe0OYhg/835959
16:49:03 <Lotje> [NOSop3] 'Macedonië weet ook niet meer wat ze ermee aan moeten' - http://feeds.nos.nl/~r/nosop3/~3/rnd_c0hjOtw/835963
17:36:55 -!- arjo [~arjo@user.scoutlink.net] has joined #dutch
17:49:24 <arjo> hey
17:57:30 -!- arjo_x [~arjo@user.scoutlink.net] has joined #dutch
18:14:01 <Lotje> [Nu.nl] 'Drie gewonden bij schietpartij in Thalys' - http://www.nu.nl/buitenland/4110771/drie-gewonden-bij-schietpartij-in-thalys.html
18:36:04 -!- Roelke [~Roelke@ScoutLink-0b56728b.nl] has joined #dutch
23:44:01 <Lotje> [Nu.nl] Passagiers Thalys opgevangen in Parijs - http://www.nu.nl/buitenland/4110875/passagiers-thalys-opgevangen-in-parijs.html
