19:17:13 -!- Douwe [~Egberts@ScoutLink-e40a8ee3.koffiejongen.org] has joined #dutch
19:17:25 <floepa> t moooie zuiden:)
19:20:56 <Jeebeevee> jij zegt het
19:22:56 <floepa> alsof jij er wel eens bent gewees
19:23:18 <Jeebeevee> ja, en snel weg gerend :P
19:23:58 <floepa> alsof jij snel kan rennen:P
19:24:07 <Jeebeevee> ja
19:24:12 <Jeebeevee> sneller dan jij:P
19:26:14 <floepa> das gemeen:P
19:26:29 * Cybermage gaat pitten
19:26:32 <Cybermage> weltrusten iedereen
19:26:42 <Jeebeevee> slaaplekker Cybermage
19:28:43 <floepa> tis ook nog echt helemaal niks met dit weer,, heb een zweetbeen
19:30:10 <Jeebeevee> kan die iig wel zwemmen :P
19:30:59 <Sciuro> heb net tijd gefietst, was best lekker, beetje wind
19:31:11 <Jeebeevee> lekker hoor
19:31:39 <floepa> moet je niet roeien?
19:32:39 <Jeebeevee> eignelijk wel. maar met blauwe ballen is het een beetje pijnlijk
19:33:04 <floepa> ohhh zo
19:33:44 <floepa> charming
19:34:35 <Sciuro> uhm.. juist ja
19:34:38 -!- Gysta [~ScoutLink@ScoutLink-3b4a2395.direct-adsl.nl] has joined #dutch
19:35:05 <Sciuro> hoi Gysta 
19:35:32 <floepa> hij deelt veel info met ons:P
19:36:06 <Sciuro> ik weet niet of ik dat wilde weten...
19:36:24 <Jeebeevee> sorry Sciuro
19:36:41 <floepa> voel je de pijn dan ook Sciuro?
19:36:51 <Sciuro> mijn beeld bij Jeebeevee zal nooit meer hetzelfde zijn
19:37:12 <Sciuro> nee floepa, ik heb ballen van staal.
19:37:17 <floepa> spannend
19:37:26 <Jeebeevee> lijkt me zwaar Sciuro
19:38:33 <floepa> teabaggen:P
19:39:15 <Sciuro> ik zie weer een medeleiding, ach wat, laat maar....
19:40:25 <floepa> hmmsz die zin klinkt apart
19:41:02 <floepa> Jeebeevee is gewoon klaar voor pasen:)
19:41:56 <Jeebeevee> hoop dat hij dan weer bijgekleurd is
19:42:31 <Sciuro> https://youtu.be/56mF0B7lrqc
19:43:53 <floepa> wat heb jij een mooie strik om je eitjes:P
19:45:10 <floepa> https://www.youtube.com/watch?v=DgbYRkNsLno zo is die leuker:)
19:46:16 <Sciuro> lol, die kende ik nog niet :)
19:47:52 <floepa> staat op de voorlaatste cd:)
19:54:38 <Jeebeevee> ik wil hhet niet weten
19:54:58 <Sciuro> dat wil je wel, geef het maar toe!
19:55:19 <Jeebeevee> stiekem wel, maar ik hou me tegen
19:55:29 * Jeebeevee niet op klikken, niet op klikken
19:57:56 <floepa> eb je stiekem al lang gedaan:P
19:58:24 <Jeebeevee> nope
19:58:55 <floepa> urbanis is hip:)
19:59:48 <Jeebeevee> oh is het urbanus
20:00:25 <floepa> wie dacht jij dan?
20:00:38 <Jeebeevee> geen idee, heb niet geklikt
20:03:13 <floepa> schaapje:)
20:03:37 <Jeebeevee> beeehhh
20:07:04 <floepa> me been heeft ook bijna een schapenvacht,, echt bah
20:07:54 <Jeebeevee> lekker zacht
20:09:08 <floepa> ik vind bah ieuw
20:10:24 <Jeebeevee> kun je straks wel mooi een kussen mee vullen
20:10:51 <floepa> t doucheputje ja:P
20:12:37 <Jeebeevee> zielig putje
20:13:15 <floepa> waarom?
20:13:34 <floepa> ik ga niet met vieze haren lopen:P
20:14:09 <Jeebeevee> je kunt ze in een kussensloop stoppen, kun je er lekker op slapen
20:14:33 <floepa> ik wil der zsm vanaf:P
20:15:23 * TheOmega gaat de auto instappen en naar huis (zit op in het LSC)
20:15:31 <TheOmega> tot laters!!!!
20:15:50 <Jeebeevee> goede reis
20:16:15 <Sciuro> suc6!
20:16:31 <TheOmega|AFK> dank jullie :D
20:20:06 <Jeebeevee> !koffie
20:20:06 * Proton pours Jeebeevee a cup of Coffee milk
20:21:33 <floepa> !thee
20:21:33 * Proton pours floepa a cup of Jin Xuan tea
20:28:11 <floepa> nou tis geen slaapthee
20:28:15 <floepa> maar toch welyrusten mensjes
20:28:21 <Sciuro> slaap lekker floepa 
20:28:46 <Jeebeevee> goedenacht floepa
20:29:27 <floepa> dank:) 
20:31:09 * Jeebeevee gaat zijn bed ook opzoeken
20:33:08 <Sciuro> slaap lekker Jeebeevee|AFK 
21:02:01 <Lotje> [NOSop3] Deze Brit wil jouw geld om Griekenland te redden - http://feeds.nos.nl/~r/nosop3/~3/FvBNCJbhT8s/816027
21:24:34 * Sciuro gaat ook zijn mandje eens opzoeken
21:24:52 <Sciuro> slaap lekker allemaal!
21:49:30 <caber> slaap lekker
22:17:24 -!- firebird [~Thunderbird@ScoutLink-3aea9f7d.adsl.xs4all.nl] has joined #dutch
22:23:03 -!- firebird [~Thunderbird@ScoutLink-3aea9f7d.adsl.xs4all.nl] has joined #dutch
23:01:01 -!- firebird [~Thunderbird@ScoutLink-3aea9f7d.adsl.xs4all.nl] has joined #dutch
