00:16:02 <Lotje> [Nu.nl] Piloot Britse vliegtuigcrash vecht voor leven - http://www.nu.nl/buitenland/4111296/piloot-britse-vliegtuigcrash-vecht-leven.html
02:24:18 -!- Jabar1_Majalengka_FahmiAMn [~Encepihwan@ScoutLink-23d96ba4.three.co.id] has joined #dutch
02:24:29 -!- Jabar1_Majalengka_FahmiAMn [~Encepihwan@ScoutLink-23d96ba4.three.co.id] has left #dutch
03:45:54 -!- Riau_Visuddho [~visuddho_do@21214b.94216b.8ad310.a34a5b] has joined #dutch
03:46:28 -!- Riau_Visuddho [~visuddho_do@21214b.94216b.8ad310.a34a5b] has left #dutch
04:11:44 -!- viani [~androidirc@597b71.728710.3333a3.cbf249] has joined #dutch
04:12:34 -!- viani [~androidirc@597b71.728710.3333a3.cbf249] has left #dutch
05:30:33 -!- jabar_bekasi_gio [~giovannirnh@7544bc.69ccfa.8430b4.14b337] has joined #dutch
05:30:42 -!- jabar_bekasi_gio [~giovannirnh@7544bc.69ccfa.8430b4.14b337] has left #dutch
07:55:01 <Lotje> [NOSop3] Video: Mei Xiang tijdens de bevalling - http://feeds.nos.nl/~r/nosop3/~3/F8Koo1D7YKs/836568
07:55:02 <Lotje> [NOSop3] Wekdienst: de Thalys-held, straaljagerpiloot en een pandatweeling - http://feeds.nos.nl/~r/nosop3/~3/ZV3AuDJupMM/836587
09:58:42 -!- adamwill [~rooza_cute@21214b.1fdf31.fc626e.2bc280] has joined #dutch
10:01:37 -!- adamwill [~rooza_cute@21214b.1fdf31.fc626e.2bc280] has left #dutch
10:01:57 -!- arjo [~arjo@user.scoutlink.net] has joined #dutch
10:11:07 -!- Timmy [kvirc@e4b087.fdf103.32f671.3b869e] has joined #dutch
10:31:02 <Lotje> [Speld.nl] Maaike (42) gaat uitsluitend naar singlesfeest om lekker te dansen - http://speld.nl/2015/08/23/maaike-42-gaat-uitsluitend-naar-singlesfeest-om-lekker-te-dansen/
11:08:32 -!- mib_ch4seh [Mibbit@ScoutLink-75a76b25.direct-adsl.nl] has joined #dutch
12:32:02 -!- ChanServ [ChanServ@services.scoutlink.net] has joined #dutch
12:32:02 -!- arjo [~arjo@user.scoutlink.net] has joined #dutch
12:32:02 -!- TheOmega [~SysCore@ScoutLink-d575816d.xs4all.nl] has joined #dutch
12:32:02 -!- mode/#dutch [+o ChanServ] by users.scoutlink.net
12:32:13 -!- Lotje [~Lotje@bot.scoutlink.net] has joined #dutch
12:32:13 -!- patate [~patate@user.scoutlink.net] has joined #dutch
12:32:13 -!- mode/#dutch [+Yqo Lotje Lotje Lotje] by users.scoutlink.net
12:32:32 -!- Sciuro [~rogier@ircop.scoutlink.net] has joined #dutch
12:32:32 -!- Cybermage [~cybermage@ScoutLink-7b646520.xs4all.nl] has joined #dutch
12:36:22 -!- dodgems [~dodgems@6bed2d.d27e09.fe0239.4638f6] has joined #dutch
12:45:45 -!- Jeebeevee [~Jeebeevee@f67dcd.644608.4e1d67.f918d7] has joined #dutch
12:56:02 <Lotje> [NOSop3] Datadump Ashley Madison kwam van server in Nederland - http://feeds.nos.nl/~r/nosop3/~3/0mK-cZ-7L_U/836687
12:58:40 -!- Roelke [~Roelke@ScoutLink-0b56728b.nl] has joined #dutch
12:58:40 -!- Voske [voske@ScoutLink-83d78b2a.netforce-is.nl] has joined #dutch
13:59:46 -!- ninnaG_ [~SLAndroid@7544bc.9a56ed.737234.4897ec] has joined #dutch
14:10:58 -!- ninnaG_ [~SLAndroid@7544bc.9a56ed.737234.4897ec] has joined #dutch
14:11:08 <ninnaG_> hi
14:11:20 <arjo> hey
14:12:39 <ninnaG_> hi im from indonesia ,where r u come from?
14:12:55 <ninnaG_> are you dutch all?
14:13:14 <arjo> The netherlands. welcome in our dutch channel. and yes, we all are (99% sure)
14:13:56 -!- Floep [~yaaic@a0ace6.6204a9.559185.a42224] has joined #dutch
14:14:00 <Floep> Oink :) 
14:14:10 <arjo> hey Floep 
14:14:46 <Floep> Oink arjo 
14:16:41 <ninnaG_> I could joint in this channel isnt? :)
14:16:52 <ninnaG_> *join
14:17:51 <ninnaG_> my english is very bad hehe
14:18:05 <arjo> ehm, sure you could join this channel. but the talking will not always be in English. 
14:19:05 -!- viani [~androidirc@ScoutLink-be133101.three.co.id] has joined #dutch
14:19:23 <ninnaG_> its okay, I can learn ducth lenguange from you all :)
14:19:30 <ninnaG_> its very funny
14:19:38 <arjo> haha oke
14:22:46 <ninnaG_> how scouts activities there?
14:23:31 <arjo> like per group or national/region activities?
14:26:50 -!- ninnaG_ [~SLAndroid@7544bc.9a56ed.737234.4897ec] has joined #dutch
14:30:56 <ninnaG_> today is the last day of jota joti, isnt?
14:34:55 -!- ninnaG_ [~SLAndroid@7544bc.9a56ed.737234.4897ec] has joined #dutch
14:39:20 -!- ninnaG_ [~SLAndroid@7544bc.9a56ed.737234.4897ec] has left #dutch
15:56:02 <Lotje> [NOSop3] Foo Fighters rickrollen Westboro Baptist Church - http://feeds.nos.nl/~r/nosop3/~3/smcaYhaXfaA/836771
16:33:01 <Lotje> [Nu.nl] Files in Zeeland door opkomend slecht weer - http://www.nu.nl/binnenland/4111622/files-in-zeeland-opkomend-slecht-weer.html
17:02:01 -!- Andrewf4 [Andrewf4@e2c8a4.c75894.3906b8.bbcf22] has joined #dutch
17:02:07 -!- Andrewf4 [Andrewf4@e2c8a4.c75894.3906b8.bbcf22] has left #dutch
17:57:01 <Lotje> [NOSop3] Feiten en cijfers over betalingsachterstanden - http://feeds.nos.nl/~r/nosop3/~3/4qAd2rXGBIg/836838
17:57:02 <Lotje> [NOSop3] Hoe voorkom je een betalingsachterstand bij DUO? - http://feeds.nos.nl/~r/nosop3/~3/OvS3ERIteM4/836842
17:57:18 -!- Whoopsie [~Whoopsie@ScoutLink-213f39f8.ip.telfort.nl] has joined #dutch
17:58:19 <Whoopsie> avond
17:59:14 <Cybermage> avond
18:02:18 <Whoopsie> zo ga maar weer eens een begin maken aan scoutlink os
18:05:20 -!- Timmy [~kvirc@a890db.8c88a7.4c9fc1.e6a0c7] has joined #dutch
18:10:37 <geejee> succes Whoopsie
18:10:53 <Whoopsie> haha danku. 
18:11:10 <Whoopsie> userhexchat dat gaat nog wel even duren denk ik. 
18:53:55 -!- Timmy [kvirc@a890db.8c88a7.4c9fc1.e6a0c7] has joined #dutch
