04:20:56 <Sciuro> Goedemiddag allemaal !!!!
04:54:01 <Lotje> [Nu.nl] 'Nederlandse asielzoekerscentra overvol' - http://www.nu.nl/binnenland/4101668/nederlandse-asielzoekerscentra-overvol.html
05:24:01 <Lotje> [NOSop3] Correspondent Tim de Wit bij King's Cross - http://feeds.nos.nl/~r/nosop3/~3/E9rE0ByzZbQ/819723
05:24:02 <Lotje> [NOSop3] Asielzoekerscentra raken vol - http://feeds.nos.nl/~r/nosop3/~3/RNcM5CJJBP4/830106
05:24:03 <Lotje> [NOSop3] Wekdienst: asielzoekers, Bill Cosby en vermiste zwemster - http://feeds.nos.nl/~r/nosop3/~3/KKeJbA7PnIk/830122
05:54:01 <Lotje> [NOSop3] Plattegronden van gevangenis Bonaire online - http://feeds.nos.nl/~r/nosop3/~3/fCZ4YHzbTXU/830143
06:14:10 -!- geejee [~ScoutLink@ircop.scoutlink.net] has joined #dutch
06:14:16 <geejee> hehoo
06:24:01 <Lotje> [NOSop3] Een trip down memory lane op het flashy Gamescom - http://feeds.nos.nl/~r/nosop3/~3/oaIW-N2I6us/830165
06:54:01 <Lotje> [Nu.nl] Van der Steur zegt standpunt over financiering politie niet te wijzigen - http://www.nu.nl/politiek/4101723/van-steur-zegt-standpunt-financiering-politie-niet-wijzigen.html
08:49:20 <caber> GOEDEMORGEN
09:26:08 <Lotje> [NOSop3] Linda Polman over de Daily Show - http://feeds.nos.nl/~r/nosop3/~3/hCFJV1Bh4rY/830219
09:26:09 <Lotje> [NOSop3] Te gast bij Jon Stewart: 'Hoogtepunt van m'n leven' - http://feeds.nos.nl/~r/nosop3/~3/tsTILtXfsSQ/830220
09:27:01 <Lotje> [Speld.nl] Sparen voor je alimentatie: begin er op tijd mee - http://speld.nl/2015/08/06/sparen-voor-je-alimentatie-begin-er-op-tijd-mee/
10:40:47 <Iljan> GOEDEMORGEN
10:45:04 <caber> GOEDENACHT
10:45:09 <caber> gaap :P
10:51:09 <Jeebeevee> Hallo Wereld, wereld, wereld
11:37:40 <caber> de wereld is van mij!
12:02:01 <Jeebeevee> dan zul je een gelukkig iemand zijn caber 
12:58:01 <Lotje> [NOSop3] Klap op je kop als kickbokser; even pijn of chronische last? - http://feeds.nos.nl/~r/nosop3/~3/WkCCGMRTgpA/830317
12:59:57 -!- Floepa_trein [~yaaic@3c9efd.c53bc1.19dd85.a64cb6] has joined #dutch
13:00:02 <Floepa_trein> Oink :)
13:00:37 <Jeebeevee> hoi Floepa_trein 
13:01:30 <Floepa_trein> zo we zijn al in Limburg nu nog omlaag:p
13:04:55 <Jeebeevee> als je in limburg bent, kun je toch al niet lager zinken :P
13:08:11 <Floepa_trein> En bedankt....
13:08:33 <Jeebeevee> graag gedaan :)
13:09:16 <Voske_> Jeebeevee > je gaat toch in limburg naar boven ipv naar onder ;-)
13:10:11 <Voske_> Ze hebben daar zelfs bergen... Die niet eens onder zeeniveau liggen ;-)
13:11:20 <Jeebeevee> maar in limburg ga je toch hoedan ook omlaag, als je naar friesland gaat ga je juist weer omhoog :)
13:12:07 <Floepa_trein> beetje jammer dat je in Friesland nog niet dood gevonden wil worden :p 
13:16:04 <Jeebeevee> klopt, want daar blijf je lang leven :P
13:16:20 <Floepa_trein> Whaha grapjas
13:17:25 <Jeebeevee> ben bloed serieus
13:17:56 <Floepa_trein> Ok wat jij wi
13:17:58 <Floepa_trein> l
13:19:47 <Jeebeevee> ik wil ...
13:19:50 <Jeebeevee> !koffie
13:19:50 * Alice pours Jeebeevee a cup of Kopi tubruk
13:20:07 <Jeebeevee> dank je Iljan 
13:20:32 <Floepa_trein> lieve iljan toch :)
13:20:43 <Jeebeevee> uhu, als ie een vrouw was ...
13:21:06 <Floepa_trein> niet eng gaan doen é :p
13:22:22 <Jeebeevee> ikke???? nooit
13:24:53 <Floepa_trein> ik zie nu een soort van iljan meets concierta wurst plaatje :p 
13:28:01 <Lotje> [NOSop3] Londenaren gaan los op The F*cking Tube Strike-kaart - http://feeds.nos.nl/~r/nosop3/~3/O6hXhifU_zc/830332
13:28:55 <Jeebeevee> *grin*
13:29:19 <Jeebeevee> hij heeft er wle de baard voor
13:29:48 <Floepa_trein> Haha 
13:30:07 <Iljan> !addquote 15:12 < Floepa_trein> beetje jammer dat je in Friesland nog niet dood gevonden wil worden :p
13:30:08 <Lotje> Quote #4 has been added.
13:30:56 <Iljan> Ja, jullie niveau gaat inderdaad omlaag
13:31:30 <Jeebeevee> logisch toch, ze zit in Limburg
14:12:01 <Lotje> [Speld.nl] Cruijff wil meer kansen voor F-jes in Ajax 1 - http://speld.nl/2015/08/06/cruijff-wil-meer-kansen-voor-f-jes-in-ajax-1/
14:17:19 <Iljan> https://twitter.com/MeesterWarbol/status/629295108140232704
14:25:04 <Iljan> https://twitter.com/MeesterWarbol/status/629295108140232704
15:14:11 -!- patate [~patate@user.scoutlink.net] has joined #dutch
15:14:13 <patate> hoi
15:29:01 <Lotje> [NOSop3] Vanaf je woonboot meekijken op de NS-wifi - http://feeds.nos.nl/~r/nosop3/~3/TA77AZ_pxgA/830387
16:29:01 <Lotje> [NOSop3] Hannes rommelt met Wifi in de trein - http://feeds.nos.nl/~r/nosop3/~3/RCma3U2WNC0/830444
17:35:56 -!- Roelke [~Roelke@ScoutLink-0b56728b.nl] has joined #dutch
17:59:01 <Lotje> [NOSop3] Ironman-pak aan en gáán - http://feeds.nos.nl/~r/nosop3/~3/rJVdMOD8ebc/830479
18:34:09 -!- Floepa_trein [~yaaic@3c9efd.c53bc1.19dd85.a64cb6] has left #dutch
19:29:01 <Lotje> [NOSop3] Rusland vernietigt Westerse eetwaren - http://feeds.nos.nl/~r/nosop3/~3/ynBI4f-9lcA/830389
19:29:02 <Lotje> [NOSop3] Kaas nieuwste smokkelwaar in Rusland - http://feeds.nos.nl/~r/nosop3/~3/a9cTAuQPnog/830527
19:59:01 <Lotje> [Nu.nl] Zoekactie naar brokstukken MH370 bij Réunion vergroot - http://www.nu.nl/buitenland/4102226/zoekactie-brokstukken-mh370-bij-reunion-vergroot.html
20:29:01 <Lotje> [NOSop3] 'Deze producten zijn gevaarlijk' - http://feeds.nos.nl/~r/nosop3/~3/yMbg03q_Dw0/830542
20:59:01 <Lotje> [NOSop3] Is het zand, is het steen? Nee, het is een alien met borsten - http://feeds.nos.nl/~r/nosop3/~3/qIsj9a-_kOI/830555
22:11:16 -!- firebird [~Thunderbird@ScoutLink-3aea9f7d.adsl.xs4all.nl] has joined #dutch
22:13:48 -!- firebird [~Thunderbird@ScoutLink-3aea9f7d.adsl.xs4all.nl] has joined #dutch
22:19:16 -!- MudScout [~MudScout@ScoutLink-36c022d2.dynamic.ziggo.nl] has joined #dutch
22:19:23 <MudScout> test
22:19:32 <Cybermage> test terug :)
22:19:38 <MudScout> Ha het werkt
22:20:01 <MudScout> dit is toch de site voor de joti e.d.
22:20:03 <MudScout> ?
22:20:31 <Cybermage> klopt dit is het kanaal die met de joti word gebruikt
22:20:42 <Cybermage> al zullen er met de joti meerdere kanalen worden aangemaakt
22:21:03 <MudScout> cool wou het inbrengen bij de volgende leiding vergadering voor onze scouts maar wou t van te voren ff testen
22:21:20 <MudScout> ok maar het werkt ongeveer het zelfde?
22:21:30 <Cybermage> exact het zelfde
22:21:35 <MudScout> nice
22:21:54 <Cybermage> het is alleen tijdens de joti wat drukker dan nu :)
22:22:05 <MudScout> zo'n vermoeden had ik al :p
22:23:04 <MudScout> In iedergeveal bedankt :)
22:23:25 <Cybermage> np :)
22:23:26 <MudScout> iemand nog op zomerkamp geweest?
22:24:19 <Cybermage> hier niet maar heb al jaren geen groep meer
22:25:08 <MudScout> ok
22:25:40 <MudScout> ik  ben dit jaar ook niet meegeweest viel tegeliker tijd met de tentamenweek 
22:26:40 <Cybermage> tja dat is belangrijke
22:26:41 <Cybermage> r
22:26:48 <MudScout> yeps
22:27:17 <MudScout> het was leuk om met je gesproken te hebben
22:27:34 <MudScout> ik ga er nu weer vandoor ff verder met m'n draaiboek ^^
22:27:39 <MudScout> doeg:)
22:27:41 <Cybermage> aha succes
22:27:46 <MudScout> tnx
22:27:52 -!- MudScout [~MudScout@ScoutLink-36c022d2.dynamic.ziggo.nl] has left #dutch
22:54:18 -!- firebird [~Thunderbird@ScoutLink-3aea9f7d.adsl.xs4all.nl] has joined #dutch
