02:58:01 <Lotje> [Nu.nl] Tientallen Chinezen vermist na aardverschuiving - http://www.nu.nl/buitenland/4107260/tientallen-chinezen-vermist-aardverschuiving.html
03:58:01 <Lotje> [Nu.nl] Dodental explosie China loopt op tot 112 - http://www.nu.nl/buitenland/4107263/dodental-explosie-china-loopt-112.html
06:03:48 <geejee> goedemorgen :}
07:43:01 <Lotje> [NOSop3] Onze correspondent Marieke de Vries praat je bij over de laatste stand van zaken - http://feeds.nos.nl/~r/nosop3/~3/6Vg1xV8lR7A/833831
07:43:02 <Lotje> [NOSop3] Wekdienst: snelwegbaby, kilo's wiet, meer Chinese doden - http://feeds.nos.nl/~r/nosop3/~3/abvjEn4jEaw/833832
10:03:18 -!- caber [~pd0tik@c23a3b.05a6d5.05f11a.3056e8] has joined #dutch
10:06:48 -!- Wheeze_NL [~LPV@ScoutLink-d575816d.xs4all.nl] has joined #dutch
11:17:01 <Lotje> [Speld.nl] Heerlijk genieten van authentieke E-nummers uit de streek - http://speld.nl/2015/08/16/heerlijk-genieten-van-authentieke-e-nummers-uit-de-streek/
12:10:56 -!- arjo [~quassel@8c151707:f5b09a1b:b6efd943:44751e95:1b0ee067] has joined #dutch
12:13:20 -!- arjo [~quassel@8c151707:f5b09a1b:b6efd943:44751e95:1b0ee067] has joined #dutch
12:21:56 -!- TheOmega [~SysCore@ScoutLink-d575816d.xs4all.nl] has joined #dutch
12:32:31 -!- arjo [~arjo@8c151707:f5b09a1b:b6efd943:44751e95:1b0ee067] has joined #dutch
12:32:56 <arjo> Hey
12:34:22 <TheOmega> hoi arjo 
12:36:03 -!- Jeebeevee [~Jeebeevee@58857a04:e5e6087a:94c35c8e:45bfeb80:9d7741b3] has joined #dutch
13:13:01 <Lotje> [NOSop3] Brits gemeenteraadslid wil meeuwen doden met drones - http://feeds.nos.nl/~r/nosop3/~3/iGisu4qQH84/833918
14:14:01 <Lotje> [NOSop3] Biking Dutchman: 'Wachten op de grote klap' - http://feeds.nos.nl/~r/nosop3/~3/VeLwZvbF3ws/833953
15:14:02 <Lotje> [NOSop3] Er bestaat zoiets als een WK trefbal - http://feeds.nos.nl/~r/nosop3/~3/YPdq0XsM0KQ/833993
15:27:50 -!- arjo [~arjo@user.scoutlink.net] has joined #dutch
16:17:04 -!- Douwe [~Egberts@ScoutLink-e40a8ee3.koffiejongen.org] has joined #dutch
16:21:53 -!- gbot48 [~gbot48@3c9efd.e54023.7f1e85.49adda] has joined #dutch
16:22:45 -!- TheOmega [~SysCore@ScoutLink-d575816d.xs4all.nl] has joined #dutch
16:23:53 -!- Alice [~Alice@ScoutLink-a67bd8bb.sciuro.org] has joined #dutch
16:28:53 -!- arjo [~arjo@user.scoutlink.net] has joined #dutch
16:56:37 -!- CM [~cybermage@ScoutLink-7b646520.xs4all.nl] has joined #dutch
16:58:24 -!- arjo_x [~arjo@user.scoutlink.net] has joined #dutch
20:17:02 <Lotje> [Nu.nl] Merkel noemt migranten grotere uitdaging dan crisis Griekenland - http://www.nu.nl/politiek/4107602/merkel-noemt-migranten-grotere-uitdaging-dan-crisis-griekenland.html
