01:05:59 -!- Wheeze_NL [~LPV@ScoutLink-d575816d.xs4all.nl] has joined #dutch
05:05:01 <Lotje> [NOSop3] Wekdienst: branden door bliksem, rellen Den Haag en Tarik Z. - http://feeds.nos.nl/~r/nosop3/~3/ssoVSRDGTJQ/817097
05:35:01 <Lotje> [NOSop3] NOS op 3 aan de Ghetto Fitness - http://feeds.nos.nl/~r/nosop3/~3/oSffVE0zDmY/817099
05:35:02 <Lotje> [NOSop3] NOS3 GHETTO FITNESS GEORGE RICHARDS - http://feeds.nos.nl/~r/nosop3/~3/g7AcB7SZVAU/817112
05:35:03 <Lotje> [NOSop3] Hangen aan stangen: Ghetto Fitness - http://feeds.nos.nl/~r/nosop3/~3/8IfGPd2UV9A/817113
06:05:31 -!- firebird [~Thunderbird@4ef1b0.5d536f.9cc53a.ba8d76] has joined #dutch
06:52:24 <Iljan> Hey nerds
07:08:52 <Cybermage> morgen Iljan
07:28:25 <Sciuro> goedemorgen allemaal!
07:38:00 <Sciuro> !koffie
07:38:00 * Proton pours Sciuro a cup of Marocchino
07:46:53 <TheOmega> Goedemorgen!
07:47:39 <Sciuro> Goedemorgen TheOmega!
07:59:11 <TheOmega> !koffie iedereen
07:59:11 * Proton pours TheOmega a cup of Ristretto
08:00:03 <TheOmega> .coffee iedereen
08:04:01 <TheOmega> ik blijf ruzie hebben met de koffie meneer/mevrouw, tijd dat ze HTCPCP gaan ondersteunen
08:04:20 -!- firebird [~Thunderbird@ScoutLink-3aea9f7d.adsl.xs4all.nl] has joined #dutch
08:08:28 <Sciuro> HTCPCP?
08:08:40 <Sciuro> Proton levert nog koffie :)
08:10:02 <Sciuro> Ah, rfc2324 :)
08:24:19 <TheOmega> jep, al is rfc7168 misschien beter voor hier ivm voorkeuren... :-P
08:31:53 <Sciuro> True! En de grap is dat binnenkort HTCPCP nog echt gebruikt kan gaan worden ook :)
08:39:14 <Iljan> Misschien een idee Sciuro: https://nl.wikipedia.org/wiki/Trojan_Room-koffiezetapparaat ?
08:40:01 <Lotje> [Speld.nl] Leukemiepatiëntje (6) wenst Griekenland uit eurozone - http://speld.nl/2015/07/03/leukemiepatientje-6-wenst-griekenland-uit-eurozone/
08:40:35 <Sciuro> Die ken ik ja :)
08:58:19 <Sciuro> Whoei! Mijn simkaart is verstuurd! :P
09:03:23 <Iljan> Ok, ik zeg niet vaak dat iets te ver gaat maar als de speld al gaat spotten met kinderen met leukemie...
09:03:27 <Iljan> Smakeloos
10:01:30 <floepa> beetje ver over de lijn idd
10:01:58 <Sciuro> LUNCHTIJD!!!!
10:03:36 <floepa> goeie.. uhmsz middag trouwens
10:03:52 <Cybermage> goedemiddag
10:05:01 <Lotje> [Nu.nl] Toespraken, muziek en dans bij herdenking MH17 - http://www.nu.nl/binnenland/4081035/toespraken-muziek-en-dans-bij-herdenking-mh17.html
10:05:02 <Lotje> [Nu.nl] 'Holleeder had plannen voor liquidaties acht personen' - http://www.nu.nl/binnenland/4081036/holleeder-had-plannen-liquidaties-acht-personen.html
10:33:34 <Sciuro> Zo, die is weer binnen
10:33:39 <Sciuro> hoi floepa :)
10:54:02 <floepa> oink Sciuro:)
11:25:54 -!- firebird [~Thunderbird@ScoutLink-3aea9f7d.adsl.xs4all.nl] has joined #dutch
11:35:01 <Lotje> [NOSop3] Pornoshow op universiteit Buenos Aires - http://feeds.nos.nl/~r/nosop3/~3/9w4gUr8UzxQ/817253
11:55:00 <Lotje> [Speld.nl] Pornoverslaafde werkt liever thuis - http://speld.nl/2015/07/03/pornoverslaafde-werkt-liever-thuis/
12:04:42 -!- firebird [~Thunderbird@ScoutLink-3aea9f7d.adsl.xs4all.nl] has joined #dutch
12:16:44 <Sciuro> nog mensen wakker of ligt iedereen met een ijsje in het gras te bakken?
12:17:08 <Cybermage>  ben nog wakker en ik lig niet te bakken :)
12:18:14 <Sciuro> kijk :)
12:19:31 <floepa> k doe niet aan bakken
12:42:19 <Sciuro> jij hebt je eigen zonnebrandbeen :)
12:43:41 <floepa> ik heb der ook gewoon t geduld niet voor:P,, om in de zon te gaan liggen en dan die zon te voelen branden,, nah niks voor mij
12:51:47 <Sciuro> hehe, waarom verbaast me dat niets :p
12:56:55 <floepa> maar k kom wel genoeg buiten om kleur te hebben,, maar dan heb ik wel van die fiets bruine benen:P,, zo`n stukje bovenbeen en knie en de rest van me benen een stuk minder:P
13:02:11 <Cybermage> zo nog 3 kwartier voor de kapper
13:05:01 <Lotje> [NOSop3] #SunburnArt: ziet er leuk uit, maar is extreem gevaarlijk - http://feeds.nos.nl/~r/nosop3/~3/vMoG3B7Axn0/817295
13:14:46 <Sciuro> ben woensdag naar de kapper geweest
13:14:55 <Sciuro> was wel extreem nodig geloof ik
13:17:37 <floepa> pruik achter gelaten?:)
13:26:43 <Sciuro> ja, ondanks dat mijn haar niet echt meer iets is, bleek er toch nog aardig wat vanaf te komen
13:32:45 <floepa> ben dat toch kwijt met die warmte,, lang dik haar is niet hip nu
13:33:07 <floepa> - ben je dat
13:42:22 * Cybermage gaat eens langzaam fietsen naar de kapper
13:53:24 <Sciuro> hier valt wel mee, maar moet zo weer op de fiets. best warm geloof ik buiten.
14:09:00 -!- Whoopsie [~Whoopsie@ScoutLink-213f39f8.ip.telfort.nl] has joined #dutch
14:09:03 <Whoopsie> Ola
14:09:40 * Whoopsie zet de blowers aan en ramen open in #dutch eerst maar een afkoelen
14:11:32 <Sciuro> hoi Whoopsie 
14:11:49 <Sciuro> we kunnen #dutch ook naar hier verplaatsen. 22 graden :)
14:16:32 <Whoopsie> of naar hier 18 graden :D
14:18:41 <Sciuro> ook goed! :)
14:20:51 <floepa> 18.. dan krijg je zo`n klap als je naar buiten gaat
14:22:08 <Whoopsie> floepa, dat is waar maar dan zet je de deur even open in de gang en dan ken je in iedergeval even een stapje maken.
14:23:48 <floepa> heb alles pot dicht,, maar tis hie rin huis 28... nadeel van plat dak:P
14:33:04 -!- Whoopsie_ [~Whoopsie@bb24fe.cb4328.d992ea.efff01] has joined #dutch
14:33:09 <Whoopsie_> zo ben ik weer
14:40:35 <Sciuro> wb Whoopsie_ 
14:42:48 <Iljan> Haha
14:42:52 <Iljan> !speld
14:42:53 <Lotje> [Speld.nl] Interview met BNer - http://speld.nl/2015/07/02/interview-met-bner/
14:42:53 <Lotje> [Speld.nl] Leukemiepatiëntje (6) wenst Griekenland uit eurozone - http://speld.nl/2015/07/03/leukemiepatientje-6-wenst-griekenland-uit-eurozone/
14:42:54 <Lotje> [Speld.nl] Pornoverslaafde werkt liever thuis - http://speld.nl/2015/07/03/pornoverslaafde-werkt-liever-thuis/
14:55:41 <Cybermage> zo 10 minuten geleden thuis van de kapper
14:56:06 <Sciuro> en gelukt?
14:56:19 <Cybermage> ow ja hoor ben weer kort en kaal :)
14:56:38 <floepa> ohh dat had ik ook wel gekunt met ene tondouse bij je:P
14:57:01 <Whoopsie_> !speld
14:57:03 <Lotje> [Speld.nl] Interview met BNer - http://speld.nl/2015/07/02/interview-met-bner/
14:57:04 <Lotje> [Speld.nl] Leukemiepatiëntje (6) wenst Griekenland uit eurozone - http://speld.nl/2015/07/03/leukemiepatientje-6-wenst-griekenland-uit-eurozone/
14:57:05 <Lotje> [Speld.nl] Pornoverslaafde werkt liever thuis - http://speld.nl/2015/07/03/pornoverslaafde-werkt-liever-thuis/
14:57:11 <Whoopsie_> :D
15:00:17 * Sciuro gaat eens even een airco achter op zijn fiets klussen en naar huis fietsen.
15:35:02 <Lotje> [NOSop3] 'Niemand weet waar we zondag nou precies voor stemmen' - http://feeds.nos.nl/~r/nosop3/~3/Bu9t1UQiUFM/817378
15:44:11 -!- firebird [~Thunderbird@ScoutLink-3aea9f7d.adsl.xs4all.nl] has joined #dutch
15:56:04 <Sciuro> Jaaaa!!! Thuis en ik heb vakantie!!!!!!
16:05:01 <Lotje> [NOSop3] Je kan wonen in een zelfvoorzienende zeecontainer - http://feeds.nos.nl/~r/nosop3/~3/eu-Ma5t2ZG4/817387
16:13:35 <Cybermage> pff motivatie 
16:15:53 <Sciuro> je hebt motivatie nodig?
16:18:04 <Cybermage> ja ik moest een motivatie schrijven voor dutchop sollicitatie :)
16:19:44 <Sciuro> "Ik denk dat ik heel geschikt ben voor deze functie, indien u anders beschikt, zal ik een ban moeten uitdelen" Zoiets?
16:22:52 <Cybermage> lol
16:30:13 <Sciuro> een aanbod voor een LED-strip schijnt het ook goed te doen :P
17:16:12 -!- Whoopsie_ [~Whoopsie@ScoutLink-a8455b26.direct-adsl.nl] has joined #dutch
17:27:24 <Cybermage> Sciuro_LG iets ontvangen?
17:35:58 <Sciuro_LG> Nope, maar zou ik iets moeten hebben?
17:59:32 <Cybermage> dacht door LG dat je sim kaart had ontvangen ;)
18:06:33 <Sciuro_LG> Nope. Simkaart word bezorgt op het vliegveld als ik aankom.
18:07:17 <Sciuro_LG> LG is mijn scoutinggroep. Zit te kijken hoe de explo's voor het zomerkamp aan het inpakken zijn.
18:13:11 <Sciuro_LG> Dat word gaotisch..
18:26:45 -!- TheOmega [~SysCore@c23a3b.05a6d5.05f11a.3056e8] has joined #dutch
18:40:51 -!- Whoopsie[at]SCOWO [~Whoopsie@ScoutLink-a8455b26.direct-adsl.nl] has joined #dutch
