00:48:03 -!- ettertje [~ettertje@b434ee.4d9959.32bd79.63f13c] has joined #dutch
05:08:01 <Lotje> [NOSop3] 11-jarige bevalt van kind - http://feeds.nos.nl/~r/nosop3/~3/O9oRJs0_99k/833084
05:08:02 <Lotje> [NOSop3] Wekdienst: noodweer, DNA-test en mosterdgas - http://feeds.nos.nl/~r/nosop3/~3/UUNScRr-7Nk/833093
05:09:02 <Lotje> [Nu.nl] Onweersbuien zorgen voor wateroverlast in Nederland - http://www.nu.nl/binnenland/4106190/onweersbuien-zorgen-wateroverlast-in-nederland.html
05:38:03 <Lotje> [NOSop3] Man omgekomen bij ongeluk met quad - http://feeds.nos.nl/~r/nosop3/~3/e2UvV1Qg_hM/831535
05:38:04 <Lotje> [NOSop3] 'Gebruik je verstand als je op een quad stapt' - http://feeds.nos.nl/~r/nosop3/~3/Gp3SJAMCeKs/833099
05:38:05 <Lotje> [NOSop3] Quads: potentiële moordwapens of onschuldige vierwielers? - http://feeds.nos.nl/~r/nosop3/~3/MmnUkPup5Xo/833102
06:45:06 -!- Whoopsie [~Whoopsie@ScoutLink-213f39f8.ip.telfort.nl] has joined #dutch
06:45:14 <Whoopsie> Ola
07:13:24 <geejee> morgen Whoopsie
07:13:31 <Whoopsie> mogu geejee 
07:36:12 <geejee> alles goed?
07:42:35 <Whoopsie> gaat prima
07:50:43 <geejee> mooi :)
07:57:11 <Whoopsie> probeer nu een native linux gmail client te vinden maar dat is er schijnbaar niet echt
08:01:54 <Whoopsie> of mischien toch wel
08:18:21 <geejee> waarom een gmail client? bij al die google shit heb je toch voldoende aan een browser :P
08:20:03 <Whoopsie> eingelijk gewoon een simpele browser zonder toolbar en alles
08:20:15 <Whoopsie> heb zelf ooit iets gemaakt maar ben dat bestand kwijt
08:20:27 <Whoopsie> dus dacht zoek het een op maar ken niks vinden 
08:20:32 <Whoopsie> zelf maar weer bouwen dus
08:36:42 <geejee> ok
08:45:02 <Lotje> [Speld.nl] Sail bevordert acceptatie van maritieme mensen - http://speld.nl/2015/08/14/sail-bevordert-acceptatie-van-maritieme-mensen/
12:15:02 <Lotje> [Speld.nl] Sven en Miranda willen géén stukjes en liedjes! - http://speld.nl/2015/08/14/sven-en-miranda-willen-geen-stukjes-en-liedjes/
12:17:40 -!- Whoopsie [~Whoopsie@ScoutLink-213f39f8.ip.telfort.nl] has joined #dutch
12:17:54 <Whoopsie> ol
12:17:56 <Whoopsie> a
12:20:01 <geejee> wb Whoopsie
12:20:35 <Whoopsie> was even op scoutin geweest. even iets regelen 
12:20:52 <Whoopsie> vervolgens nog langs een groot bedrijf wat regen voor scouting. oftewel weer druk gewest
13:29:01 <Lotje> [Nu.nl] Kerry aangekomen in Cuba om Amerikaanse vlag te hijsen - http://www.nu.nl/buitenland/4106560/kerry-aangekomen-in-cuba-amerikaanse-vlag-hijsen.html
13:43:03 <Lotje> [NOSop3] Australische popster twittert over z´n vlucht vanuit Syrië - http://feeds.nos.nl/~r/nosop3/~3/bT59CrnvE8g/833272
14:13:01 <Lotje> [NOSop3] Kan je het nog maken om bezorgkosten te rekenen? - http://feeds.nos.nl/~r/nosop3/~3/O2Kv8e7fzGc/833299
16:15:27 -!- Whoopsie [~Whoopsie@bb24fe.cb4328.d992ea.efff01] has joined #dutch
16:15:32 <Whoopsie> ola
16:19:45 <Cybermage> avond Whoopsie
16:22:33 <Whoopsie> ola Cybermage 
16:44:06 <Whoopsie> ja ik ga maar een op kamp
16:44:07 <Whoopsie> lator
18:45:01 <Lotje> [NOSop3] Meeluisteren met Obama - http://feeds.nos.nl/~r/nosop3/~3/v7ZMS__myqk/833384
19:44:17 -!- CM [~cybermage@ScoutLink-7b646520.xs4all.nl] has joined #dutch
