04:09:17 -!- Lotje [~Lotje@bot.scoutlink.net] has joined #dutch
04:09:17 -!- Voske [voske@ScoutLink-83d78b2a.netforce-is.nl] has joined #dutch
04:09:17 -!- geejee_CZ [geejee_CZ@ircop.scoutlink.net] has joined #dutch
04:09:17 -!- Cybermage [~cybermage@ScoutLink-7b646520.xs4all.nl] has joined #dutch
04:09:17 -!- dodgems [~dodgems@coord.scoutlink.net] has joined #dutch
04:09:17 -!- Jeebeevee|AFK [~Jeebeevee@ircop.scoutlink.net] has joined #dutch
04:09:17 -!- Iljan|AFK [~iljan@ircop.scoutlink.net] has joined #dutch
04:09:17 -!- Roelke [~Roelke@ScoutLink-0b56728b.nl] has joined #dutch
04:09:17 -!- Sciuro [~rogier@ircop.scoutlink.net] has joined #dutch
04:09:17 -!- ChanServ [ChanServ@services.scoutlink.net] has joined #dutch
04:09:17 -!- mode/#dutch [+Yqoo Lotje Lotje Lotje ChanServ] by users.scoutlink.net
04:15:46 -!- Lotje [~Lotje@bot.scoutlink.net] has joined #dutch
04:15:46 -!- Voske [voske@ScoutLink-83d78b2a.netforce-is.nl] has joined #dutch
04:15:46 -!- geejee_CZ [geejee_CZ@ircop.scoutlink.net] has joined #dutch
04:15:46 -!- Cybermage [~cybermage@ScoutLink-7b646520.xs4all.nl] has joined #dutch
04:15:46 -!- dodgems [~dodgems@coord.scoutlink.net] has joined #dutch
04:15:46 -!- Jeebeevee|AFK [~Jeebeevee@ircop.scoutlink.net] has joined #dutch
04:15:46 -!- Iljan|AFK [~iljan@ircop.scoutlink.net] has joined #dutch
04:15:46 -!- Roelke [~Roelke@ScoutLink-0b56728b.nl] has joined #dutch
04:15:46 -!- Sciuro [~rogier@ircop.scoutlink.net] has joined #dutch
04:15:46 -!- ChanServ [ChanServ@services.scoutlink.net] has joined #dutch
04:15:46 -!- mode/#dutch [+Yqoo Lotje Lotje Lotje ChanServ] by users.scoutlink.net
04:21:10 -!- patate_ [~patate@18e60e.b2ceb1.a65fda.9d5ea2] has joined #dutch
04:28:57 -!- Lotje [~Lotje@bot.scoutlink.net] has joined #dutch
04:28:57 -!- Voske [voske@ScoutLink-83d78b2a.netforce-is.nl] has joined #dutch
04:28:57 -!- geejee_CZ [geejee_CZ@ircop.scoutlink.net] has joined #dutch
04:28:57 -!- Cybermage [~cybermage@ScoutLink-7b646520.xs4all.nl] has joined #dutch
04:28:57 -!- dodgems [~dodgems@coord.scoutlink.net] has joined #dutch
04:28:57 -!- Jeebeevee|AFK [~Jeebeevee@ircop.scoutlink.net] has joined #dutch
04:28:57 -!- Iljan|AFK [~iljan@ircop.scoutlink.net] has joined #dutch
04:28:57 -!- Roelke [~Roelke@ScoutLink-0b56728b.nl] has joined #dutch
04:28:57 -!- Sciuro [~rogier@ircop.scoutlink.net] has joined #dutch
04:28:57 -!- patate_ [~patate@user.scoutlink.net] has joined #dutch
04:28:57 -!- ChanServ [ChanServ@services.scoutlink.net] has joined #dutch
04:28:57 -!- mode/#dutch [+Yqoo Lotje Lotje Lotje ChanServ] by users.scoutlink.net
04:43:46 -!- Douwe [~Egberts@ScoutLink-e40a8ee3.koffiejongen.org] has joined #dutch
04:44:57 -!- Voske [voske@ScoutLink-83d78b2a.netforce-is.nl] has joined #dutch
04:44:57 -!- dodgems [~dodgems@coord.scoutlink.net] has joined #dutch
04:53:16 -!- TheOmega [~SysCore@ScoutLink-d575816d.xs4all.nl] has joined #dutch
04:53:16 -!- Whoopsie [~Whoopsie@ScoutLink-213f39f8.ip.telfort.nl] has joined #dutch
05:08:40 -!- Voske [voske@ScoutLink-83d78b2a.netforce-is.nl] has joined #dutch
05:08:40 -!- dodgems [~dodgems@coord.scoutlink.net] has joined #dutch
05:08:44 -!- TheOmega [~SysCore@c23a3b.05a6d5.05f11a.3056e8] has joined #dutch
05:14:48 -!- geejee_CZ [geejee_CZ@ScoutLink-74b38b2e.adsl-surfen.hetnet.nl] has joined #dutch
05:45:01 <Lotje> [NOSop3] Man op straat doodgeschoten in Molenschot - http://feeds.nos.nl/~r/nosop3/~3/4iK5ZGj8j9Q/834419
05:45:02 <Lotje> [NOSop3] De politie deed onderzoek op een boerderij - http://feeds.nos.nl/~r/nosop3/~3/Il6yHBeTNrU/834469
05:45:03 <Lotje> [NOSop3] Wekdienst: Bangkok, meisje van Saksen en schietpartij Molenschot - http://feeds.nos.nl/~r/nosop3/~3/gkcfiXaIWj4/834477
06:45:01 <Lotje> [NOSop3] 'Het is hopen dat er zo weinig mogelijk ongelukken gebeuren' - http://feeds.nos.nl/~r/nosop3/~3/HdDeDXuzhJA/834485
06:45:02 <Lotje> [NOSop3] Het is een hele klus om botsingen op Sail te voorkomen - http://feeds.nos.nl/~r/nosop3/~3/JihFsVmdQes/834487
07:07:54 <Jeebeevee> Hallo Wereld, wereld, wereld
07:10:01 -!- Whoopsie [~Whoopsie@bb24fe.cb4328.d992ea.efff01] has joined #dutch
07:16:50 <Jeebeevee> hoi Whoopsie 
07:48:56 <Sciuro> mogu iedereen!
07:55:18 <Jeebeevee> he Sciuro 
08:05:38 <Sciuro> hoi Jeebeevee 
08:05:58 <Jeebeevee> al een beetje bij gekomen?
08:07:04 <Jeebeevee> of ook last van meningitis?
08:16:43 <Sciuro> volgens mij niet. Heb nog geen last.
08:16:59 <Sciuro> moest weer naar mijn werk, had best langer gewild...
08:20:37 <Jeebeevee> kan ik me voorstellen
08:20:45 <Jeebeevee> maar helaas de harde werkelijkheid roept
08:21:16 -!- caber [~pd0tik@ScoutLink-d575816d.xs4all.nl] has joined #dutch
08:38:42 <Sciuro> helaas wel ja.
08:46:49 <Sciuro> hoi caber 
08:52:09 <Jeebeevee> hoi en wb caber 
09:05:02 <Lotje> [Speld.nl] Kurt Cobain stapt uit 27 Club - http://speld.nl/2015/08/18/kurt-cobain-stapt-uit-27-club/
10:47:01 <Lotje> [NOSop3] Nooit meer 'sorry schat, ik heb hoofdpijn'? - http://feeds.nos.nl/~r/nosop3/~3/Ye-jLPT-7wI/834582
11:20:01 <Lotje> [Speld.nl] Schaf de journalistieke dienstplicht af - http://speld.nl/2015/08/18/schaf-de-journalistieke-dienstplicht-af/
12:17:01 <Lotje> [NOSop3] Mysterieus Macedonisch virus velt vakantiegangers - http://feeds.nos.nl/~r/nosop3/~3/f-l9nq4SSyU/834614
14:02:49 <Jeebeevee> .ping
14:09:56 <Sciuro> pang
14:19:42 <Jeebeevee> pung
14:20:02 <Lotje> [Speld.nl] Studenten kiezen vaker voor satanische sekte - http://speld.nl/2015/08/18/studenten-kiezen-vaker-voor-satanische-sekte/
15:37:51 <Whoopsie> Ola Jeebeevee|AFK (mijn reactie is laat xd maar beter te laat als nooit :P)
15:37:54 <Whoopsie> ola allemaal
15:49:01 <Lotje> [NOSop3] Martijn doet even voor hoe je afrekent met een selfie - http://feeds.nos.nl/~r/nosop3/~3/ZFdq_diwfu8/834687
15:49:02 <Lotje> [NOSop3] Even knipogen om af te tikken - http://feeds.nos.nl/~r/nosop3/~3/hMHlru9iH14/834690
16:28:24 -!- Whoopsie [~Whoopsie@ScoutLink-213f39f8.ip.telfort.nl] has joined #dutch
16:34:01 <Lotje> [Nu.nl] 'Justitie gebruikte informant in verkrachtingszaak Gerard T.' - http://www.nu.nl/binnenland/4108680/justitie-gebruikte-informant-in-verkrachtingszaak-gerard-t.html
16:34:02 <Lotje> [Nu.nl] VVD accepteert na urenlang beraad noodsteun Griekenland - http://www.nu.nl/politiek/4108621/vvd-accepteert-urenlang-beraad-noodsteun-griekenland.html
16:34:42 <caber> hallo
16:40:37 -!- arjo [~arjo@user.scoutlink.net] has joined #dutch
16:40:44 <arjo> Hey!
16:48:02 <caber> ahoy!
16:48:08 <caber> hoe is het met arjo ?
16:48:22 <Sciuro> hoi caber en arjo en Whoopsie 
16:48:29 <Whoopsie> ola Sciuro 
16:48:38 <Whoopsie> arjo, en caber 
16:52:58 <Sciuro> Yes! Netsplits!
16:56:24 -!- arjo_x [~arjo@user.scoutlink.net] has joined #dutch
17:10:22 <arjo_x> oh goed hoor. bijna klaar met mijn websites. 
17:49:01 <Lotje> [NOSop3] Hoe werken de beacons? - http://feeds.nos.nl/~r/nosop3/~3/4N-XK2aHBmE/834748
17:49:03 <Lotje> [NOSop3] Harro mag/moet klimmen - http://feeds.nos.nl/~r/nosop3/~3/mCBA7bgwxe0/834749
17:49:04 <Lotje> [NOSop3] In de mast klimmen zonder last van hoogtevrees - http://feeds.nos.nl/~r/nosop3/~3/te7qd5l7xDQ/834752
18:05:11 <Whoopsie> arjo_x, een website aan het bouwen ?
18:06:28 <arjo_x> yep, een soort van materialen database. je kunt items toevoegen en daarnaa een order aanmaken waar je die items dan weer in kunt verwerken. 
18:06:55 <arjo_x> eerder werden de materialen bijgehouden in een excel lijstje maar dat ging nooit zo super.
18:07:26 <arjo_x> https://github.com/TrackingTeam/Inventory-Track
18:08:05 <Whoopsie> aha voor scouting ?
18:08:19 <Whoopsie> wij houden dat soort dingen ook nogsteeds bij in een excelsheet
18:10:47 <Sciuro> wij houden het niet bij :P
18:10:57 <Whoopsie> hoegroot is ou groep ?
18:11:03 <Whoopsie> wij hebben daar 2 man opstaan 
18:11:23 <Whoopsie> mijn groep bestaat uit ongeveer 400 leden en kaderleden totaal
18:11:30 <Whoopsie> dan is overzicht we makkelijk :D
18:13:59 <Sciuro> Wij zijn vele malen kleiner. :-)
18:17:54 <arjo_x> nee, dit is voor kinderdorp.
18:19:01 <Lotje> [NOSop3] Kinderen spelen op actieve WWII bom - http://feeds.nos.nl/~r/nosop3/~3/7XO4ylpKL2o/834760
18:20:02 <Whoopsie> aha
18:21:58 <arjo> het is vrij veel werk om te bouwen maar tegelijk ook leuk omdat ik een heleboel nieuwe dingen leer. volgende stap is om het als een module op te bouwen zodat we het compatible hebben met het laravel framework.
18:36:01 -!- Roelke [~Roelke@ScoutLink-0b56728b.nl] has joined #dutch
18:36:07 <Whoopsie> wb Roelke 
19:16:34 -!- Whoopsie [~Whoopsie@ScoutLink-213f39f8.ip.telfort.nl] has joined #dutch
19:37:20 -!- geejee_CZ [geejee_CZ@ScoutLink-74b38b2e.adsl-surfen.hetnet.nl] has joined #dutch
20:57:38 -!- Floep [~yaaic@d7d183.390167.12cbef.daef43] has joined #dutch
