02:19:01 <Lotje> [Nu.nl] Reddingsteam ziet brokstukken Indonesisch vliegtuig in Papoea - http://www.nu.nl/buitenland/4107633/reddingsteam-ziet-brokstukken-indonesisch-vliegtuig-in-papoea.html
05:33:01 <Lotje> [NOSop3] Wekdienst: Tianjin, cyberpesten en Noorse les - http://feeds.nos.nl/~r/nosop3/~3/294PBCtCXaE/834145
06:03:01 <Lotje> [NOSop3] Noorse gevangenen naar Veenhuizen - http://feeds.nos.nl/~r/nosop3/~3/sYKSyssVskc/765063
06:03:02 <Lotje> [NOSop3] Nederlandse cipiers krijgen Noorse les - http://feeds.nos.nl/~r/nosop3/~3/10lqaRGn9TY/834163
06:26:08 <Jeebeevee> Hallo Wereld, wereld wereld
06:44:55 -!- Floep [~yaaic@d7d183.390167.12cbef.daef43] has joined #dutch
06:45:01 <Floep> Oink :) 
06:47:30 <Jeebeevee> hoi vakantieganger
06:49:14 <Floep> Oink harde werker :) 
06:49:32 <Jeebeevee> tja je hebt sier paardne en werkpaarden
06:49:56 <Floep> ik ben geen paard 
06:51:48 <Jeebeevee> bij wijze van spreken
06:52:36 <Floep> maar t regent hier alleen maar 
06:55:14 <Jeebeevee> scheelt, hier ook
06:55:35 <Floep> Uhu heb je dan 6 uur voor in de auto gezeten
06:57:05 <Jeebeevee> die 6 uur had je je dus kunnen besparen :P
06:57:51 <Floep> achja tis mooi hier zullen we maar zeggen
06:59:31 <Jeebeevee> en het zal vast nog wel droog worden
06:59:46 <Floep> Uhu donderdag en vrijdag
07:00:53 <Jeebeevee> en dan , zaterdag weer terug?
07:01:43 -!- Iljan [~iljan@ircop.scoutlink.net] has joined #dutch
07:01:59 <Floep> Uhu 
07:02:09 <Floep> Oink iljan
07:02:11 <Iljan> Goeiemorgen!
07:02:18 <Jeebeevee> Heeee Iljan 
07:02:25 <Jeebeevee> koffie?
07:03:15 <Floep> bah
07:04:15 <Jeebeevee> yoghie dan?
07:04:33 <Floep> kom maar brengen:) 
07:04:49 <Floep> in pjverty
07:05:18 <Jeebeevee> kom maar halen, jij wil het hebben
07:05:46 <Floep> je bent ook niet meer aardig é
07:05:57 <Floep> ga wel boodschappen doen vandaag
07:06:08 <Jeebeevee> dat pjverty is wel heel klein, google kent het niet
07:06:55 <Floep> loucna pod klinovcem
07:07:58 <Jeebeevee> ah, wintersport gebied, zit je in de goede tijd :P
07:09:36 <Floep> Moet je ruim zien :p 
07:10:07 <Floep> gister was t bierfest in oberwiesental
07:10:33 <Jeebeevee> ah, gezellig?
07:11:55 <Floep> Jap met slechte muziek
07:14:08 <Jeebeevee> goed feestje dus
07:15:00 <Floep> vandaag gaan we zwemmen:) 
07:16:05 <Jeebeevee> ik hoop voor je dat jullie naar een binnen bad gaan
07:16:54 <Floep> Uhu das wel t idee 
07:19:05 <Floep> tijd voor ontbijt:) 
07:23:10 <Jeebeevee> smakkelijk
08:02:03 -!- geejee_CZ [geejee_CZ@ircop.scoutlink.net] has joined #dutch
08:02:11 <geejee_CZ> hehoo
08:04:55 <Jeebeevee> hoi geejee_CZ 
08:05:56 <Jeebeevee> dobry den
08:20:14 <Jeebeevee> .ping
08:33:01 <Lotje> [Speld.nl] PSV op zoek naar clubicoon voor zeikcolumns - http://speld.nl/2015/08/17/psv-op-zoek-naar-clubicoon-voor-zeikcolumns/
08:35:01 <Lotje> [NOSop3] 'Ik voldoe aan alle macho-clichés. Hoe kan ik homo zijn?' - http://feeds.nos.nl/~r/nosop3/~3/ZlHCFFnA4Z0/834199
11:48:01 <Lotje> [Speld.nl] Cyperpesten maakt vernedering vluchtig en oppervlakkig - http://speld.nl/2015/08/17/cyperpesten-maakt-vernedering-vluchtig-en-oppervlakkig/
11:51:02 <Lotje> [Nu.nl] Emile Ratelband gaat vrijuit in brandstichtingszaak - http://www.nu.nl/achterklap/4107738/emile-ratelband-gaat-vrijuit-in-brandstichtingszaak.html
11:51:03 <Lotje> [Nu.nl] Schoorstenen op risicowoningen in Groningen vervangen - http://www.nu.nl/gaswinning-groningen/4107827/schoorstenen-risicowoningen-in-groningen-vervangen.html
12:36:02 <Lotje> [NOSop3] Lachgas verboden in piepklein stukje van Londen - http://feeds.nos.nl/~r/nosop3/~3/vAE5F3yPmwk/834277
14:33:01 <Lotje> [Speld.nl] Compositietekening: links georiënteerd uiterlijk - http://speld.nl/2015/08/17/compositietekening-links-georienteerd-uiterlijk/
15:39:01 <Lotje> [NOSop3] Verkrachtingszaak om 'senior salute' aan Amerikaanse eliteschool - http://feeds.nos.nl/~r/nosop3/~3/qU6eCddg__8/834366
16:18:37 -!- SL_Harry [info@a960c1.0ef094.470fa6.32c8c9] has joined #dutch
16:29:59 <Sciuro> Goedenavond allen!
17:27:29 -!- Cybermage [~cybermage@ScoutLink-7b646520.xs4all.nl] has joined #dutch
17:40:01 <Lotje> [NOSop3] Nadine Klingen is wereldkampioen etaleren - http://feeds.nos.nl/~r/nosop3/~3/sAGhFnfsOos/834391
17:54:08 -!- Whoopsie [~Whoopsie@ScoutLink-213f39f8.ip.telfort.nl] has joined #dutch
18:45:46 -!- Whoopsie [~Whoopsie@ScoutLink-213f39f8.ip.telfort.nl] has joined #dutch
19:01:12 -!- Cybermage [~cybermage@ScoutLink-7b646520.xs4all.nl] has joined #dutch
19:10:01 <Lotje> [NOSop3] Massamoord gepland op Lowlands - http://feeds.nos.nl/~r/nosop3/~3/lvmnMVErLKk/834403
19:27:45 <Sciuro> Hoi Hans.
19:42:46 <geejee_CZ> hey Sciuro
19:43:02 <Sciuro> hoi geejee_CZ 
19:44:15 <geejee_CZ> japan overleefd?
19:55:32 <Sciuro> Ja hoor. Geloof van wel
19:55:45 <Sciuro> Vandaar weer voor het eerst naar kantoor geweest.
19:56:39 <Sciuro> *vandaag
20:09:08 <Sciuro> En nederland bestaat ook nog geloof ik.
20:09:27 <Sciuro> iig regent het hier goed en is het kkkkoud....
20:14:06 <Voske_> Sciuro > welkom terug
20:16:04 <Sciuro> Dank je Voske!
20:17:20 <Voske> Het zal inderdaad wel een temperatuurshock zijn... Ik zag thermometer foto's uit Japan, wat bijna hier de watertemperatuur is van de CV in de winter ;-)
20:19:40 <Sciuro> klopt, van het leidingwater daar kon je gerust thee zetten
20:19:53 <Voske> ;-)
20:20:45 <Voske> En ik zag wachtrijen bij het eten, wat leek of iedereen op de iphone 9,5 aan het wachten was ;-)
20:21:48 <Sciuro> klopt idd. Gemiddelte wachttijd was 2 uur voor ontbijd en 2 uur voor avondeten.
20:21:53 <Sciuro> was niet te doen...
20:23:03 <Sciuro> uiteindelijk zijn we in het dorp s'avonds gaan eten, was nog een stuk lekkerder ook :)
20:36:59 <Voske> Pff dat is wel er zeg
20:37:37 <Sciuro> yup. zeker wel
20:38:46 <Voske> Dat heb ik nog nooit ergens mee gemaakt.. in DK en FI was het max 10 minuten of zo... maar dat waren allemaal recht toe recht aan menus dat wel.. Ik zag heel bijzondere dozen voorbij komen op filmpjes ;-)
20:41:01 <Sciuro> over het algemeen was het maar 1 soort menu. Die dozen waren uitzonderingen
20:41:34 <Sciuro> rijst/noedels/brood met koolsla en een stukje wat leek op vlees. En iets met vruchten na.
20:41:52 <Sciuro> en het stukje vlees veranderde per dag. Dat was de enige variatie
20:43:16 <Voske> OK.... 
20:43:37 <Voske> Zo wel voor de deelnemers als IST?
20:49:00 <Sciuro> deelnemers weet ik niet, maar volgens mij moesten die ook lang wachten
