02:57:01 <Lotje> [Nu.nl] Generaal Middendorp wil versterking voor leger - http://www.nu.nl/politiek/4100333/generaal-middendorp-wil-versterking-leger.html
05:42:02 <Lotje> [NOSop3] Beelden omgevallen kraan - http://feeds.nos.nl/~r/nosop3/~3/_BxsFz1JsHY/829312
05:42:03 <Lotje> [NOSop3] Wekdienst: Gevallen kraan, Batmanschutter, Ajax - http://feeds.nos.nl/~r/nosop3/~3/yVP1N7uhPZ4/829314
06:35:25 <Jeebeevee> Hallo Wereld, wereld, wereld
06:35:35 <Jeebeevee> !koffie
06:35:36 * Alice pours Jeebeevee a cup of Café au lait
06:36:37 <floepainwonderland> goedemorgen
06:42:02 <Lotje> [NOSop3] Met een stel eerste huis bekijken - http://feeds.nos.nl/~r/nosop3/~3/E-2hsl5MD5c/829328
06:42:03 <Lotje> [NOSop3] 'Dit is het moment om te kopen voor starters' - http://feeds.nos.nl/~r/nosop3/~3/SxI0UA-fgO0/829330
06:42:04 <Lotje> [NOSop3] Te weinig stages voor zeevaartstudenten - http://feeds.nos.nl/~r/nosop3/~3/JBKSeoBYRUc/829336
08:17:09 -!- firebird [~Thunderbird@ScoutLink-3aea9f7d.adsl.xs4all.nl] has joined #dutch
09:32:07 -!- geejee [~ScoutLink@ircop.scoutlink.net] has joined #dutch
09:32:13 <geejee> hehoo
09:42:02 <Lotje> [Haarlem Jamborette] A nice day at Aqua - http://www.haarlemjamborette.nl/a-nice-day-at-aqua/
09:42:29 <Jeebeevee> hoi geejee , lekker van je vakantie aan het genieten?
09:56:02 <Lotje> [Speld.nl] Privéleven Roy op straat door Facebook-reactie tante Lien - http://speld.nl/2015/08/04/priveleven-roy-op-straat-door-facebook-reactie-tante-lien/
10:36:05 -!- Wheeze_NL [~LPV@ScoutLink-d575816d.xs4all.nl] has joined #dutch
10:43:02 <Lotje> [Nu.nl] Burgemeester Alphen wil niet ingaan op kritiek rond ongeluk - http://www.nu.nl/binnenland/4100574/burgemeester-alphen-wil-niet-ingaan-kritiek-rond-ongeluk.html
11:56:03 <Lotje> [Speld.nl] Media verliezen hoop op slachtoffers Alphen - http://speld.nl/2015/08/04/media-verliezen-hoop-op-slachtoffers-alphen/
12:13:01 <Lotje> [NOSop3] Indiase rapster pakt Unilever aan - http://feeds.nos.nl/~r/nosop3/~3/Dcb28NA7-1Y/829454
15:28:03 <Lotje> [Haarlem Jamborette] Wonderful Walibi World - http://www.haarlemjamborette.nl/wonderful-walibi-world/
15:44:02 <Lotje> [NOSop3] Helpt perensap je van je kater af? - http://feeds.nos.nl/~r/nosop3/~3/xADDE_n5VQE/829528
15:44:02 <Lotje> [NOSop3] Hallo perensap, daaag kater - http://feeds.nos.nl/~r/nosop3/~3/Btp7wm4IVNc/829531
17:46:01 <Lotje> [NOSop3] Waarom vrouwen het altijd koud hebben op kantoor - http://feeds.nos.nl/~r/nosop3/~3/A2S-Q-EGqvU/829595
18:01:02 <Lotje> [Nu.nl] KNVB wil uiterlijk donderdag duidelijkheid over eredivisie - http://www.nu.nl/binnenland/4100869/knvb-wil-uiterlijk-donderdag-duidelijkheid-eredivisie.html
18:36:22 -!- Cybermage [~cybermage@ScoutLink-7b646520.xs4all.nl] has joined #dutch
18:46:03 <Lotje> [NOSop3] De volgende jumbojet is vooral heel erg snel - http://feeds.nos.nl/~r/nosop3/~3/rJuzIyl61hE/829624
20:16:01 <Lotje> [Nu.nl] Extra woningen Alphen ontruimd na verschuiven ponton - http://www.nu.nl/binnenland/4100914/extra-woningen-alphen-ontruimd-verschuiven-ponton.html
20:16:02 <Lotje> [Nu.nl] Ajax mist Champions League na nederlaag tegen Rapid Wien - http://www.nu.nl/voetbal/4100911/ajax-mist-champions-league-nederlaag-rapid-wien.html
21:44:17 -!- firebird [~Thunderbird@ScoutLink-3aea9f7d.adsl.xs4all.nl] has joined #dutch
