03:22:02 <Lotje> [Nu.nl] Hevige regenval maakt slachtoffers in India en Myanmar - http://www.nu.nl/buitenland/4099708/hevige-regenval-maakt-slachtoffers-in-india-en-myanmar.html
05:36:01 <Lotje> [NOSop3] De Dopingautoriteit - http://feeds.nos.nl/~r/nosop3/~3/43ucPdUszCU/828949
05:36:02 <Lotje> [NOSop3] "Het zijn de mensen die je opeens ziet opblazen" - http://feeds.nos.nl/~r/nosop3/~3/iahhtBmA77Y/828950
05:36:03 <Lotje> [NOSop3] Aan de doping voor een strak strandlichaam - http://feeds.nos.nl/~r/nosop3/~3/bXt5XUS8C5Y/828952
05:52:02 <Lotje> [Nu.nl] Rijkswaterstaat doet hele nacht onderzoek naar rode gloed in zee - http://www.nu.nl/binnenland/4099730/rijkswaterstaat-doet-hele-nacht-onderzoek-rode-gloed-in-zee.html
06:03:32 -!- floepainwonderland [~info@ScoutLink-74b38b2e.adsl-surfen.hetnet.nl] has joined #dutch
06:31:13 -!- geejee [~ScoutLink@ircop.scoutlink.net] has joined #dutch
06:31:18 <geejee> hehoo
07:40:49 <Iljan> Yoooo hooo
07:53:45 <geejee> hey Iljan
08:07:01 <Lotje> [Nu.nl] Advies om niet te zwemmen in Noordzee vanwege zeevonk - http://www.nu.nl/binnenland/4099824/advies-niet-zwemmen-in-noordzee-vanwege-zeevonk.html
08:14:11 -!- firebird [~Thunderbird@ScoutLink-3aea9f7d.adsl.xs4all.nl] has joined #dutch
08:37:01 <Lotje> [NOSop3] Israël rouwt om doodgestoken meisje Gay Pride - http://feeds.nos.nl/~r/nosop3/~3/YP1YiCOAmxo/829008
09:08:33 <floepainwonderland> goedemorgen
09:40:01 <Lotje> [Speld.nl] Kamer per direct niet terug van reces - http://speld.nl/2015/08/03/kamer-per-direct-niet-terug-van-reces/
10:40:04 <Jeebeevee> Hallo Wereld, wereld, wereld
10:55:01 <Lotje> [Speld.nl] Hufter laat waardevolle spullen achter in snikhete auto - http://speld.nl/2015/08/03/hufter-laat-waardevolle-spullen-achter-in-snikhete-auto/
11:37:26 <Jeebeevee> !koffie
11:37:26 * gbot48 pours Jeebeevee a cup of Coffee cabinet
12:07:24 -!- firebird [~Thunderbird@ScoutLink-3aea9f7d.adsl.xs4all.nl] has joined #dutch
12:24:01 <Lotje> [Nu.nl] ADO Den Haag tegen PSV gaat niet door bij staking politie - http://www.nu.nl/binnenland/4099998/ado-haag-psv-gaat-niet-bij-staking-politie.html
13:04:43 -!- firebird [~Thunderbird@ScoutLink-3aea9f7d.adsl.xs4all.nl] has joined #dutch
13:26:10 <floepainwonderland> oink:)
13:35:33 <Jeebeevee> hoi floepainwonderland 
14:02:20 <Iljan> Hoe is het daar?
14:03:16 <Jeebeevee> Het is hier goed :P
14:03:36 <Iljan> Ben jij ook in wonderland?
14:03:50 <Jeebeevee> Als ik naast je zit altijd
14:08:48 <Jeebeevee> !koffie
14:08:48 * Alice pours Jeebeevee a cup of Café de olla
14:50:12 <Jeebeevee> !nu
14:50:12 <Lotje> [Nu.nl] 'Politie Brazilië doodde in vijf jaar zeker 1.500 mensen in Rio de Janeiro' - http://www.nu.nl/buitenland/4100102/politie-brazilie-doodde-in-vijf-jaar-zeker-1500-mensen-in-rio-janeiro.html
14:50:13 <Lotje> [Nu.nl] Meerdere gewonden na omvallen twee bouwkranen in Alphen aan den Rijn - http://www.nu.nl/binnenland/4100109/meerdere-gewonden-omvallen-twee-bouwkranen-in-alphen-rijn.html
14:50:14 <Lotje> [Nu.nl] ADO Den Haag tegen PSV gaat niet door bij staking politie - http://www.nu.nl/binnenland/4099998/ado-haag-psv-gaat-niet-bij-staking-politie.html
14:50:45 <floepainwonderland> genieten is t hier:)
14:54:28 <floepainwonderland> behalve dan dat de ns niet mee werkt
14:55:04 <Jeebeevee> heeft dat het ooit wel gedaan dan?
14:55:44 <floepainwonderland> soms:)
14:56:07 <floepainwonderland> maar je kan nu totaal niet na limburg treinen met de fiets,,  
14:56:16 <Iljan> T spoort dus niet zo in wonderland
14:56:21 <Iljan> Goed om te weten
14:56:29 <Jeebeevee> *grin*
14:57:07 <floepainwonderland> mwah dat dee t nooit:)
14:57:25 <Iljan> Is er naast floepa ook een floepma eigenlijk?
14:58:11 <floepainwonderland> een floepa is genoeg:)
14:58:34 <Iljan> :)
14:59:02 -!- geejee [~ScoutLink@ircop.scoutlink.net] has joined #dutch
14:59:09 <geejee> hehoo
14:59:16 <Iljan> Hoi geejee 
14:59:24 <Iljan> En doei maar weer :)
14:59:30 <Jeebeevee> zo op naar huis :)
14:59:35 <floepainwonderland> fijne avond mannetjes
15:31:27 -!- firebird [~Thunderbird@ScoutLink-3aea9f7d.adsl.xs4all.nl] has joined #dutch
15:39:01 <Lotje> [NOSop3] Maffiabericht: 'De schapen moeten geschoren worden' - http://feeds.nos.nl/~r/nosop3/~3/jXJJcCAmg6s/829175
15:40:01 <Lotje> [Speld.nl] De 3 beste BBQ-geheimen als je geen lava in huis hebt - http://speld.nl/2015/08/03/de-3-beste-bbq-geheimen-als-je-geen-lava-in-huis-hebt/
17:14:42 -!- Roelke_ [~Roelke@ScoutLink-0b56728b.nl] has joined #dutch
17:32:28 -!- geejee [~ScoutLink@ScoutLink-74b38b2e.adsl-surfen.hetnet.nl] has joined #dutch
17:39:01 <Lotje> [NOSop3] Bouwkraan op huizen Alphen a/d Rijn: een overzicht - http://feeds.nos.nl/~r/nosop3/~3/-T-MV5qs76A/829215
18:09:03 <Lotje> [NOSop3] 'Meld je aan, het is superbelangrijk' - http://feeds.nos.nl/~r/nosop3/~3/jr0qzs-_1nc/829221
18:36:30 -!- Cybermage [~cybermage@a3f0a1.741a35.40aa60.aeaeb0] has joined #dutch
19:00:27 -!- firebird [~Thunderbird@ScoutLink-3aea9f7d.adsl.xs4all.nl] has joined #dutch
19:56:13 -!- geejee [~ScoutLink@ScoutLink-74b38b2e.adsl-surfen.hetnet.nl] has joined #dutch
19:56:39 <geejee> re
20:25:01 <Lotje> [Nu.nl] Drie personen als verdachte aangemerkt bij ongeluk Alphen - http://www.nu.nl/binnenland/4100295/drie-personen-als-verdachte-aangemerkt-bij-ongeluk-alphen.html
20:40:01 <Lotje> [NOSop3] Dé ooggetuige van vandaag: Dick van Smirren in Alphen - http://feeds.nos.nl/~r/nosop3/~3/QMAvdAZD5C8/829262
21:09:00 -!- Nick [Mibbit@ScoutLink-d766b4e7.hsi12.unitymediagroup.de] has joined #dutch
21:09:45 -!- Nick [Mibbit@ScoutLink-d766b4e7.hsi12.unitymediagroup.de] has left #dutch
