00:01:02 <Lotje> [Nu.nl] 'MERS-epidemie Zuid-Korea voorbij' - http://www.nu.nl/buitenland/4096399/mers-epidemie-zuid-korea-voorbij.html
00:16:02 <Lotje> [Nu.nl] Rusland zint op veto MH17-tribunaal - http://www.nu.nl/buitenland/4096405/rusland-zint-veto-mh17-tribunaal.html
05:21:16 <caber> GOEDEMORGEN #dutch~
05:48:01 <Lotje> [NOSop3] Wekdienst: mini-onderzeeër, scouting en NAVO-top - http://feeds.nos.nl/~r/nosop3/~3/y8O0x0B2MUY/826897
06:06:02 <Lotje> [Scouting Nieuws] WEERZIEN: Vakantie! - http://www.scoutingnieuws.nl/post/125236970672
06:33:07 <Jeebeevee> Hallo wereld, wereld, wereld
06:35:25 <Iljan> Hoitjes!
06:35:32 <Iljan> !gooisnack
06:35:32 <Proton2> Whoei! Jummie! Geeft Iljan een knuffel.
06:36:10 <Iljan> rip
06:36:12 -!- dodgems [~dodgems@6bed2d.d27e09.fe0239.4638f6] has joined #dutch
06:56:16 <geejee> hehoo
07:04:11 <Iljan> Quote van de dag "Ik ben zo donders gek op merg pijpen"
07:06:42 <Jeebeevee> moest je nou jezelf qouten?
07:07:56 <geejee> ik dacht het andere werkwoord
07:16:12 <floepa> goeiemorgen:)
07:17:59 <Jeebeevee> "50 minuten is een uur" - weet niet waar hij heeft leren klokkijken
07:18:01 <Lotje> [NOSop3] Balletje trappen? Trek iets lichts en fel aan - http://feeds.nos.nl/~r/nosop3/~3/UpXz8rNGWao/826921
07:18:02 <Lotje> [NOSop3] Hoe lichter en feller hoe beter - http://feeds.nos.nl/~r/nosop3/~3/TwR3fxuwoFU/826917
07:18:10 <Jeebeevee> goedemorgen geejee en floepa 
07:21:23 <Iljan> !randquote
07:21:25 <Lotje> [1] TheOmega: 13-05-2015, the day the internet died (for 5 minutes)
07:22:11 <Jeebeevee> !lastqoute
07:22:18 <Jeebeevee> !lastquote
07:22:20 <Lotje> [3] <patate> irc is not supposed be the center of the life
07:40:38 <Jeebeevee> !koffie
07:40:38 * Proton2 pours Jeebeevee a cup of Caffè macchiato
07:45:58 <floepa> hmmsz
07:48:01 <Lotje> [Nu.nl] Opnieuw hinder op Franse snelwegen door blokkades boeren  - http://www.nu.nl/buitenland/4096504/opnieuw-hinder-franse-snelwegen-blokkades-boeren-.html
08:08:02 <Lotje> [Scouting Nieuws] Scouting in Raamsdonksveer moet weg, maar waar naar toe? - http://www.scoutingnieuws.nl/post/125243123746
08:08:22 <Jeebeevee> !jambo
08:08:23 <Lotje> [Haarlem Jamborette] A good start is half of the job done - http://www.haarlemjamborette.nl/a-good-start-is-half-of-the-job-done/
08:08:24 <Lotje> [Haarlem Jamborette] The Opening Ceremony - http://www.haarlemjamborette.nl/the-opening-ceremony/
08:08:25 <Lotje> [Haarlem Jamborette] Jambo Journal  First edition - http://www.haarlemjamborette.nl/jambo-journal-first-edition-4/
08:36:02 <Lotje> [Speld.nl] Franse boeren blokkeren onuitstaanbare Sandy op Facebook - http://speld.nl/2015/07/28/franse-boeren-blokkeren-onuitstaanbare-sandy-op-facebook/
09:17:49 <Jeebeevee> !koffie
09:17:49 * Proton2 pours Jeebeevee a cup of Café au lait
09:18:01 <Lotje> [NOSop3] Wie erft jouw Facebook-profiel? - http://feeds.nos.nl/~r/nosop3/~3/obdYJJtUo1Q/826969
10:09:02 <Lotje> [Scouting Nieuws] Scouting Roothaangroep sluit seizoen 14/15 af met zomerkampen. - http://www.scoutingnieuws.nl/post/125247704157
11:01:02 <Lotje> [Haarlem Jamborette] Jambo TV - http://www.haarlemjamborette.nl/jambo-tv/
11:06:02 <Lotje> [Speld.nl] Wij wilden de complexe verhoudingen in het Midden-Oosten in kaart brengen maar toen kwamen we deze foto tegen - http://speld.nl/2015/07/28/wij-wilden-de-complexe-verhoudingen-in-het-midden-oosten-in-kaart-brengen-maar-toen-kwamen-we-deze-foto-tegen/
11:06:35 -!- Whoopsie [~Whoopsie@bb24fe.cb4328.d992ea.efff01] has joined #dutch
11:07:27 <geejee> hey Whoopsie
11:10:11 <Whoopsie> ola geejee 
11:12:54 <geejee> alles goed?
11:15:05 <floepa> oink Whoopsie
11:21:22 <Whoopsie> ja alles best
11:21:30 <Whoopsie> zit alleen thuis nu ouders zijn al op vakantie
11:21:35 <Whoopsie> oink floepa 
11:24:01 <Jeebeevee> laat je het huis dan wel heel Whoopsie 
11:26:25 <Whoopsie> haha zekers
11:26:41 <Whoopsie> wel lekker tijd op mijn server te herinrichten en fotos uit te zoeken
11:26:49 <floepa> mog je niet eens mee?
11:28:39 <Whoopsie> jawel
11:28:55 <Whoopsie> maar ga met plusscouts naar antwerpen paar daagies
11:29:07 <Whoopsie> dan bijna 2 weekies duitsland
11:29:18 <Whoopsie> en dan nog paar daagies met stam naar stealduin
11:29:28 <floepa> ah das beter:)
11:31:44 <floepa> mijn ziekteverzuim gaat over in vakantie volgende week:)
11:34:35 <Jeebeevee> en daarna? weer ana het werk?
11:37:36 <floepa> das wel t idee,, 25 augustus weer:)
11:37:45 <Whoopsie> jup
11:37:49 <Whoopsie> daarna weer aan het werk
11:38:16 <Whoopsie> 14 augustus ongeveer weer 
11:38:30 <patate> hoi
11:39:54 <Jeebeevee> ik ben gisteren weer begonnen
11:40:21 <floepa> en dan ook gezellig physiotherapie:) maar eerst dinsdag weer naar de orthopeed
11:41:02 <Whoopsie> hoeveel weken vakantie had jij dan Jeebeevee 
11:41:03 <Whoopsie> ?
11:41:09 <Whoopsie> heb er 3 achter elkaar
11:42:00 <Jeebeevee> ik heb er 3 gehad
11:42:05 <Jeebeevee> was lekker
11:43:32 <Jeebeevee> bestond uit weekje in de achterhoek, een dagje Julianatoren dagje Efteling en een weekje klussen rond huis. 
11:43:44 <Jeebeevee> rip Whoopsie
11:44:05 -!- Whoopsie [~Whoopsie@ScoutLink-213f39f8.ip.telfort.nl] has joined #dutch
11:44:41 <floepa> ah hebben ze je toch wel in de baron gezet e?:P
11:44:47 <Jeebeevee> nope
11:44:54 <Jeebeevee> was ene wachtrij van 2,5 uur
11:45:14 <Jeebeevee> in die tijd kun je best andere leuke dingen doen
11:45:23 <Jeebeevee> zoals naar het carnaval festival
11:45:36 <floepa> pff das wel erg lang
11:47:30 <Whoopsie> kak systeem leuk besturingsysteem dat elemetary os alleen Files crashed de hele tijd. Leuk met overkopieren van dingen.
11:52:03 <floepa> ik wil me lange haar terug:P
11:52:46 <Jeebeevee> ga je naar de kapper, vraag je of ze het nog bewaard hebben voor je
11:53:30 <floepa> maar de kapper zat op straat:P
11:57:19 <Jeebeevee> tja, moet je toch beter gaan zoeken :P
11:59:05 <floepa> naar een betere kapper of naar haar?
11:59:24 <Jeebeevee> naar haar en je haar
11:59:42 <floepa> in september opent ze der kapsalon
12:01:09 <Jeebeevee> ah, je nieuwe kapper gevonden dus?
12:02:11 <floepa> njah ze zat op de krabbenfoor,, en toen dee ze knippen voor 8,50 en tis wel heel netjes geknipt,, dus als ze die prijs een beetje aanhoud vind k t best:)
12:04:39 <floepa> en tis niet zo`n kakelfriemelkip dus das goed:)
12:10:02 <Lotje> [Scouting Nieuws] Scouting Scherpenzeel beleeft grandioze kampen - http://www.scoutingnieuws.nl/post/125252196961
12:19:23 <Jeebeevee> is er iemand hier via de jotimirc ingelogt? en heeft deelnemernummer en e-mailadres ingevult?
12:20:49 <floepa> volgens mij hoeft dat niet
12:21:32 <Jeebeevee> nee klopt, maar dna kan ik ff wat testen, anders wordt het later deze week
12:22:47 <floepa> aga
12:22:49 <floepa> aha
12:23:47 <Jeebeevee> maar dan doe ik het later wel  met gysta
12:28:26 <floepa> kan je niet helpen:)
12:31:26 <floepa> ik ga in bad:)
12:33:39 -!- firebird [~Thunderbird@ScoutLink-3aea9f7d.adsl.xs4all.nl] has joined #dutch
12:42:53 <geejee> Jeebeevee:ik
13:12:24 <floepa> ben k weer:)
13:26:20 <Jeebeevee> geejee: zou je een keer kunnen rejoinen in #dutch?
13:27:05 -!- geejee [~ScoutLink@ircop.scoutlink.net] has left #dutch
13:27:18 -!- geejee [~ScoutLink@ircop.scoutlink.net] has joined #dutch
13:27:25 <caber> whoie!
13:27:28 <caber> whoei!
13:27:38 <Jeebeevee> thx
13:27:42 <Jeebeevee> hoi caber 
13:28:24 <caber> wheoi!
13:29:28 <Jeebeevee> ieohw :P
13:31:51 <Iljan> Hoi Caber
13:32:09 <caber> YAY: http://discourse.scoutlink.net/t/welcome-to-scoutlink-discourse/8
13:33:12 <Jeebeevee> heb er al een accountje
13:33:25 <Iljan> Ik had er 1, blijkbaar niet meer
13:34:52 <caber> volgens mij hebben ze een harde reset gehad ;-)
13:40:52 <Jeebeevee> tijd geleden dan
13:41:10 <Jeebeevee> voor 8 juni
14:03:02 <Lotje> [Haarlem Jamborette] Sporty Scout wiped out! - http://www.haarlemjamborette.nl/sporty-scout-wiped-out/
14:12:01 <Lotje> [Scouting Nieuws] Ruim duizend Nederlandse scouts naar Japan voor Wereld Jamboree [met video] [met geluid] - http://www.scoutingnieuws.nl/post/125257716341
15:33:03 <Lotje> [Haarlem Jamborette] Sundays Challenge - http://www.haarlemjamborette.nl/sundays-challenge/
15:51:01 <Lotje> [Speld.nl] KNMI: Officieel kutzomer na 5 dagen gezeik over regen - http://speld.nl/2015/07/28/knmi-officieel-kutzomer-na-5-dagen-gezeik-over-regen/
15:53:48 -!- Whoopsie_AFK [~Whoopsie@ScoutLink-213f39f8.ip.telfort.nl] has joined #dutch
16:08:43 -!- Cybermage [~cybermage@ScoutLink-7b646520.xs4all.nl] has joined #dutch
17:18:01 <Lotje> [NOSop3] Jager van Cecil is een Amerikaanse tandarts - http://feeds.nos.nl/~r/nosop3/~3/iJdfOATuZyA/827137
17:18:02 <Lotje> [NOSop3] Wie moet Koenders overtuigen? - http://feeds.nos.nl/~r/nosop3/~3/X3hJlTkcNrg/827140
17:18:03 <Lotje> [NOSop3] Lastige klus voor Koenders: steun voor MH17-tribunaal - http://feeds.nos.nl/~r/nosop3/~3/2iPF5Rp6gWk/827142
18:17:41 -!- firebird [~Thunderbird@ScoutLink-3aea9f7d.adsl.xs4all.nl] has joined #dutch
18:33:38 <Jeebeevee> goedenavond
18:53:53 <Cybermage> goedeavond
19:11:35 <Jeebeevee> hoe is het met Cybermage
19:13:12 <Cybermage> goed hoor
19:16:23 <Jeebeevee> mooi, nog iets bijzonders gedaan de laatste tijd
19:17:11 <Cybermage> weinig scouting staat op wat lager pitje
19:18:44 <floepa> goeieavond
19:18:52 <Cybermage> hoi floepa
19:19:54 <Jeebeevee> hoi floepa
19:56:08 <Jeebeevee> slaaplekker
19:56:18 * Cybermage zegt weltrusten tegen iedereen
21:20:01 <Lotje> [NOSop3] Britse universiteiten onder vuur om verkrachtingscultuur - http://feeds.nos.nl/~r/nosop3/~3/VEi2Rbr8T-o/827195
22:36:41 -!- firebird [~Thunderbird@ScoutLink-3aea9f7d.adsl.xs4all.nl] has joined #dutch
