01:16:40 -!- chef_23wsj [~SLAndroid@14cb2baa:dbb8f5cd:1034fa1f:c1a57284:2aaa74a1] has joined #dutch
01:18:10 <chef_23wsj> Goede morgen vanuit Japan
01:40:06 -!- chef_23wsj [~chef@ScoutLink-5d6a54d1.23wsj.dot11radio.com] has joined #dutch
01:48:56 -!- chef_23wsj [~chef@ScoutLink-5d6a54d1.23wsj.dot11radio.com] has joined #dutch
07:01:28 -!- floepainwonderland [~info@ScoutLink-74b38b2e.adsl-surfen.hetnet.nl] has joined #dutch
07:03:20 <Cybermage> goedemorgen floepainwonderland
07:36:12 -!- geejee [~ScoutLink@ircop.scoutlink.net] has joined #dutch
07:36:17 <geejee> hehoo
08:06:01 <Lotje> [NOSop3] Wekdienst: Zimbabwe tegen jacht, HitchBOT afgetuigd en Schiphol druk - http://feeds.nos.nl/~r/nosop3/~3/VXWfJnNwIIE/828611
09:36:02 <Lotje> [NOSop3] Jericho de leeuw wel/niet doodgeschoten - http://feeds.nos.nl/~r/nosop3/~3/x_3whJ3V6eI/828645
09:37:47 <patate> hoi
10:36:01 <Lotje> [NOSop3] In het laatste spoor van HitchBOT - http://feeds.nos.nl/~r/nosop3/~3/JXpv9PZuBNs/828663
11:06:56 <Sciuro> Goedenavond allemaal!!!
11:07:01 <Lotje> [Nu.nl] Ook zondag druk op Franse wegen - http://www.nu.nl/buitenland/4099431/zondag-druk-franse-wegen.html
11:09:18 <TheOmega> !spelt
11:09:25 <TheOmega> !speld
11:09:25 <Lotje> [Speld.nl] Ophef over moord op de charismatische gans Barry - http://speld.nl/2015/07/31/ophef-over-moord-op-de-charismatische-gans-barry/
11:09:26 <Lotje> [Speld.nl] Nog altijd geen brokstukken gevonden van horrorvlucht Transavia - http://speld.nl/2015/07/31/nog-altijd-geen-brokstukken-gevonden-van-horrorvlucht-transavia/
11:09:27 <Lotje> [Speld.nl] Orthodoxe homo pleegt valse opmerking op Gay Pride - http://speld.nl/2015/08/01/orthodoxe-homo-pleegt-valse-opmerking-op-gay-pride/
11:10:13 <TheOmega> Avond Sciuro
11:10:38 <Sciuro> Hoi TheOmega
11:10:44 <Sciuro> Hoe is die er mee?
11:10:58 <Cybermage> middag Sciuro
11:12:00 <Sciuro> Ga die cy
11:12:04 <Sciuro> Cybermage
11:14:20 <Sciuro> Hoe is die hier?
11:14:39 <Cybermage> rustig ben beetje aan het klooien met steam
11:15:12 <Sciuro> Leuk!
11:15:19 <Sciuro> Lukt het een beetje?
11:15:36 <Cybermage> nou ik probeer een non steam spel werkend te krijgen binnen steam
11:15:46 <Cybermage> als dat lukt kan ik het spel streamen
11:16:53 <Sciuro> Hmm, geen ervaring mee
11:19:55 * Cybermage wil in zijn huiskamer hearthstone spelen :)
11:20:03 <Cybermage> op de tv
11:23:07 <TheOmega> Ik zeg lange HDMI kabel...
11:24:03 <Cybermage> nee dat is te simpel :)
11:26:20 <Cybermage> op mijn verlanglijstje staat ook de steam controler
11:35:30 <Cybermage> even in zij huiskamer proberen
11:36:08 -!- gbot48 [~gbot48@ScoutLink-a67bd8bb.sciuro.org] has joined #dutch
11:54:01 <Lotje> [Speld.nl] DJ Tiësto: Van binnen ben ik een rog - http://speld.nl/2015/08/02/dj-tiesto-van-binnen-ben-ik-een-rog/
11:57:40 <Cybermage> zo het is gelukt ik kan heartstonen in de kamer :)
11:59:35 <Cybermage> resolutie is nog wat aangepast moet worden
11:59:47 <Cybermage> maar het werkt :)
13:10:56 -!- Douwe [~Egberts@ScoutLink-e40a8ee3.koffiejongen.org] has joined #dutch
13:11:13 <TheOmega> ./afk
14:06:01 <Lotje> [NOSop3] Ook zo'n last van wespen? - http://feeds.nos.nl/~r/nosop3/~3/NRyq5toXxX8/828761
15:15:19 -!- geejee [~ScoutLink@ircop.scoutlink.net] has joined #dutch
15:15:30 <geejee> hehoo
15:18:42 <Cybermage> avond geejee
15:18:48 <Cybermage> nou ja bijna dan :))
15:21:35 <geejee> uhu
15:26:31 <Cybermage> heb trouwens de mededeling dat ik dit jaar niet naar het jcc kom wegens familie verplichtingen
15:27:54 <geejee> ok
15:28:01 <geejee> wel dutchop?
15:28:26 <Cybermage> dat waarschijnlijk wel
15:28:45 <Cybermage> moet alleen kijken welke tijden
15:28:58 <Cybermage> heb de vrijdag en de maandag wel vrij genomen
15:35:02 <Lotje> [Haarlem Jamborette] Time for adventure! - http://www.haarlemjamborette.nl/time-for-adventure/
16:01:44 <geejee> ok
16:07:01 <Lotje> [Nu.nl] Politiebonden vinden dat Van der Steur zich van de domme houdt - http://www.nu.nl/politiek/4099559/politiebonden-vinden-van-steur-zich-van-domme-houdt.html
16:35:05 <Lotje> [Haarlem Jamborette] Lets party in colour! - http://www.haarlemjamborette.nl/lets-party-in-colour/
17:35:03 <Lotje> [Haarlem Jamborette] Open Day: Exploring the Haarlem Jamborette - http://www.haarlemjamborette.nl/open-day-exploring-the-haarlem-jamborette/
18:07:02 <Lotje> [Nu.nl] PSV wint Johan Cruijff Schaal dankzij ruime zege op FC Groningen - http://www.nu.nl/voetbal/4099501/psv-wint-johan-cruijff-schaal-dankzij-ruime-zege-fc-groningen.html
19:06:14 -!- Cybermage [~cybermage@ScoutLink-7b646520.xs4all.nl] has joined #dutch
19:07:50 -!- geejee [~gj@ircop.scoutlink.net] has joined #dutch
19:08:00 <geejee> hehoo
19:08:03 <Cybermage> avond geejee
19:19:11 <Cybermage> hmmm mijn verbinding zit weer vol :<
19:19:22 <Cybermage> word hoog tijd dat de kpn eens gaat upgraden
19:28:35 -!- Whoopsie [~Whoopsie@ScoutLink-213f39f8.ip.telfort.nl] has joined #dutch
19:29:21 <Cybermage> avond Whoopsie
19:31:51 <geejee> hey Whoopsie
19:44:54 <Whoopsie> Avond :D
20:14:28 <Cybermage> weltrusten iedereen
20:14:30 <Cybermage> ga pitten
22:08:01 -!- Tigergirl_NL [~TigergirlNL@ScoutLink-cfb0ef0f.speed.planet.nl] has joined #dutch
23:31:38 -!- firebird [~Thunderbird@ScoutLink-3aea9f7d.adsl.xs4all.nl] has joined #dutch
23:33:38 -!- firebird1 [~Thunderbird@ScoutLink-3aea9f7d.adsl.xs4all.nl] has joined #dutch
