03:18:01 <Lotje> [Nu.nl] Blussen geëxplodeerde containerterminal China gestopt - http://www.nu.nl/buitenland/4105541/blussen-geexplodeerde-containerterminal-china-gestopt.html
05:33:01 <Lotje> [NOSop3] Wekdienst: China, Jumbo en Alphen aan den Rijn - http://feeds.nos.nl/~r/nosop3/~3/zoIGn45ANdg/832669
06:03:01 <Lotje> [NOSop3] gevangenis Breda - http://feeds.nos.nl/~r/nosop3/~3/KxUi_KFD_z4/832678
06:03:02 <Lotje> [NOSop3] Gevangenis wordt koffie- en lunchzaak - http://feeds.nos.nl/~r/nosop3/~3/oht5vdB9QYc/832679
06:03:03 <Lotje> [NOSop3] Wat kun je met een lege gevangenis? - http://feeds.nos.nl/~r/nosop3/~3/2gP3uyE1K6U/832680
07:15:19 -!- floep [~SLAndroid@a960c1.69d790.0f6e19.e7ca68] has joined #dutch
07:31:58 -!- floep [~SLAndroid@a960c1.69d790.0f6e19.e7ca68] has left #dutch
08:13:02 <Lotje> [Speld.nl] Afschaffing basisbeurs creëert halfgoden - http://speld.nl/2015/08/13/afschaffing-basisbeurs-creeert-halfgoden/
08:38:33 -!- Whoopsie [~Whoopsie@ScoutLink-213f39f8.ip.telfort.nl] has joined #dutch
08:38:53 <Whoopsie> Ola
09:34:01 <Lotje> [Nu.nl] Veiligheidsmaatregelen bij alle Jumbo-filialen wegens afpersingszaak - http://www.nu.nl/binnenland/4105751/veiligheidsmaatregelen-bij-alle-jumbo-filialen-wegens-afpersingszaak.html
10:42:46 <Jeebeevee> Hallo Wereld, wereld, wereld
10:43:02 <Lotje> [Speld.nl] Zó eenvoudig is het om het UWV te hacken - http://speld.nl/2015/08/13/zo-eenvoudig-is-het-om-het-uwv-te-hacken/
10:53:01 -!- Floep [~yaaic@3c9efd.c53bc1.9424df.76dcbe] has joined #dutch
10:53:04 <Floep> Oink 
10:56:35 <Jeebeevee> hoi Floep 
10:59:44 <Floep> zo we hebben de heg eens goed gesnoeid hier :) 
11:03:05 <Jeebeevee> er is gene heg meer over?
11:07:34 <Floep> beetje,, 1/3de :p 
11:07:49 <Jeebeevee> oh
11:10:12 -!- TheOmega [~SysCore@ScoutLink-d575816d.xs4all.nl] has joined #dutch
11:10:57 <Floep> Oink omega
11:11:47 <Jeebeevee> die zal denk ik nog niet geland zijn,
11:12:02 <Jeebeevee> is zijn bouncer die opnieuw inlogd
11:29:26 -!- Whoopsie [~Whoopsie@ScoutLink-213f39f8.ip.telfort.nl] has joined #dutch
11:31:58 <Jeebeevee> hoi Whoopsie 
11:32:10 <Whoopsie> Ola :D
11:41:07 -!- geejee [geejee@ircop.scoutlink.net] has joined #dutch
11:42:04 <Jeebeevee> hoi geejee 
11:43:54 <geejee> hey
11:44:26 -!- Whoopsie [~Whoopsie@ScoutLink-213f39f8.ip.telfort.nl] has joined #dutch
11:45:06 <Jeebeevee> heg mooi geworden?
11:49:10 <Whoopsie> ?
11:52:54 <geejee> hoe weet je dat?
11:53:04 <Jeebeevee> vertelde Floep  net
11:53:29 <Jeebeevee> 12:59:44 < Floep> zo we hebben de heg eens goed gesnoeid hier :)
11:57:06 <Whoopsie> hahaha
11:59:06 <Floep> tis een beetje warm 
12:00:31 <Whoopsie> duitsland was warmer
12:00:44 <Whoopsie> waar ik zat was het gister nog 39 graden
12:00:56 <Whoopsie> gelukkig hier maar 26 
12:00:57 <Floep> ik zit 10 min van de grens? 
12:01:12 <Jeebeevee> ik zit lekker koel binnen bij de airco
12:01:20 <Floep> 32 hier 
12:01:21 <Whoopsie> ik nu thuis lekker koel :D
12:01:23 <Whoopsie> haha
12:01:27 <Whoopsie> lekker warm
12:01:45 <Whoopsie> dan graag ik me af hoe het nu bij mijn ouders is in duitsland :P 
12:02:01 <Floep> Zijn aan t denken of we nog gaan fietsen
12:02:34 <Floep> wij gaan zaterdag (als t doorgaat) naar Tsjechië
12:02:41 <Whoopsie> hoppa
12:07:04 -!- geejee [geejee@ircop.scoutlink.net] has joined #dutch
12:07:11 <geejee> re
12:07:16 <Whoopsie> wb geejee 
12:18:08 <Jeebeevee> gaan jullie pingpongen?
12:34:00 <Whoopsie> ja ga maar eens een aanhanger ophalen.
13:44:02 <Lotje> [Speld.nl] Gaston Taument nog steeds zonder club - http://speld.nl/2015/08/13/gaston-taument-nog-steeds-zonder-club/
14:06:02 <Lotje> [NOSop3] Beelden politie Groningen Jumbo - http://feeds.nos.nl/~r/nosop3/~3/X1C7jZXPtB4/805303
14:06:02 <Lotje> [NOSop3] Afpersen met bitcoins: geniaal of dom? - http://feeds.nos.nl/~r/nosop3/~3/JmJSeciR9l8/832906
15:21:01 <Lotje> [Nu.nl] Rechtbank Rotterdam verklaart Imtech failliet - http://www.nu.nl/beurs/4105792/rechtbank-rotterdam-verklaart-imtech-failliet.html
15:59:01 <Lotje> [Speld.nl] Zevenkoppige draak ontkent mishandeling Jan Roos - http://speld.nl/2015/08/13/zevenkoppige-draak-ontkent-mishandeling-jan-roos/
16:06:01 <Lotje> [NOSop3] Help 'epsilon Eridani b' - en andere exoplaneten - aan een nieuwe naam - http://feeds.nos.nl/~r/nosop3/~3/amLbWgFDhGU/832968
16:21:16 -!- Whoopsie|AFK [~Whoopsie@ScoutLink-213f39f8.ip.telfort.nl] has joined #dutch
16:21:47 <Whoopsie> biw
17:31:47 -!- Cybermage [~cybermage@ScoutLink-7b646520.xs4all.nl] has joined #dutch
19:09:18 -!- firebird [~Thunderbird@ScoutLink-3aea9f7d.adsl.xs4all.nl] has joined #dutch
19:10:57 -!- firebird [~Thunderbird@ScoutLink-3aea9f7d.adsl.xs4all.nl] has joined #dutch
20:38:01 <Lotje> [NOSop3] Drone-racers willen de nieuwe topsporters worden - http://feeds.nos.nl/~r/nosop3/~3/dlqwDhpcZvE/833035
20:38:02 <Lotje> [NOSop3] Ivo heeft het warm - http://feeds.nos.nl/~r/nosop3/~3/OnHoJ-U_Epo/833042
20:38:03 <Lotje> [NOSop3] Zo heet wordt 't in een afgesloten auto - http://feeds.nos.nl/~r/nosop3/~3/bAQITuEpvjA/833045
23:27:01 -!- CM [~cybermage@ScoutLink-7b646520.xs4all.nl] has joined #dutch
