04:49:05 -!- Douwe [~Egberts@ScoutLink-e40a8ee3.koffiejongen.org] has joined #dutch
04:51:58 -!- floepainwonderland [~info@ScoutLink-74b38b2e.adsl-surfen.hetnet.nl] has joined #dutch
05:09:03 <Lotje> [NOSop3] Koenders zwaar teleurgesteld in Rusland - http://feeds.nos.nl/~r/nosop3/~3/J7JucSn8U6E/827559
05:09:04 <Lotje> [NOSop3] Wekdienst: VN-tribunaal MH17, Ajax en Belgische boeren - http://feeds.nos.nl/~r/nosop3/~3/ScTi-QIweTU/827582
05:40:01 <Lotje> [NOSop3] Rayo Vallecano toont het sociale gezicht - http://feeds.nos.nl/~r/nosop3/~3/cCzkrCdem7M/827585
05:40:02 <Lotje> [NOSop3] De trainer van Vallecano betaalt de huur - http://feeds.nos.nl/~r/nosop3/~3/wsh2gN_mGxk/827586
05:40:03 <Lotje> [NOSop3] 'Homoseksualiteit moet normaal worden. Misschien helpt dit shirt.' - http://feeds.nos.nl/~r/nosop3/~3/TiromKezcqY/827589
06:22:21 <geejee> hehoo
07:02:29 -!- NL_Nick [~NL_Nick_1@ScoutLink-5560d888.xs4all.nl] has joined #dutch
07:34:14 -!- Whoopsie [~Whoopsie@ScoutLink-213f39f8.ip.telfort.nl] has joined #dutch
07:40:35 -!- ChanServ [ChanServ@services.scoutlink.net] has joined #dutch
07:40:35 -!- mode/#dutch [+o ChanServ] by users.scoutlink.net
07:45:30 <Jeebeevee> Hallo Wereld, wereld, wereld
08:18:23 <floepainwonderland> oink
08:37:01 <Lotje> [Speld.nl] Rutte belt met Poetin om te zeggen dat hij een lul is - http://speld.nl/2015/07/30/rutte-belt-met-poetin-om-te-zeggen-dat-hij-een-lul-is/
09:11:02 <Lotje> [Nu.nl] Nederlander slachtoffer van schietpartij Ramblas - http://www.nu.nl/buitenland/4097865/nederlander-slachtoffer-van-schietpartij-ramblas.html
09:11:03 <Lotje> [Nu.nl] Bomaanslag Wormer volgens OM op verkeerde woonboot - http://www.nu.nl/binnenland/4097852/bomaanslag-wormer-volgens-verkeerde-woonboot.html
09:30:52 <floepa> pompedompedom
09:44:00 <Whoopsie> juist
10:00:13 <caber> GOEDEMIDDAG allemaal~
10:00:42 <caber>  [Nu.nl] Bomaanslag Wormer volgens OM op verkeerde woonboot ~~~ dit had een Speld-titel kunnen zijn...
10:12:09 <Jeebeevee> klopt caber 
10:17:38 <Jeebeevee> ook goedemiddag trouwens
11:04:41 <Jeebeevee> pffffff, is het al 5 uur?
11:09:43 <floepa> was t maar
11:10:40 <Jeebeevee> ben moe
11:11:01 <Lotje> [NOSop3] Russische telecomwaakhond wil verbod op homo-emoji's - http://feeds.nos.nl/~r/nosop3/~3/YBOZJA1w_Sk/827690
11:11:52 <floepa> moet je slapen:)
11:12:34 <Jeebeevee> had ik vannacht graag gedaan
11:13:00 <floepa> dat doe je zelf:)
11:14:11 <floepa> oogjes dicht doen en slapen:)
11:18:28 <Jeebeevee> helaas deed ik het niet zlef
11:19:20 <floepa> aha,, valium:P
11:28:13 <floepa> word vanzelf moe genoeg om te slapen?
11:32:09 <Jeebeevee> ja nu 
11:33:04 <floepa> wakker maken:P
11:34:14 <Jeebeevee> uhu
11:34:15 <Jeebeevee> !koffie
11:34:15 * Proton2 pours Jeebeevee a cup of Bulletproof Coffee
11:34:31 <floepa> of met kussentje erbij gaan liggen:)
11:36:16 <Jeebeevee> vind mijn baas niet z'n goe didee
11:36:48 <floepa> na de vakantie moet je weer rustig opstarten zeg je dan:)
11:40:49 <Jeebeevee> zegt me baas dat ik dan rustig aan mag doen in de rij bij de uwv
11:41:12 <floepa> ohh das niet zo gipo
11:41:28 <floepa> hip
11:42:56 <floepa> kan je wel uitslapen:P
11:43:58 <Jeebeevee> hahaha, ja
11:48:07 <floepa> of je doet even een moeilijke operatie met lang herstel,, maar das ook niet hip
11:48:56 <Jeebeevee> nee klopt
11:49:07 <Jeebeevee> denmk dat ik maar weer ene vakantie ga inplannen
11:49:57 <floepa> pffff,, waar haal je de dagen vandaan
11:50:07 <Jeebeevee> bij mijn baas :P
11:51:15 <floepa> je krijgt gewoon allemaal extra dagen als je kids hebt,, tis oneerlijk
11:52:25 <Jeebeevee> nee hoor
11:52:48 <floepa> zeggen ze allemaal:P
11:54:29 <Jeebeevee> klopt
11:56:03 <floepa> maar volgende week ga je weer met vakantie/
11:56:57 <Jeebeevee> denk niet dat dat wordt goed gekeurd
11:57:14 <floepa> tegenvaller
11:58:47 <floepa> t zonnetje schijnt:)
12:02:21 <Jeebeevee> de lucht is blauw
12:03:42 <floepa> vanavond palm parkies:)
12:09:41 <Jeebeevee> veel plezier
12:11:01 <Lotje> [Nu.nl] 'Taliban kiest nieuwe leider' - http://www.nu.nl/buitenland/4097990/taliban-kiest-nieuwe-leider.html
12:11:02 <Lotje> [Nu.nl] Opnieuw cel- en taakstraffen opgelegd in Valkenburgse zedenzaak - http://www.nu.nl/binnenland/4097988/opnieuw-cel--en-taakstraffen-opgelegd-in-valkenburgse-zedenzaak.html
12:12:14 <Jeebeevee> hmmm
12:13:23 <Whoopsie> ZO
12:13:34 <Whoopsie> LEkker zitte game even pauze :D
12:14:12 <Jeebeevee> mooi zo, leuk spelletje
12:14:34 -!- firebird [~Thunderbird@ScoutLink-3aea9f7d.adsl.xs4all.nl] has joined #dutch
12:17:08 <floepa> pff nerd:P
12:19:40 <Jeebeevee> je weet niet wat voor spelletje hij doet
12:19:44 <Whoopsie> Jeebeevee, zeker
12:19:53 <Whoopsie> Left4Dead2 :D
12:20:02 <Whoopsie> lekker nolife zombies knallen
12:21:09 <floepa> zie je,, nerd:P
12:21:25 <Jeebeevee> hahaha
12:27:15 <Whoopsie> wtf
12:27:20 <Whoopsie> waarom gelijk nerd
12:29:50 <Jeebeevee> vind ze leuk
12:30:40 <Whoopsie> aha
12:30:43 <Whoopsie> nerd
12:30:58 <Whoopsie> vind er niks aan (is kledingstijl zeg ik altijd maar)
12:44:59 <floepa> ik heb ook niet beweerd dat jij een nerd kleding stijl hebt:)
12:48:20 <Whoopsie> dan is het goed ;P
12:48:25 <caber> jammer Whoopsie 
12:48:49 <Jeebeevee> he Whoopsie  zou je voor test even een nickchange kunnen doen?
12:48:54 <Jeebeevee> iets met Douwe 
12:52:26 <Whoopsie> prima
12:52:38 <Whoopsie> als command ?
12:52:49 <Whoopsie> of gewoon mijn nick wijzigen ?
12:52:49 <Jeebeevee> zoals je altijd doet
12:52:56 <Jeebeevee> gewoon nick wijzigen
12:52:59 <Jeebeevee2> D:
12:53:16 <Jeebeevee> oke thx
12:53:22 <Jeebeevee2> dat was het ?
12:53:54 <Jeebeevee> ja, het werkt totaal niet, mag nog even bezig.
12:54:00 <Jeebeevee> je mag weer terug wijzigen :)
13:00:39 <Jeebeevee> Whoopsie: bedankt
13:04:49 <Whoopsie> geen dan Jeebeevee 
13:09:51 <Jeebeevee> zo, maar weer even werken voor de baas :P
13:15:57 <Whoopsie> haha
13:16:25 <Jeebeevee> vind ik op donderdag altijd moeilijk, zo vlak voor het weekend
13:17:31 <floepa> en op maandag dinsdag woensdag niet?
13:19:35 <Jeebeevee> minder moeilijk
13:23:32 <floepa> :)
13:26:14 <floepa> moet je dan maar inhalen:)
13:27:45 <Jeebeevee> heb ik afgelopen nacht al gedaan
13:28:00 <floepa> ohhhhh ja
13:36:30 -!- firebird [~Thunderbird@4ef1b0.5d536f.9cc53a.ba8d76] has joined #dutch
14:05:26 <Jeebeevee> nog een klein uurtje :)
14:09:36 <floepa> kan je sesamstraat kijken en naar bed:)
14:10:28 <Jeebeevee> precies
14:12:04 <floepa> romantisch:)
14:15:49 <Jeebeevee> slapen is niks romantisch aan hoor
14:19:34 <floepa> ik zei naar bed:),, jij begind over slapen,,,,,,,:P
14:20:20 <Jeebeevee> klopt
14:29:50 <floepa> saai:P
14:30:00 <Jeebeevee> ik ben saai :P
14:31:43 <floepa> schaap:P
14:41:02 <Lotje> [NOSop3] Big in Japan: moskijken - http://feeds.nos.nl/~r/nosop3/~3/1gzcoV1y40A/827763
14:55:57 <Jeebeevee> nog 5 minuten :)
14:56:03 <Lotje> [Haarlem Jamborette] Wandering around with JamboTours - http://www.haarlemjamborette.nl/wandering-around-with-jambotours/
14:57:02 <floepa> fijne avond en weekend Jeebeevee|AFK:)
14:57:21 <Jeebeevee|AFK> gaat goed komen
14:57:23 <Jeebeevee|AFK> u ook
14:57:59 <floepa> danku:)
15:11:02 <Lotje> [Haarlem Jamborette] The Arts and Crafts Team is ready for your creativity! - http://www.haarlemjamborette.nl/the-arts-and-crafts-team-is-ready-for-your-creativity/
19:20:49 <Iljan> Hey nerds
19:20:59 <Iljan> !jambo
19:20:59 <Lotje> [Haarlem Jamborette] Sporty Scout wiped out! - http://www.haarlemjamborette.nl/sporty-scout-wiped-out/
19:21:00 <Lotje> [Haarlem Jamborette] Wandering around with JamboTours - http://www.haarlemjamborette.nl/wandering-around-with-jambotours/
19:21:01 <Lotje> [Haarlem Jamborette] The Arts and Crafts Team is ready for your creativity! - http://www.haarlemjamborette.nl/the-arts-and-crafts-team-is-ready-for-your-creativity/
19:21:25 <Iljan> !nu
19:21:25 <Lotje> [Nu.nl] 'IMF kan nog niet met Grieken over steunpakket praten' - http://www.nu.nl/economie/4098172/imf-kan-nog-niet-met-grieken-steunpakket-praten.html
19:21:26 <Lotje> [Nu.nl] Amerikaanse overheid onderzoekt vervolging tandarts na doden leeuw - http://www.nu.nl/buitenland/4098202/amerikaanse-overheid-onderzoekt-vervolging-tandarts-doden-leeuw.html
19:21:27 <Lotje> [Nu.nl] Zes mensen neergestoken tijdens Gay Pride Jeruzalem - http://www.nu.nl/buitenland/4098185/zes-mensen-neergestoken-tijdens-gay-pride-jeruzalem.html
19:21:37 <Iljan> !speld
19:21:38 <Lotje> [Speld.nl] Man die nooit tv kijkt zegt veel te graag dat hij nooit tv kijkt - http://speld.nl/2015/07/29/man-die-nooit-tv-kijkt-zegt-veel-te-graag-dat-hij-nooit-tv-kijkt/
19:21:39 <Lotje> [Speld.nl] Platini belooft corruptie bij FIFA nieuw elan te geven - http://speld.nl/2015/07/29/platini-belooft-corruptie-bij-fifa-nieuw-elan-te-geven/
19:21:40 <Lotje> [Speld.nl] Rutte belt met Poetin om te zeggen dat hij een lul is - http://speld.nl/2015/07/30/rutte-belt-met-poetin-om-te-zeggen-dat-hij-een-lul-is/
19:25:43 <caber> misschien kan de Speld pro-punten verzamelen door een nieuwsartikel dat belachelijk is grotendeels over te nemen en het moment van plaatsing een paar uur vroeger te doen
19:26:00 <caber> wellicht gaat Twitter dan denken dat nu.nl per ongeluk de speld als bron heeft gebruikt
19:26:36 <Iljan> Haha
19:30:20 <caber> s/te doen/the plaatsen
19:30:31 <caber> s/the plaatsen/te zetten
19:37:40 -!- Cybermage [~cybermage@ScoutLink-7b646520.xs4all.nl] has joined #dutch
19:37:51 <Cybermage> goedeavond
19:41:01 <Lotje> [NOSop3] In de HotTug in Rotterdam - http://feeds.nos.nl/~r/nosop3/~3/Fa8aIEmmhtY/827853
19:41:02 <Lotje> [NOSop3] Mag je nou wel of niet met een HotTug de gracht in? - http://feeds.nos.nl/~r/nosop3/~3/Ck8-NXNua-U/827855
19:47:03 <Iljan> hey Cybermage 
19:50:12 <Cybermage> hoi Iljan
19:56:33 <caber> hoi Cybermage :-)
20:37:34 -!- Whoopsie [~Whoopsie@ScoutLink-a8455b26.direct-adsl.nl] has joined #dutch
20:37:38 <Whoopsie> Avond
20:38:02 <Cybermage> avond
20:38:04 <Whoopsie> !koffie
20:41:02 <Lotje> [NOSop3] Watervervuiling in Rio - http://feeds.nos.nl/~r/nosop3/~3/aPolNzgDzUo/782450
20:41:03 <Lotje> [NOSop3] 'Hopelijk hebben de zwemmers genoeg weerstand opgebouwd' - http://feeds.nos.nl/~r/nosop3/~3/bDf0_MlLBQE/827876
21:52:24 -!- Baloe [NO.@ScoutLink-ce758ade.direct-adsl.nl] has joined #dutch
21:52:37 <Baloe> Hoi hoi :D
