00:03:45 -!- patate_ [~patate@18e60e.b2ceb1.a65fda.9d5ea2] has joined #dutch
00:19:00 -!- patate [~patate@18e60e.b2ceb1.a65fda.9d5ea2] has joined #dutch
01:44:25 -!- MURTAL_PT [Guest67652@ScoutLink-93b1522a.dsl.telepac.pt] has joined #dutch
02:56:01 <Lotje> [Nu.nl] Britse premier roept veiligheidskabinet bijeen om Calais - http://www.nu.nl/buitenland/4098318/britse-premier-roept-veiligheidskabinet-bijeen-calais.html
03:36:00 -!- lua [~Thais@96dd31.0cd9f2.5a1ca5.a37c2f] has joined #dutch
05:21:02 -!- Guest31673 [~info@ScoutLink-74b38b2e.adsl-surfen.hetnet.nl] has joined #dutch
05:37:23 <geejee> hehoo
05:47:02 <Lotje> [NOSop3] "De zonnestralen komen je nu tegemoet" - http://feeds.nos.nl/~r/nosop3/~3/8w8P2s8hVDM/827830
05:47:03 <Lotje> [NOSop3] Wekdienst: Utrecht Centraal. ebola, Paul Jansen - http://feeds.nos.nl/~r/nosop3/~3/G_scmLM5Xjs/827930
06:39:34 <floepa> goeiemorgen:)
06:44:02 <geejee> morgen lieverd
06:49:31 -!- Grunn [~Grunn@cfa5f9.bb7328.3cd2bf.67d185] has joined #dutch
07:02:02 <Lotje> [NOSop3] Zo coverden 1000 mensen in Italië de Foo Fighters - http://feeds.nos.nl/~r/nosop3/~3/g6pVw2FQcBY/827953
07:07:06 -!- Whoopsie [~Whoopsie@ScoutLink-213f39f8.ip.telfort.nl] has joined #dutch
07:07:40 <Whoopsie> mogu
07:25:35 <geejee> morgen Whoopsie & Grunn
07:29:54 -!- Grunn [~Grunn@ScoutLink-4b95725c.dynamic.ziggo.nl] has joined #dutch
08:06:43 <Iljan> Goeiemorgen!
08:07:43 <floepa> goeiemorgen Iljan, geejee, Grunn
08:18:40 <Cybermage> morgen iedereen
08:20:37 <caber> hi
08:20:39 <caber> hoi
08:23:01 <Lotje> [Speld.nl] Ophef over moord op de charismatische gans Barry - http://speld.nl/2015/07/31/ophef-over-moord-op-de-charismatische-gans-barry/
08:23:17 <geejee> hey caber
08:26:47 <caber> hey
08:26:53 <caber> goedemorgen deze morgen
08:29:36 <floepa> oink caber en Cybermage
08:36:31 <caber> oinkk
08:36:39 <caber> de C's hebben de overhand~!
08:37:28 <floepa> slechte bedoeling,, er zijn nog zoveel letters vrij:P
08:38:45 <Cybermage> Dybermage klinkt ook niet zo :)
08:41:01 <floepa> caber kan ook wel met een q:P
08:43:06 <caber> vergeet ChanServ niet :P
08:43:15 <caber> nee, hooguit ook met een s
08:44:35 <floepa> een q is unieker:)
08:52:14 <Iljan> Lotje maar Chaootje noemen dan?
08:57:41 <floepa> ja,, nog meer C....
11:06:20 <geejee> en toen was het stil
11:08:02 <Lotje> [Speld.nl] Nog altijd geen brokstukken gevonden van horrorvlucht Transavia - http://speld.nl/2015/07/31/nog-altijd-geen-brokstukken-gevonden-van-horrorvlucht-transavia/
11:10:52 <floepa> de laatste effee ekdom kijken:)
11:12:38 <geejee> Michiel heeft het er moeilijk mee
11:13:25 <floepa> die word vanzelf ook radio 2 leeftijd:p
11:55:12 -!- firebird [~Thunderbird@ScoutLink-3aea9f7d.adsl.xs4all.nl] has joined #dutch
12:01:03 <Lotje> [Haarlem Jamborette] From a cultural city walk to a real punishment - http://www.haarlemjamborette.nl/from-a-cultural-city-walk-to-a-real-punishment/
12:47:02 <Lotje> [NOSop3] De videoboodschap van Antonio - http://feeds.nos.nl/~r/nosop3/~3/-ypHdwPlgks/828058
13:17:01 <Lotje> [NOSop3] Antonio uit Costa Rica vaart virtueel mee met de Gay Pride - http://feeds.nos.nl/~r/nosop3/~3/keI_rPfAlKg/828062
13:17:02 <Lotje> [NOSop3] Mustafa sprak met Rosa over de aangifte - http://feeds.nos.nl/~r/nosop3/~3/wSqbA99urfI/828060
13:17:03 <Lotje> [NOSop3] 'Als je een greep in je kruis moet accepteren, waar houdt 't dan op?' - http://feeds.nos.nl/~r/nosop3/~3/O17y7xtun8k/828063
16:17:01 <Lotje> [NOSop3] Als prooi overgeleverd aan de social media - http://feeds.nos.nl/~r/nosop3/~3/DZdlU_2c4J8/828138
18:09:48 -!- firebird [~Thunderbird@4ef1b0.5d536f.9cc53a.ba8d76] has joined #dutch
19:30:04 -!- Cybermage [~cybermage@ScoutLink-7b646520.xs4all.nl] has joined #dutch
19:30:18 <geejee> hey cm
19:30:25 <Cybermage> avond geejee
20:01:19 * geejee gaat offline
21:53:42 -!- firebird [~Thunderbird@ScoutLink-3aea9f7d.adsl.xs4all.nl] has joined #dutch
