00:50:01 <Lotje> [Nu.nl] Politie schiet gewapende man neer in Rotterdam - http://www.nu.nl/binnenland/4103673/politie-schiet-gewapende-man-neer-in-rotterdam.html
05:21:01 <Lotje> [NOSop3] Wekdienst: Ferguson, 'njet' voor bloemen en Istanbul - http://feeds.nos.nl/~r/nosop3/~3/eXggD0-t5Pk/831652
08:49:18 -!- firebird [~Thunderbird@ScoutLink-3aea9f7d.adsl.xs4all.nl] has joined #dutch
08:51:01 <Lotje> [Speld.nl] Superhandig: 6 manieren - http://speld.nl/2015/08/10/superhandig-6-manieren/
09:15:01 -!- firebird [~Thunderbird@ScoutLink-3aea9f7d.adsl.xs4all.nl] has joined #dutch
10:06:23 -!- TheOmega [~SysCore@ScoutLink-d575816d.xs4all.nl] has joined #dutch
10:47:04 -!- Baloe [~Asskicker@ScoutLink-ce758ade.direct-adsl.nl] has joined #dutch
10:47:59 <Baloe> hoi hoi
10:52:01 <Lotje> [NOSop3] "Ik kan hier heel goed van rondkomen" - http://feeds.nos.nl/~r/nosop3/~3/m4VgwjviLv0/831743
10:52:02 <Lotje> [NOSop3] "18 miljoen prijzengeld is wel wat meer dan vroeger" - http://feeds.nos.nl/~r/nosop3/~3/96S5OWARxv4/831744
10:52:03 <Lotje> [NOSop3] Thijs is 21 en gamet zo goed dat 'ie ervan kan leven - http://feeds.nos.nl/~r/nosop3/~3/ede4P5xBq58/831747
10:54:52 <Jeebeevee> Hallo Wereld, wereld, wereld
10:55:07 <Sciuro> Hoi Jeebeevee
10:55:38 <Jeebeevee> he japanner
10:55:54 <Sciuro> Hoi Nederlander!
10:56:04 <Jeebeevee> al terug?
10:56:13 <Sciuro> Nope
10:56:34 <Jeebeevee> wanneer was de planning?
10:57:01 <Sciuro> We vliegen de 13de terug
10:57:43 <Sciuro> TheOmega: zullen we afrekenen ?
10:57:56 <Jeebeevee> nog een paar dagen genieten dus
10:58:45 <Sciuro> Zekers!
10:59:04 <TheOmega> Sciuro: Laten we maar aftekenen, we eten wel ergens anders verder.
10:59:16 <Sciuro> Top!
10:59:30 <Jeebeevee> geen leuke tent?
10:59:40 <Sciuro> Jawel, genoeg bier
10:59:50 <Sciuro> Alleen maar voorgerechten
11:00:16 <Jeebeevee> wat, bier, nu al
11:00:21 <Jeebeevee> is net 1 uur
11:04:03 <Sciuro> Hier is het 20:00 uur :)
11:05:16 <Jeebeevee> klein verschil
11:45:42 -!- Wheeze_NL [~LPV@ScoutLink-d575816d.xs4all.nl] has joined #dutch
11:52:02 <Lotje> [Nu.nl] 'Omkoping in zaak Staatsliedenbuurt' - http://www.nu.nl/binnenland/4103942/omkoping-in-zaak-staatsliedenbuurt.html
11:52:03 <Lotje> [Nu.nl] 'Politie gaat actievoeren rond Prinsjesdag' - http://www.nu.nl/binnenland/4103935/politie-gaat-actievoeren-rond-prinsjesdag.html
12:06:01 <Lotje> [Speld.nl] Berlijnse Muur was zo lek als een mandje - http://speld.nl/2015/08/10/berlijnse-muur-was-zo-lek-als-een-mandje/
12:22:01 <Lotje> [NOSop3] In Rotterdam is de pilsvrije intro-week begonnen - http://feeds.nos.nl/~r/nosop3/~3/hZ5qI4rAZlQ/831784
13:02:09 -!- Jeebeevee|AFK [~Jeebeevee@ircop.scoutlink.net] has left #dutch
13:52:01 <Lotje> [NOSop3] Dit is wat overblijft van een gestroopte Sumatraanse tijger - http://feeds.nos.nl/~r/nosop3/~3/brheLp71C_M/831815
14:02:19 -!- firebird [~Thunderbird@ScoutLink-3aea9f7d.adsl.xs4all.nl] has joined #dutch
14:10:59 -!- Douwe [~Egberts@f67dcd.644608.4e1d67.f918d7] has joined #dutch
14:13:59 -!- firebird1 [~Thunderbird@ScoutLink-3aea9f7d.adsl.xs4all.nl] has joined #dutch
14:36:11 -!- caber [~pd0tik@ScoutLink-d575816d.xs4all.nl] has joined #dutch
15:09:36 -!- Scout_Cur [~Scout_cur@e4b087.f50a01.73c83e.232ce7] has joined #dutch
15:38:01 <Lotje> [Nu.nl] Zorgen Reddingsbrigade over groot aantal verdrinkingen - http://www.nu.nl/binnenland/4104088/zorgen-reddingsbrigade-groot-aantal-verdrinkingen.html
16:08:01 <Lotje> [Nu.nl] Vrouw overleden na schietpartij op parkeerplaats ziekenhuis Waalwijk - http://www.nu.nl/binnenland/4104096/vrouw-overleden-schietpartij-parkeerplaats-ziekenhuis-waalwijk.html
18:06:04 -!- Floep [~yaaic@3c9efd.c53bc1.1274cc.8c17da] has joined #dutch
18:06:09 <Floep> Oink :) 
18:22:01 <Lotje> [NOSop3] Astronauten eten zelfgekweekte ruimtesla - http://feeds.nos.nl/~r/nosop3/~3/Z7_Am-dLCF0/831904
20:22:01 <Lotje> [NOSop3] Ook ruimtewandeling vandaag bij ISS - http://feeds.nos.nl/~r/nosop3/~3/2aFOVS3vwPo/831934
