02:38:02 <Lotje> [Nu.nl] Japan start kerncentrale Fukushima weer op na ramp in 2011 - http://www.nu.nl/buitenland/4104273/japan-start-kerncentrale-fukushima-weer-ramp-in-2011.html
05:53:01 <Lotje> [Nu.nl] 'Griekenland bereikt akkoord met schuldeisers' - http://www.nu.nl/buitenland/4104298/griekenland-bereikt-akkoord-met-schuldeisers.html
05:53:02 <Lotje> [NOSop3] Japanse kerncentrale weer opgestart - http://feeds.nos.nl/~r/nosop3/~3/5ZuBPIA_mMo/831982
05:53:03 <Lotje> [NOSop3] Wekdienst: Nederlands meisje omgekomen, Japan en Imtech - http://feeds.nos.nl/~r/nosop3/~3/-bkob1dPDOM/831991
05:53:04 <Lotje> [NOSop3] Rivier ernstig vervuild door afvalwater - http://feeds.nos.nl/~r/nosop3/~3/TG6yCscHfFg/831983
06:23:01 <Lotje> [NOSop3] Zo ziet crossfitten eruit - http://feeds.nos.nl/~r/nosop3/~3/kgAQ35Z8ur0/831996
06:23:02 <Lotje> [NOSop3] Crossfit: hype of blijvertje? - http://feeds.nos.nl/~r/nosop3/~3/fCFVS6mQypE/832001
06:40:18 -!- Jeebeevee [~Jeebeevee@ircop.scoutlink.net] has joined #dutch
07:22:55 <Jeebeevee> Hallo
08:52:01 <Lotje> [Speld.nl] Doorgaan Zomergasten onzeker door politiestaking - http://speld.nl/2015/08/11/doorgaan-zomergasten-onzeker-door-politiestaking/
09:06:32 -!- Wheeze_NL [~LPV@c23a3b.05a6d5.05f11a.3056e8] has joined #dutch
09:35:40 -!- firebird [~Thunderbird@4ef1b0.5d536f.9cc53a.ba8d76] has joined #dutch
10:53:02 <Lotje> [Nu.nl] CPB positiever over groei Nederlandse economie - http://www.nu.nl/economie/4104479/cpb-positiever-groei-nederlandse-economie.html
11:38:02 <Lotje> [Nu.nl] Autoriteiten wisten niet van bungeejump Spaanse brug - http://www.nu.nl/buitenland/4104526/autoriteiten-wisten-niet-van-bungeejump-spaanse-brug.html
11:38:03 <Lotje> [Nu.nl] Mogelijke onderdelen Buk-raket bekeken in onderzoek MH17 - http://www.nu.nl/binnenland/4104527/mogelijke-onderdelen-buk-raket-bekeken-in-onderzoek-mh17.html
12:07:01 <Lotje> [Speld.nl] Ware ik van Nederlander in India vermist - http://speld.nl/2015/08/11/ware-ik-van-nederlander-in-india-vermist/
12:23:02 <Lotje> [NOSop3] Lopend appen maakt meer kapot dan je lief is - http://feeds.nos.nl/~r/nosop3/~3/b-xwjcqlhfw/832101
12:37:37 -!- Tigergirl_NL [~TigergirlNL@ScoutLink-cfb0ef0f.speed.planet.nl] has joined #dutch
12:38:18 <Tigergirl_NL> Hallootjes
13:28:24 -!- geejee [geejee@ircop.scoutlink.net] has joined #dutch
13:28:37 <geejee> hehoo
13:49:51 -!- Floep [~yaaic@3c9efd.c53bc1.1274cc.eec2df] has joined #dutch
13:49:56 <Floep> Oink:)
13:53:01 <Lotje> [NOSop3] Gevechten onder migranten Kos - http://feeds.nos.nl/~r/nosop3/~3/h6kj2udi9H8/832083
13:53:02 <Lotje> [NOSop3] Chaos op Kos: 'Ik ben hier nu een week en ik heb nog nooit zoiets meegemaakt' - http://feeds.nos.nl/~r/nosop3/~3/1ysbh9sYpoQ/832154
13:54:15 <geejee> hoi lief
14:44:29 <Jeebeevee> zo zeg, let ik even nie top wordt het nog druk
14:53:01 <Lotje> [NOSop3] Imtech, Imtech, Imtech: wat doet dat bedrijf? - http://feeds.nos.nl/~r/nosop3/~3/JJoyADkpjgk/832183
15:53:02 <Lotje> [NOSop3] Scheidsrechter legt beslissingen uit op Facebook - http://feeds.nos.nl/~r/nosop3/~3/1maRMoXRmWQ/832216
15:53:02 <Lotje> [NOSop3] Wat betekenen de vlaggen bij de Reddingsbrigade? - http://feeds.nos.nl/~r/nosop3/~3/HFPAZasXF7I/832217
15:53:03 <Lotje> [NOSop3] Een dagje naar het strand: wat betekenen toch al die vlaggen? - http://feeds.nos.nl/~r/nosop3/~3/CCVIcVCAXN0/832219
16:49:03 -!- AnniekRhenova [~AnniekRhen@ScoutLink-84ed58c8.dynamic.ziggo.nl] has joined #dutch
16:49:09 <AnniekRhenova> hey
16:49:15 -!- firebird [~Thunderbird@4ef1b0.5d536f.9cc53a.ba8d76] has joined #dutch
17:59:19 -!- firebird [~Thunderbird@ScoutLink-3aea9f7d.adsl.xs4all.nl] has joined #dutch
18:21:21 -!- firebird [~Thunderbird@ScoutLink-3aea9f7d.adsl.xs4all.nl] has joined #dutch
20:46:16 -!- firebird [~Thunderbird@ScoutLink-3aea9f7d.adsl.xs4all.nl] has joined #dutch
