14:10:58 :balsa.scoutlink.net 001 Douwe :Welcome to the ScoutLink IRC Network Douwe!~Egberts@149.210.183.29
14:10:58 :balsa.scoutlink.net 002 Douwe :Your host is balsa.scoutlink.net, running version InspIRCd-2.0
14:10:58 :balsa.scoutlink.net 003 Douwe :This server was created 11:08:56 Aug 26 2014
14:10:58 :balsa.scoutlink.net 004 Douwe balsa.scoutlink.net InspIRCd-2.0 BHIRSWchikorswx ABCDFHIJKLMNOPQRSTVYabcefhijklmnopqrstuvz FHIJLVYabefhjkloqv
14:10:58 :balsa.scoutlink.net 005 Douwe AWAYLEN=200 CASEMAPPING=rfc1459 CHANMODES=Ibe,k,FHJLfjl,ABCDKMNOPQRSTcimnprstuz CHANNELLEN=64 CHANTYPES=# CHARSET=ascii ELIST=MU EXCEPTS=e EXTBAN=,ABCNOQRSTUcmrsz FNC INVEX=I KICKLEN=255 MAP :are supported by this server
14:10:58 :balsa.scoutlink.net 005 Douwe MAXBANS=60 MAXCHANNELS=20 MAXPARA=32 MAXTARGETS=20 MODES=20 NAMESX NETWORK=ScoutLink NICKLEN=31 OPERLOG OVERRIDE PREFIX=(YqaohvV)!~&@%+- REMOVE SSL=206.217.223.158:6697 :are supported by this server
14:10:58 :balsa.scoutlink.net 005 Douwe STARTTLS STATUSMSG=!~&@%+- TOPICLEN=307 USERIP VBANLIST WALLCHOPS WALLVOICES WATCH=32 :are supported by this server
14:10:58 :balsa.scoutlink.net 042 Douwe 541AAB20A :your unique ID
14:10:58 :balsa.scoutlink.net 375 Douwe :balsa.scoutlink.net message of the day
14:10:58 :balsa.scoutlink.net 372 Douwe :- 
14:10:58 :balsa.scoutlink.net 372 Douwe :-      .$$$$ $$$$$ $$$$$$ $$  $$ $$$$$$ $$    $$ $$$   $$ $$  $$
14:10:58 :balsa.scoutlink.net 372 Douwe :-      $$$   $$    $$  $$ $$  $$   $$   $$    $$ $$$$  $$ $$ $$ 
14:10:58 :balsa.scoutlink.net 372 Douwe :-      `$$$. $$    $$  $$ $$  $$   $$   $$    $$ $$ $$ $$ $$$$
14:10:58 :balsa.scoutlink.net 372 Douwe :-        `$$ $$    $$  $$ $$  $$   $$   $$    $$ $$  $$$$ $$ $$
14:10:58 :balsa.scoutlink.net 372 Douwe :-      $$$$$ $$$$$ $$$$$$ $$$$$$   $$   $$$$$ $$ $$   $$$ $$  $$
14:10:58 :balsa.scoutlink.net 372 Douwe :- 
14:10:58 :balsa.scoutlink.net 372 Douwe :- -+-+-+-+-+-+-+-+-+-+-+-+-+-+-+-+-+-+-+-+-+-+-+-+-+-+-+-+-+-+-+-+-+-+
14:10:58 :balsa.scoutlink.net 372 Douwe :- 
14:10:58 :balsa.scoutlink.net 372 Douwe :-                Welcome to the ScoutLink IRC Network.
14:10:58 :balsa.scoutlink.net 372 Douwe :-                This is an official ScoutLink Server
14:10:58 :balsa.scoutlink.net 372 Douwe :- 
14:10:58 :balsa.scoutlink.net 372 Douwe :- -+-+-+-+-+-+-+-+-+-+-+-+-+-+-+-+-+-+-+-+-+-+-+-+-+-+-+-+-+-+-+-+-+-+
14:10:58 :balsa.scoutlink.net 372 Douwe :- 
14:10:58 :balsa.scoutlink.net 372 Douwe :-                 Network Policies - Strongly Enforced
14:10:58 :balsa.scoutlink.net 372 Douwe :- 
14:10:58 :balsa.scoutlink.net 372 Douwe :- * Please conduct yourself in a Scout/Guide-Like manner.
14:10:58 :balsa.scoutlink.net 372 Douwe :- * No abusive behaviour - including, but not limited to: flooding & cloning
14:10:58 :balsa.scoutlink.net 372 Douwe :- * Bots of any type are PROHIBITED on this network and will be killed by an
14:10:58 :balsa.scoutlink.net 372 Douwe :-   irc operator without notice.
14:10:58 :balsa.scoutlink.net 372 Douwe :- * All connected clients must respond to /ctcp requests so that an IRC Operator
14:10:58 :balsa.scoutlink.net 372 Douwe :-   may enforce the "NO BOT" policy stated above. Please ignore the bot checks
14:10:58 :balsa.scoutlink.net 372 Douwe :-   if you are not a bot.
14:10:58 :balsa.scoutlink.net 372 Douwe :- * Do not be excessively idle on the server.
14:10:58 :balsa.scoutlink.net 372 Douwe :- * No scripts for hacking or war.
14:10:58 :balsa.scoutlink.net 372 Douwe :- * Fserves are not permitted here.
14:10:58 :balsa.scoutlink.net 372 Douwe :- * You are solely responsible for the actions of your client.
14:10:58 :balsa.scoutlink.net 372 Douwe :- 
14:10:58 :balsa.scoutlink.net 372 Douwe :- -+-+-+-+-+-+-+-+-+-+-+-+-+-+-+-+-+-+-+-+-+-+-+-+-+-+-+-+-+-+-+-+-+-+
14:10:58 :balsa.scoutlink.net 372 Douwe :- 
14:10:58 :balsa.scoutlink.net 372 Douwe :- * For assistance:
14:10:58 :balsa.scoutlink.net 372 Douwe :- 
14:10:58 :balsa.scoutlink.net 372 Douwe :-   If you prefer assistance via email, or have questions or concearns,
14:10:58 :balsa.scoutlink.net 372 Douwe :-   feel free to email hatt@scoutlink.net
14:10:58 :balsa.scoutlink.net 372 Douwe :- 
14:10:58 :balsa.scoutlink.net 372 Douwe :-   If you prefer assistance in IRC please join the channel
14:10:58 :balsa.scoutlink.net 372 Douwe :-   #help by typing /join #help
14:10:58 :balsa.scoutlink.net 372 Douwe :- 
14:10:58 :balsa.scoutlink.net 372 Douwe :- ScoutLink is not responsible for traffic passed through its servers.
14:10:58 :balsa.scoutlink.net 372 Douwe :- Parents - Please supervise your child's IRC usage.
14:10:58 :balsa.scoutlink.net 372 Douwe :- 
14:10:58 :balsa.scoutlink.net 372 Douwe :- ABUSE concerning this network should be reported to:
14:10:58 :balsa.scoutlink.net 372 Douwe :- techteam@scoutlink.net. If reporting abusive clients,
14:10:58 :balsa.scoutlink.net 372 Douwe :- please include your name, IRC name, a timestamped log
14:10:58 :balsa.scoutlink.net 372 Douwe :- of the event(s) and output of the client(s) /whois.
14:10:58 :balsa.scoutlink.net 372 Douwe :- 
14:10:58 :balsa.scoutlink.net 372 Douwe :- QUESTIONS OR COMMENTS about ScoutLink should be sent to:
14:10:58 :balsa.scoutlink.net 372 Douwe :- council@scoutlink.net. Please do not send email requesting
14:10:58 :balsa.scoutlink.net 372 Douwe :- o:lines. We are NOT looking for IRC Operators, these types of
14:10:58 :balsa.scoutlink.net 372 Douwe :- requests will not receive any answer, affirmative or negative.
14:10:58 :balsa.scoutlink.net 372 Douwe :- 
14:10:58 :balsa.scoutlink.net 372 Douwe :- INFORMATION about our policies or other services may be found
14:10:58 :balsa.scoutlink.net 372 Douwe :- by visiting our web site at http://www.scoutlink.net.
14:10:58 :balsa.scoutlink.net 372 Douwe :- 
14:10:58 :balsa.scoutlink.net 372 Douwe :- -+-+-+-+-+-+-+-+-+-+-+-+-+-+-+-+-+-+-+-+-+-+-+-+-+-+-+-+-+-+-+-+-+-+
14:10:58 :balsa.scoutlink.net 372 Douwe :- 
14:10:58 :balsa.scoutlink.net 376 Douwe :End of message of the day.
14:10:58 :balsa.scoutlink.net 251 Douwe :There are 35 users and 47 invisible on 13 servers
14:10:58 :balsa.scoutlink.net 252 Douwe 33 :operator(s) online
14:10:58 :balsa.scoutlink.net 254 Douwe 82 :channels formed
14:10:58 :balsa.scoutlink.net 255 Douwe :I have 9 clients and 1 servers
14:10:58 :balsa.scoutlink.net 265 Douwe :Current Local Users: 9  Max: 20
14:10:58 :balsa.scoutlink.net 266 Douwe :Current Global Users: 82  Max: 118
14:10:58 :balsa.scoutlink.net 396 Douwe f67dcd.644608.4e1d67.f918d7 :is now your displayed host
14:10:58 :balsa.scoutlink.net 900 Douwe Douwe!~Egberts@f67dcd.644608.4e1d67.f918d7 Douwe :You are now logged in as Douwe
14:10:59 :balsa.scoutlink.net 332 Douwe #dutch : Welkom in #dutch, hét Nederlandse kanaal van ScoutLink. | Meld je nu aan als Dutchop---->>> https://sol.scouting.nl/hrm/vacancy/1523 
14:10:59 :balsa.scoutlink.net 333 Douwe #dutch geejee 1436684124
14:10:59 :balsa.scoutlink.net 353 Douwe = #dutch :patate @ChanServ !Lotje Roelke TheOmega dodgems Voske_ firebird Douwe gbot48 Iljan|AFK Wheeze_NL Sciuro caber 
14:10:59 :balsa.scoutlink.net 366 Douwe #dutch :End of /NAMES list.
