16:17:03 :fir.scoutlink.net 001 Douwe :Welcome to the ScoutLink IRC Network Douwe!~Egberts@de.koffiejongen.org
16:17:03 :fir.scoutlink.net 002 Douwe :Your host is fir.scoutlink.net, running version InspIRCd-2.0
16:17:03 :fir.scoutlink.net 003 Douwe :This server was created 12:04:28 Aug 26 2014
16:17:03 :fir.scoutlink.net 004 Douwe fir.scoutlink.net InspIRCd-2.0 BHIRSWchikorswx ABCDFHIJKLMNOPQRSTVYabcefhijklmnopqrstuvz FHIJLVYabefhjkloqv
16:17:03 :fir.scoutlink.net 005 Douwe AWAYLEN=200 CASEMAPPING=rfc1459 CHANMODES=Ibe,k,FHJLfjl,ABCDKMNOPQRSTcimnprstuz CHANNELLEN=64 CHANTYPES=# CHARSET=ascii ELIST=MU EXCEPTS=e EXTBAN=,ABCNOQRSTUcmrsz FNC INVEX=I KICKLEN=255 MAP :are supported by this server
16:17:03 :fir.scoutlink.net 005 Douwe MAXBANS=60 MAXCHANNELS=20 MAXPARA=32 MAXTARGETS=20 MODES=20 NAMESX NETWORK=ScoutLink NICKLEN=31 OPERLOG OVERRIDE PREFIX=(YqaohvV)!~&@%+- REMOVE SSL=157.161.57.2:6697 :are supported by this server
16:17:03 :fir.scoutlink.net 005 Douwe STARTTLS STATUSMSG=!~&@%+- TOPICLEN=307 USERIP VBANLIST WALLCHOPS WALLVOICES WATCH=32 :are supported by this server
16:17:03 :fir.scoutlink.net 042 Douwe 657AAAMD7 :your unique ID
16:17:03 :fir.scoutlink.net 375 Douwe :fir.scoutlink.net message of the day
16:17:03 :fir.scoutlink.net 372 Douwe :- 
16:17:03 :fir.scoutlink.net 372 Douwe :-      .$$$$ $$$$$ $$$$$$ $$  $$ $$$$$$ $$    $$ $$$   $$ $$  $$
16:17:03 :fir.scoutlink.net 372 Douwe :-      $$$   $$    $$  $$ $$  $$   $$   $$    $$ $$$$  $$ $$ $$ 
16:17:03 :fir.scoutlink.net 372 Douwe :-      `$$$. $$    $$  $$ $$  $$   $$   $$    $$ $$ $$ $$ $$$$
16:17:03 :fir.scoutlink.net 372 Douwe :-        `$$ $$    $$  $$ $$  $$   $$   $$    $$ $$  $$$$ $$ $$
16:17:03 :fir.scoutlink.net 372 Douwe :-      $$$$$ $$$$$ $$$$$$ $$$$$$   $$   $$$$$ $$ $$   $$$ $$  $$
16:17:03 :fir.scoutlink.net 372 Douwe :- 
16:17:03 :fir.scoutlink.net 372 Douwe :- -+-+-+-+-+-+-+-+-+-+-+-+-+-+-+-+-+-+-+-+-+-+-+-+-+-+-+-+-+-+-+-+-+-+
16:17:03 :fir.scoutlink.net 372 Douwe :- 
16:17:03 :fir.scoutlink.net 372 Douwe :-                Welcome to the ScoutLink IRC Network.
16:17:03 :fir.scoutlink.net 372 Douwe :-                This is an official ScoutLink Server
16:17:03 :fir.scoutlink.net 372 Douwe :- 
16:17:03 :fir.scoutlink.net 372 Douwe :- -+-+-+-+-+-+-+-+-+-+-+-+-+-+-+-+-+-+-+-+-+-+-+-+-+-+-+-+-+-+-+-+-+-+
16:17:03 :fir.scoutlink.net 372 Douwe :- 
16:17:03 :fir.scoutlink.net 372 Douwe :-                 Network Policies - Strongly Enforced
16:17:03 :fir.scoutlink.net 372 Douwe :- 
16:17:03 :fir.scoutlink.net 372 Douwe :- * Please conduct yourself in a Scout/Guide-Like manner.
16:17:03 :fir.scoutlink.net 372 Douwe :- * No abusive behaviour - including, but not limited to: flooding & cloning
16:17:03 :fir.scoutlink.net 372 Douwe :- * Bots of any type are PROHIBITED on this network and will be killed by an
16:17:03 :fir.scoutlink.net 372 Douwe :-   irc operator without notice.
16:17:03 :fir.scoutlink.net 372 Douwe :- * All connected clients must respond to /ctcp requests so that an IRC Operator
16:17:03 :fir.scoutlink.net 372 Douwe :-   may enforce the "NO BOT" policy stated above. Please ignore the bot checks
16:17:03 :fir.scoutlink.net 372 Douwe :-   if you are not a bot.
16:17:03 :fir.scoutlink.net 372 Douwe :- * Do not be excessively idle on the server.
16:17:03 :fir.scoutlink.net 372 Douwe :- * No scripts for hacking or war.
16:17:03 :fir.scoutlink.net 372 Douwe :- * Fserves are not permitted here.
16:17:03 :fir.scoutlink.net 372 Douwe :- * You are solely responsible for the actions of your client.
16:17:03 :fir.scoutlink.net 372 Douwe :- 
16:17:03 :fir.scoutlink.net 372 Douwe :- -+-+-+-+-+-+-+-+-+-+-+-+-+-+-+-+-+-+-+-+-+-+-+-+-+-+-+-+-+-+-+-+-+-+
16:17:03 :fir.scoutlink.net 372 Douwe :- 
16:17:03 :fir.scoutlink.net 372 Douwe :- * For assistance:
16:17:03 :fir.scoutlink.net 372 Douwe :- 
16:17:03 :fir.scoutlink.net 372 Douwe :-   If you prefer assistance via email, or have questions or concearns,
16:17:03 :fir.scoutlink.net 372 Douwe :-   feel free to email hatt@scoutlink.net
16:17:03 :fir.scoutlink.net 372 Douwe :- 
16:17:03 :fir.scoutlink.net 372 Douwe :-   If you prefer assistance in IRC please join the channel
16:17:03 :fir.scoutlink.net 372 Douwe :-   #help by typing /join #help
16:17:03 :fir.scoutlink.net 372 Douwe :- 
16:17:03 :fir.scoutlink.net 372 Douwe :- ScoutLink is not responsible for traffic passed through its servers.
16:17:03 :fir.scoutlink.net 372 Douwe :- Parents - Please supervise your child's IRC usage.
16:17:03 :fir.scoutlink.net 372 Douwe :- 
16:17:03 :fir.scoutlink.net 372 Douwe :- ABUSE concerning this network should be reported to:
16:17:03 :fir.scoutlink.net 372 Douwe :- techteam@scoutlink.net. If reporting abusive clients,
16:17:03 :fir.scoutlink.net 372 Douwe :- please include your name, IRC name, a timestamped log
16:17:03 :fir.scoutlink.net 372 Douwe :- of the event(s) and output of the client(s) /whois.
16:17:03 :fir.scoutlink.net 372 Douwe :- 
16:17:03 :fir.scoutlink.net 372 Douwe :- QUESTIONS OR COMMENTS about ScoutLink should be sent to:
16:17:03 :fir.scoutlink.net 372 Douwe :- council@scoutlink.net. Please do not send email requesting
16:17:03 :fir.scoutlink.net 372 Douwe :- o:lines. We are NOT looking for IRC Operators, these types of
16:17:03 :fir.scoutlink.net 372 Douwe :- requests will not receive any answer, affirmative or negative.
16:17:03 :fir.scoutlink.net 372 Douwe :- 
16:17:03 :fir.scoutlink.net 372 Douwe :- INFORMATION about our policies or other services may be found
16:17:03 :fir.scoutlink.net 372 Douwe :- by visiting our web site at http://www.scoutlink.net.
16:17:03 :fir.scoutlink.net 372 Douwe :- 
16:17:03 :fir.scoutlink.net 372 Douwe :- -+-+-+-+-+-+-+-+-+-+-+-+-+-+-+-+-+-+-+-+-+-+-+-+-+-+-+-+-+-+-+-+-+-+
16:17:03 :fir.scoutlink.net 372 Douwe :- 
16:17:03 :fir.scoutlink.net 376 Douwe :End of message of the day.
16:17:03 :fir.scoutlink.net 251 Douwe :There are 33 users and 48 invisible on 12 servers
16:17:03 :fir.scoutlink.net 252 Douwe 30 :operator(s) online
16:17:03 :fir.scoutlink.net 254 Douwe 82 :channels formed
16:17:03 :fir.scoutlink.net 255 Douwe :I have 6 clients and 1 servers
16:17:03 :fir.scoutlink.net 265 Douwe :Current Local Users: 6  Max: 19
16:17:03 :fir.scoutlink.net 266 Douwe :Current Global Users: 81  Max: 105
16:17:03 :fir.scoutlink.net 396 Douwe ScoutLink-e40a8ee3.koffiejongen.org :is now your displayed host
16:17:03 :fir.scoutlink.net 900 Douwe Douwe!~Egberts@ScoutLink-e40a8ee3.koffiejongen.org Douwe :You are now logged in as Douwe
16:17:04 :fir.scoutlink.net 332 Douwe #dutch : Welkom in #dutch, hét Nederlandse kanaal van ScoutLink. | Meld je nu aan als Dutchop---->>> https://sol.scouting.nl/hrm/vacancy/1523 
16:17:04 :fir.scoutlink.net 333 Douwe #dutch geejee 1436684124
16:17:04 :fir.scoutlink.net 353 Douwe = #dutch :Voske_ @ChanServ !Lotje dodgems Sciuro geejee Cybermage Guest95518 Douwe patate Roelke 
16:17:04 :fir.scoutlink.net 366 Douwe #dutch :End of /NAMES list.
