13:47:27 <Jeebeevee> .join #test
14:08:44 <Jeebeevee> test
14:08:54 <Jeebeevee> .part #test
14:13:21 <Jeebeevee> .part #test
14:15:07 <Jeebeevee> .part test
14:28:26 <Jeebeevee> .part #test
14:30:42 <Jeebeevee> test
14:30:49 <Jeebeevee> .part #test
14:45:58 <Jeebeevee> .part #test
14:46:21 <Jeebeevee> test
14:46:26 <Jeebeevee> .part #test
19:29:29 <Jeebeevee> .join #test
19:32:22 <Jeebeevee> test
19:33:30 <Jeebeevee> test
19:34:08 <Jeebeevee> test
19:34:33 <Jeebeevee> test
19:40:47 <Jeebeevee> .ping
19:47:06 <Jeebeevee> .ping
19:48:54 <Jeebeevee> .ping
19:49:52 <Jeebeevee> .ping
