00:49:57 :Guest20586!~patate@user.scoutlink.net NICK patate
00:50:54 :patate!~patate@user.scoutlink.net NICK folcoche
00:51:05 :folcoche!~patate@user.scoutlink.net NICK patate
06:22:18 :geejee|AFK!~ScoutLink@ircop.scoutlink.net NICK geejee
07:45:18 :Jeebeevee|AFK!~Jeebeevee@ircop.scoutlink.net NICK Jeebeevee
08:20:53 :floepainwonderland!~info@ScoutLink-74b38b2e.adsl-surfen.hetnet.nl NICK floepa
09:44:22 :Whoopsie!~Whoopsie@ScoutLink-213f39f8.ip.telfort.nl NICK Whoopsie_INGAME
12:12:00 :Jeebeevee!~Jeebeevee@ircop.scoutlink.net NICK Jeebeevee_NL
12:12:09 :Jeebeevee_NL!~Jeebeevee@ircop.scoutlink.net NICK Jeebeevee
12:13:18 :Whoopsie_INGAME!~Whoopsie@ScoutLink-213f39f8.ip.telfort.nl NICK Whoopsie
12:16:03 :firebird!~Thunderbird@ScoutLink-3aea9f7d.adsl.xs4all.nl NICK Guest96670
12:21:00 :Jeebeevee!~Jeebeevee@ircop.scoutlink.net NICK Jeebeevee_NL
12:21:03 :Jeebeevee_NL!~Jeebeevee@ircop.scoutlink.net NICK Jeebeevee
12:43:37 :Jeebeevee!~Jeebeevee@ircop.scoutlink.net NICK Jeebeevee_NL
12:44:13 :Jeebeevee_NL!~Jeebeevee@ircop.scoutlink.net NICK Jeebeevee
12:52:58 :Whoopsie!~Whoopsie@ScoutLink-213f39f8.ip.telfort.nl NICK Jeebeevee2
12:55:43 :Jeebeevee2!~Whoopsie@ScoutLink-213f39f8.ip.telfort.nl NICK Whoopsie
13:01:08 :Jeebeevee!~Jeebeevee@ircop.scoutlink.net NICK Jeebeevee_Douwe
13:01:11 :Jeebeevee_Douwe!~Jeebeevee@ircop.scoutlink.net NICK Jeebeevee
13:05:54 :Jeebeevee!~Jeebeevee@ircop.scoutlink.net NICK Jeebeevee_Douwe
13:06:08 :Jeebeevee_Douwe!~Jeebeevee@ircop.scoutlink.net NICK Jeebeevee
13:06:54 :Jeebeevee!~Jeebeevee@ircop.scoutlink.net NICK Jeebeevee_Douwe
13:07:53 :Jeebeevee_Douwe!~Jeebeevee@ircop.scoutlink.net NICK Jeebeevee
13:37:59 :firebird!~Thunderbird@4ef1b0.5d536f.9cc53a.ba8d76 NICK Guest69724
14:56:37 :Jeebeevee!~Jeebeevee@ircop.scoutlink.net NICK Jeebeevee|AFK
15:08:48 :Whoopsie!~Whoopsie@ScoutLink-213f39f8.ip.telfort.nl NICK Whoopsie_INGAME
15:20:39 :geejee!~ScoutLink@ircop.scoutlink.net NICK geejee|AFK
19:20:45 :Iljan|AFK!~iljan@ircop.scoutlink.net NICK Iljan
19:22:15 :Iljan!~iljan@ircop.scoutlink.net NICK Guest14214
19:24:18 :Guest14214!~iljan@ircop.scoutlink.net NICK Iljan
19:57:33 :Iljan!~iljan@ircop.scoutlink.net NICK Iljan|AFK
