04:08:45 -!- Jeebeevee|AFK has quit [*.net *.split]
04:08:45 -!- Roelke has quit [*.net *.split]
04:08:45 -!- Sciuro has quit [*.net *.split]
04:08:45 -!- Cybermage has quit [*.net *.split]
04:08:45 -!- Lotje has quit [*.net *.split]
04:08:45 -!- ChanServ has quit [*.net *.split]
04:08:45 -!- geejee_CZ has quit [*.net *.split]
04:08:45 -!- dodgems has quit [*.net *.split]
04:08:45 -!- Voske has quit [*.net *.split]
04:08:45 -!- Iljan|AFK has quit [*.net *.split]
04:15:25 -!- Jeebeevee|AFK has quit [*.net *.split]
04:15:25 -!- Roelke has quit [*.net *.split]
04:15:25 -!- Sciuro has quit [*.net *.split]
04:15:25 -!- Cybermage has quit [*.net *.split]
04:15:25 -!- Lotje has quit [*.net *.split]
04:15:25 -!- ChanServ has quit [*.net *.split]
04:15:25 -!- geejee_CZ has quit [*.net *.split]
04:15:25 -!- dodgems has quit [*.net *.split]
04:15:25 -!- Voske has quit [*.net *.split]
04:15:25 -!- Iljan|AFK has quit [*.net *.split]
04:20:23 -!- patate has quit [Connection closed]
04:27:20 -!- Jeebeevee|AFK has quit [*.net *.split]
04:27:20 -!- Roelke has quit [*.net *.split]
04:27:20 -!- Sciuro has quit [*.net *.split]
04:27:20 -!- Cybermage has quit [*.net *.split]
04:27:20 -!- Lotje has quit [*.net *.split]
04:27:20 -!- patate_ has quit [*.net *.split]
04:27:20 -!- ChanServ has quit [*.net *.split]
04:27:20 -!- geejee_CZ has quit [*.net *.split]
04:27:20 -!- dodgems has quit [*.net *.split]
04:27:20 -!- Voske has quit [*.net *.split]
04:27:20 -!- Iljan|AFK has quit [*.net *.split]
04:51:37 -!- TheOmega has quit [*.net *.split]
04:51:37 -!- Whoopsie has quit [*.net *.split]
05:04:50 -!- TheOmega has quit [*.net *.split]
05:04:50 -!- Whoopsie has quit [*.net *.split]
05:08:00 -!- dodgems has quit [*.net *.split]
05:08:00 -!- Voske has quit [*.net *.split]
15:40:14 -!- Whoopsie has quit [Connection closed]
16:52:30 -!- geejee_CZ has quit [*.net *.split]
17:02:25 -!- arjo has quit [Ping timeout: 241 seconds]
18:36:00 -!- Roelke has quit [Killed (scarecrow (Idle in excess of 72 hours - removed from server. Please see http://www.scoutlink.net/rules))]
18:42:27 -!- Whoopsie has quit [Connection closed]
19:24:28 -!- arjo has quit [Ping timeout: 241 seconds]
19:58:24 -!- Whoopsie has quit [Quit: Leaving]
23:26:31 -!- Floep has quit [Ping timeout: 241 seconds]
