09:05:40 -!- firebird has quit [Client exited]
10:47:17 -!- AredVaho has quit [Ping timeout: 241 seconds]
12:05:49 -!- Proton1 has quit [Killed (scarecrow (Idle in excess of 72 hours - removed from server. Please see http://www.scoutlink.net/rules))]
12:19:43 -!- AredVaho has quit [Ping timeout: 241 seconds]
12:50:05 -!- Guest89463 has quit [Ping timeout: 241 seconds]
13:34:19 -!- firebird has quit [Client exited]
15:28:24 -!- Grunn has quit [Ping timeout: 241 seconds]
16:26:55 -!- Whoopsie has quit [Connection closed]
17:01:10 -!- Grunn has quit [Ping timeout: 241 seconds]
17:19:47 -!- Whoopsie has quit [Connection closed]
19:21:27 -!- Whoopsie has quit [Ping timeout: 241 seconds]
19:22:51 -!- Guest45671 has quit [Ping timeout: 241 seconds]
19:35:50 -!- Wheeze_NL has quit [Killed (scarecrow (Idle in excess of 72 hours - removed from server. Please see http://www.scoutlink.net/rules))]
20:00:11 -!- Cybermage has quit [Quit: ]
20:21:13 -!- Whoopsie has quit [Ping timeout: 241 seconds]
20:59:48 -!- Whoopsie has quit [Ping timeout: 241 seconds]
21:34:12 -!- Grunn has quit [Ping timeout: 241 seconds]
22:41:00 -!- Whoopsie has quit [Connection closed]
22:43:22 -!- grun has quit [Ping timeout: 241 seconds]
22:56:10 -!- firebird has quit [Client exited]
