06:37:12 -!- Proton has quit [Ping timeout: 241 seconds]
06:40:00 -!- Sciuro has quit [Ping timeout: 241 seconds]
07:40:28 -!- Roelke has quit [Quit: No Ping reply in 180 seconds.]
07:44:56 -!- Roelke has quit [Quit: No Ping reply in 180 seconds.]
07:49:28 -!- Roelke has quit [Quit: No Ping reply in 180 seconds.]
07:58:41 -!- Roelke has quit [Quit: No Ping reply in 180 seconds.]
08:09:23 -!- Roelke has quit [Quit: No Ping reply in 180 seconds.]
08:14:00 -!- Roelke has quit [Quit: No Ping reply in 180 seconds.]
08:31:43 -!- Roelke has quit [Quit: No Ping reply in 180 seconds.]
08:37:02 -!- Roelke has quit [Quit: No Ping reply in 180 seconds.]
08:45:44 -!- Roelke has quit [Quit: No Ping reply in 180 seconds.]
08:50:39 -!- Roelke has quit [Quit: No Ping reply in 180 seconds.]
09:13:29 -!- Roelke has quit [Quit: No Ping reply in 180 seconds.]
11:09:34 -!- geejee has quit [Ping timeout: 241 seconds]
12:07:21 -!- Baloe has quit [Quit: IM AN ASSMAN]
12:09:44 -!- floepa has quit [Ping timeout: 241 seconds]
14:38:55 -!- Roelke_ has quit [*.net *.split]
14:38:55 -!- Whoopsie|BBQ has quit [*.net *.split]
14:38:55 -!- Voske_ has quit [*.net *.split]
15:28:27 -!- geejee has quit [Quit: ]
15:54:33 -!- Whoopsie has quit [Ping timeout: 241 seconds]
