10:45:20 -!- Timmy has quit [Ping timeout: 241 seconds]
11:08:50 -!- mib_ch4seh has quit [Quit: http://www.mibbit.com ajax IRC Client]
12:30:50 -!- Jeebeevee|AFK has quit [*.net *.split]
12:30:50 -!- Cybermage has quit [*.net *.split]
12:30:50 -!- Sciuro has quit [*.net *.split]
12:30:50 -!- TheOmega has quit [*.net *.split]
12:30:50 -!- arjo has quit [*.net *.split]
12:30:50 -!- patate has quit [*.net *.split]
12:30:50 -!- Lotje has quit [*.net *.split]
12:30:50 -!- ChanServ has quit [*.net *.split]
12:30:50 -!- dodgems has quit [*.net *.split]
12:30:50 -!- Roelke has quit [*.net *.split]
12:30:50 -!- Voske has quit [*.net *.split]
14:00:27 -!- ninnaG_ has quit [Connection closed]
14:19:21 -!- viani has quit [Connection closed]
14:23:42 -!- ninnaG_ has quit [Connection closed]
14:34:33 -!- ninnaG_ has quit [Connection closed]
15:18:26 -!- arjo has quit [Connection closed]
16:22:36 -!- Floep has quit [Quit: Yaaic - Yet another Android IRC client - http://www.yaaic.org]
18:10:27 -!- Timmy has quit [Quit: Brb]
19:04:13 -!- Whoopsie has quit [Ping timeout: 241 seconds]
19:18:07 -!- Timmy has quit [Quit: KVIrc 4.2.0 Equilibrium http://www.kvirc.net/]
19:46:38 -!- Cybermage has quit [Connection closed]
